<?xml version="1.0" encoding="UTF-8"?>
<robot generator="Robot 6.1.1 (Python 3.13.0 on win32)" generated="20260219 14:50:42.578" rpa="false" schemaversion="4">
<suite id="s1" name="Tests" source="C:\Users\abhir\PycharmProjects\Wipro_2026\robot_framework_capstone_oldoriginal\tests">
<suite id="s1-s1" name="Tc01 Register Login" source="C:\Users\abhir\PycharmProjects\Wipro_2026\robot_framework_capstone_oldoriginal\tests\tc01_register_login.robot">
<kw name="Open Site" library="common" type="SETUP">
<kw name="Open Browser" library="SeleniumLibrary">
<arg>${BASE_URL}</arg>
<arg>${BROWSER}</arg>
<doc>Opens a new browser instance to the optional ``url``.</doc>
<msg timestamp="20260219 14:50:43.200" level="INFO">Opening browser 'chrome' to base url 'https://ecommerce-playground.lambdatest.io/index.php'.</msg>
<status status="PASS" starttime="20260219 14:50:43.199" endtime="20260219 14:50:49.849"/>
</kw>
<kw name="Maximize Browser Window" library="SeleniumLibrary">
<doc>Maximizes current browser window.</doc>
<status status="PASS" starttime="20260219 14:50:49.849" endtime="20260219 14:50:50.026"/>
</kw>
<kw name="Set Selenium Timeout" library="SeleniumLibrary">
<arg>10s</arg>
<doc>Sets the timeout that is used by various keywords.</doc>
<status status="PASS" starttime="20260219 14:50:50.026" endtime="20260219 14:50:50.029"/>
</kw>
<status status="PASS" starttime="20260219 14:50:43.199" endtime="20260219 14:50:50.029"/>
</kw>
<test id="s1-s1-t1" name="Register User With CSV for user Abhi Ram" line="18">
<kw name="Registration">
<arg>Abhi</arg>
<arg>Ram</arg>
<arg>9876543210</arg>
<arg>Test@123</arg>
<kw name="Register New User" library="register_keywords">
<kw name="Go To" library="SeleniumLibrary">
<arg>${BASE_URL}</arg>
<doc>Navigates the current browser window to the provided ``url``.</doc>
<msg timestamp="20260219 14:50:50.036" level="INFO">Opening url 'https://ecommerce-playground.lambdatest.io/index.php'</msg>
<status status="PASS" starttime="20260219 14:50:50.035" endtime="20260219 14:50:50.814"/>
</kw>
<kw name="Title Should Be" library="SeleniumLibrary">
<arg>Your Store</arg>
<doc>Verifies that the current page title equals ``title``.</doc>
<msg timestamp="20260219 14:50:50.891" level="INFO">Page title is 'Your Store'.</msg>
<status status="PASS" starttime="20260219 14:50:50.815" endtime="20260219 14:50:50.891"/>
</kw>
<kw name="Page Should Contain" library="SeleniumLibrary">
<arg>My account</arg>
<doc>Verifies that current page contains ``text``.</doc>
<msg timestamp="20260219 14:50:50.958" level="INFO">Current page contains text 'My account'.</msg>
<status status="PASS" starttime="20260219 14:50:50.892" endtime="20260219 14:50:50.958"/>
</kw>
<kw name="Wait Until Element Is Visible" library="SeleniumLibrary">
<arg>${MY_ACCOUNT_MENU}</arg>
<doc>Waits until the element ``locator`` is visible.</doc>
<status status="PASS" starttime="20260219 14:50:50.958" endtime="20260219 14:50:51.033"/>
</kw>
<kw name="Click Element" library="SeleniumLibrary">
<arg>${MY_ACCOUNT_MENU}</arg>
<doc>Click the element identified by ``locator``.</doc>
<msg timestamp="20260219 14:50:51.035" level="INFO">Clicking element 'xpath=//a[contains(@href,"route=account/account") and contains(@class,"dropdown-toggle")]'.</msg>
<status status="PASS" starttime="20260219 14:50:51.034" endtime="20260219 14:50:53.375"/>
</kw>
<kw name="Sleep" library="BuiltIn">
<arg>1s</arg>
<doc>Pauses the test executed for the given time.</doc>
<msg timestamp="20260219 14:50:54.376" level="INFO">Slept 1 second</msg>
<status status="PASS" starttime="20260219 14:50:53.375" endtime="20260219 14:50:54.376"/>
</kw>
<kw name="Wait Until Element Is Visible" library="SeleniumLibrary">
<arg>${REGISTER_LINK}</arg>
<doc>Waits until the element ``locator`` is visible.</doc>
<status status="PASS" starttime="20260219 14:50:54.376" endtime="20260219 14:50:54.407"/>
</kw>
<kw name="Click Element" library="SeleniumLibrary">
<arg>${REGISTER_LINK}</arg>
<doc>Click the element identified by ``locator``.</doc>
<msg timestamp="20260219 14:50:54.408" level="INFO">Clicking element 'xpath=//a[contains(@href,"route=account/register") and contains(text(),"Register")]'.</msg>
<status status="PASS" starttime="20260219 14:50:54.408" endtime="20260219 14:50:56.743"/>
</kw>
<kw name="Wait Until Page Contains" library="SeleniumLibrary">
<arg>Register Account</arg>
<doc>Waits until ``text`` appears on the current page.</doc>
<status status="PASS" starttime="20260219 14:50:56.744" endtime="20260219 14:50:56.795"/>
</kw>
<kw name="Location Should Contain" library="SeleniumLibrary">
<arg>route=account/register</arg>
<doc>Verifies that the current URL contains ``expected``.</doc>
<msg timestamp="20260219 14:50:56.835" level="INFO">Current location contains 'route=account/register'.</msg>
<status status="PASS" starttime="20260219 14:50:56.795" endtime="20260219 14:50:56.835"/>
</kw>
<status status="PASS" starttime="20260219 14:50:50.035" endtime="20260219 14:50:56.836"/>
</kw>
<kw name="input firstname" library="register_keywords">
<arg>${firstname}</arg>
<kw name="Input Text" library="SeleniumLibrary">
<arg>${FIRSTNAME_INPUT}</arg>
<arg>${firstname}</arg>
<doc>Types the given ``text`` into the text field identified by ``locator``.</doc>
<msg timestamp="20260219 14:50:56.837" level="INFO">Typing text 'Abhi' into text field 'id=input-firstname'.</msg>
<status status="PASS" starttime="20260219 14:50:56.836" endtime="20260219 14:50:57.186"/>
</kw>
<status status="PASS" starttime="20260219 14:50:56.836" endtime="20260219 14:50:57.186"/>
</kw>
<kw name="input lastname" library="register_keywords">
<arg>${lastname}</arg>
<kw name="Input Text" library="SeleniumLibrary">
<arg>${LASTNAME_INPUT}</arg>
<arg>${lastname}</arg>
<doc>Types the given ``text`` into the text field identified by ``locator``.</doc>
<msg timestamp="20260219 14:50:57.188" level="INFO">Typing text 'Ram' into text field 'id=input-lastname'.</msg>
<status status="PASS" starttime="20260219 14:50:57.187" endtime="20260219 14:50:57.328"/>
</kw>
<status status="PASS" starttime="20260219 14:50:57.186" endtime="20260219 14:50:57.328"/>
</kw>
<kw name="input email" library="register_keywords">
<kw name="Generate Unique Email" library="email_generator">
<kw name="Generate Random String" library="String">
<var>${random}</var>
<arg>3</arg>
<arg>0123456789</arg>
<doc>Generates a string with a desired ``length`` from the given ``chars``.</doc>
<msg timestamp="20260219 14:50:57.329" level="INFO">${random} = 511</msg>
<status status="PASS" starttime="20260219 14:50:57.329" endtime="20260219 14:50:57.329"/>
</kw>
<kw name="Set Variable" library="BuiltIn">
<var>${email}</var>
<arg>test_user_${random}@gmail.com</arg>
<doc>Returns the given values which can then be assigned to a variables.</doc>
<msg timestamp="20260219 14:50:57.330" level="INFO">${email} = test_user_511@gmail.com</msg>
<status status="PASS" starttime="20260219 14:50:57.329" endtime="20260219 14:50:57.330"/>
</kw>
<kw name="Set Suite Variable" library="BuiltIn">
<arg>${EMAIL}</arg>
<arg>${email}</arg>
<doc>Makes a variable available everywhere within the scope of the current suite.</doc>
<msg timestamp="20260219 14:50:57.330" level="INFO">${EMAIL} = test_user_511@gmail.com</msg>
<status status="PASS" starttime="20260219 14:50:57.330" endtime="20260219 14:50:57.330"/>
</kw>
<kw name="Log To Console" library="BuiltIn">
<arg>Dynamic Email Generated: ${EMAIL}</arg>
<doc>Logs the given message to the console.</doc>
<status status="PASS" starttime="20260219 14:50:57.330" endtime="20260219 14:50:57.331"/>
</kw>
<status status="PASS" starttime="20260219 14:50:57.328" endtime="20260219 14:50:57.331"/>
</kw>
<kw name="Log To Console" library="BuiltIn">
<arg>Registering with Email: ${EMAIL}</arg>
<doc>Logs the given message to the console.</doc>
<status status="PASS" starttime="20260219 14:50:57.331" endtime="20260219 14:50:57.332"/>
</kw>
<kw name="Input Text" library="SeleniumLibrary">
<arg>${EMAIL_INPUT}</arg>
<arg>${EMAIL}</arg>
<doc>Types the given ``text`` into the text field identified by ``locator``.</doc>
<msg timestamp="20260219 14:50:57.333" level="INFO">Typing text 'test_user_511@gmail.com' into text field 'id=input-email'.</msg>
<status status="PASS" starttime="20260219 14:50:57.332" endtime="20260219 14:50:58.302"/>
</kw>
<status status="PASS" starttime="20260219 14:50:57.328" endtime="20260219 14:50:58.302"/>
</kw>
<kw name="input phone" library="register_keywords">
<arg>${phone}</arg>
<kw name="Input Text" library="SeleniumLibrary">
<arg>${PHONE_INPUT}</arg>
<arg>${phone}</arg>
<doc>Types the given ``text`` into the text field identified by ``locator``.</doc>
<msg timestamp="20260219 14:50:58.303" level="INFO">Typing text '9876543210' into text field 'id=input-telephone'.</msg>
<status status="PASS" starttime="20260219 14:50:58.303" endtime="20260219 14:50:58.567"/>
</kw>
<status status="PASS" starttime="20260219 14:50:58.302" endtime="20260219 14:50:58.567"/>
</kw>
<kw name="input password" library="register_keywords">
<arg>${password}</arg>
<kw name="Input Text" library="SeleniumLibrary">
<arg>${PASSWORD_INPUT}</arg>
<arg>${password}</arg>
<doc>Types the given ``text`` into the text field identified by ``locator``.</doc>
<msg timestamp="20260219 14:50:58.569" level="INFO">Typing text 'Test@123' into text field 'id=input-password'.</msg>
<status status="PASS" starttime="20260219 14:50:58.568" endtime="20260219 14:50:58.702"/>
</kw>
<kw name="Input Text" library="SeleniumLibrary">
<arg>${CONFIRM_INPUT}</arg>
<arg>${password}</arg>
<doc>Types the given ``text`` into the text field identified by ``locator``.</doc>
<msg timestamp="20260219 14:50:58.704" level="INFO">Typing text 'Test@123' into text field 'id=input-confirm'.</msg>
<status status="PASS" starttime="20260219 14:50:58.703" endtime="20260219 14:50:58.829"/>
</kw>
<kw name="Textfield Value Should Be" library="SeleniumLibrary">
<arg>${CONFIRM_INPUT}</arg>
<arg>${password}</arg>
<doc>Verifies text field ``locator`` has exactly text ``expected``.</doc>
<msg timestamp="20260219 14:50:58.887" level="INFO">Content of text field 'id=input-confirm' is 'Test@123'.</msg>
<status status="PASS" starttime="20260219 14:50:58.829" endtime="20260219 14:50:58.887"/>
</kw>
<status status="PASS" starttime="20260219 14:50:58.567" endtime="20260219 14:50:58.887"/>
</kw>
<kw name="click agree" library="register_keywords">
<kw name="Click Element" library="SeleniumLibrary">
<arg>${AGREE_LABEL}</arg>
<doc>Click the element identified by ``locator``.</doc>
<msg timestamp="20260219 14:50:58.889" level="INFO">Clicking element 'xpath=//label[@for="input-agree"]'.</msg>
<status status="PASS" starttime="20260219 14:50:58.888" endtime="20260219 14:50:59.120"/>
</kw>
<kw name="Checkbox Should Be Selected" library="SeleniumLibrary">
<arg>id=input-agree</arg>
<doc>Verifies checkbox ``locator`` is selected/checked.</doc>
<msg timestamp="20260219 14:50:59.121" level="INFO">Verifying checkbox 'id=input-agree' is selected.</msg>
<status status="PASS" starttime="20260219 14:50:59.120" endtime="20260219 14:50:59.211"/>
</kw>
<status status="PASS" starttime="20260219 14:50:58.887" endtime="20260219 14:50:59.211"/>
</kw>
<kw name="click continue" library="register_keywords">
<kw name="Scroll Element Into View" library="SeleniumLibrary">
<arg>${CONTINUE_BUTTON}</arg>
<doc>Scrolls the element identified by ``locator`` into view.</doc>
<status status="PASS" starttime="20260219 14:50:59.212" endtime="20260219 14:50:59.515"/>
</kw>
<kw name="Click Button" library="SeleniumLibrary">
<arg>${CONTINUE_BUTTON}</arg>
<doc>Clicks the button identified by ``locator``.</doc>
<msg timestamp="20260219 14:50:59.515" level="INFO">Clicking button 'css=input.btn.btn-primary[type="submit"][value="Continue"]'.</msg>
<status status="PASS" starttime="20260219 14:50:59.515" endtime="20260219 14:51:02.070"/>
</kw>
<kw name="Wait Until Element Is Visible" library="SeleniumLibrary">
<arg>${SUCCESS_TEXT}</arg>
<doc>Waits until the element ``locator`` is visible.</doc>
<status status="PASS" starttime="20260219 14:51:02.070" endtime="20260219 14:51:02.127"/>
</kw>
<kw name="Page Should Contain" library="SeleniumLibrary">
<arg>Your Account Has Been Created</arg>
<doc>Verifies that current page contains ``text``.</doc>
<msg timestamp="20260219 14:51:02.168" level="INFO">Current page contains text 'Your Account Has Been Created'.</msg>
<status status="PASS" starttime="20260219 14:51:02.127" endtime="20260219 14:51:02.168"/>
</kw>
<kw name="Log To Console" library="BuiltIn">
<arg>Registration Completed Successfully for ${firstname}</arg>
<doc>Logs the given message to the console.</doc>
<status status="PASS" starttime="20260219 14:51:02.168" endtime="20260219 14:51:02.169"/>
</kw>
<status status="PASS" starttime="20260219 14:50:59.211" endtime="20260219 14:51:02.169"/>
</kw>
<kw name="click logout" library="register_keywords">
<kw name="Logout User Successfully" library="logout_keywords">
<kw name="Wait Until Element Is Visible" library="SeleniumLibrary">
<arg>${MY_ACCOUNT_MENU}</arg>
<doc>Waits until the element ``locator`` is visible.</doc>
<status status="PASS" starttime="20260219 14:51:02.171" endtime="20260219 14:51:02.271"/>
</kw>
<kw name="Click Element" library="SeleniumLibrary">
<arg>${MY_ACCOUNT_MENU}</arg>
<doc>Click the element identified by ``locator``.</doc>
<msg timestamp="20260219 14:51:02.272" level="INFO">Clicking element 'xpath=//a[contains(@href,"route=account/account") and contains(@class,"dropdown-toggle")]'.</msg>
<status status="PASS" starttime="20260219 14:51:02.271" endtime="20260219 14:51:04.227"/>
</kw>
<kw name="Sleep" library="BuiltIn">
<arg>1s</arg>
<doc>Pauses the test executed for the given time.</doc>
<msg timestamp="20260219 14:51:05.229" level="INFO">Slept 1 second</msg>
<status status="PASS" starttime="20260219 14:51:04.227" endtime="20260219 14:51:05.230"/>
</kw>
<kw name="Wait Until Element Is Visible" library="SeleniumLibrary">
<arg>${LOGOUT_LINK}</arg>
<doc>Waits until the element ``locator`` is visible.</doc>
<status status="PASS" starttime="20260219 14:51:05.230" endtime="20260219 14:51:05.293"/>
</kw>
<kw name="Element Should Be Visible" library="SeleniumLibrary">
<arg>${LOGOUT_LINK}</arg>
<doc>Verifies that the element identified by ``locator`` is visible.</doc>
<msg timestamp="20260219 14:51:05.324" level="INFO">Element 'xpath=//a[contains(@href,"route=account/logout") and contains(text(),"Logout")]' is displayed.</msg>
<status status="PASS" starttime="20260219 14:51:05.293" endtime="20260219 14:51:05.324"/>
</kw>
<kw name="Click Element" library="SeleniumLibrary">
<arg>${LOGOUT_LINK}</arg>
<doc>Click the element identified by ``locator``.</doc>
<msg timestamp="20260219 14:51:05.325" level="INFO">Clicking element 'xpath=//a[contains(@href,"route=account/logout") and contains(text(),"Logout")]'.</msg>
<status status="PASS" starttime="20260219 14:51:05.324" endtime="20260219 14:51:07.917"/>
</kw>
<kw name="Wait Until Element Is Visible" library="SeleniumLibrary">
<arg>${LOGOUT_TEXT}</arg>
<doc>Waits until the element ``locator`` is visible.</doc>
<status status="PASS" starttime="20260219 14:51:07.917" endtime="20260219 14:51:08.003"/>
</kw>
<kw name="Element Should Be Visible" library="SeleniumLibrary">
<arg>${LOGOUT_TEXT}</arg>
<doc>Verifies that the element identified by ``locator`` is visible.</doc>
<msg timestamp="20260219 14:51:08.073" level="INFO">Element 'xpath=//h1[contains(text(),"Account Logout")]' is displayed.</msg>
<status status="PASS" starttime="20260219 14:51:08.003" endtime="20260219 14:51:08.073"/>
</kw>
<kw name="Page Should Contain" library="SeleniumLibrary">
<arg>Account Logout</arg>
<doc>Verifies that current page contains ``text``.</doc>
<msg timestamp="20260219 14:51:08.095" level="INFO">Current page contains text 'Account Logout'.</msg>
<status status="PASS" starttime="20260219 14:51:08.073" endtime="20260219 14:51:08.095"/>
</kw>
<kw name="Location Should Contain" library="SeleniumLibrary">
<arg>route=account/logout</arg>
<doc>Verifies that the current URL contains ``expected``.</doc>
<msg timestamp="20260219 14:51:08.101" level="INFO">Current location contains 'route=account/logout'.</msg>
<status status="PASS" starttime="20260219 14:51:08.096" endtime="20260219 14:51:08.101"/>
</kw>
<kw name="Log To Console" library="BuiltIn">
<arg>Logout Completed Successfully</arg>
<doc>Logs the given message to the console.</doc>
<status status="PASS" starttime="20260219 14:51:08.102" endtime="20260219 14:51:08.103"/>
</kw>
<status status="PASS" starttime="20260219 14:51:02.170" endtime="20260219 14:51:08.103"/>
</kw>
<status status="PASS" starttime="20260219 14:51:02.169" endtime="20260219 14:51:08.103"/>
</kw>
<kw name="Login User Successfully" library="login_keywords">
<arg>${password}</arg>
<kw name="Go To" library="SeleniumLibrary">
<arg>${BASE_URL}</arg>
<doc>Navigates the current browser window to the provided ``url``.</doc>
<msg timestamp="20260219 14:51:08.104" level="INFO">Opening url 'https://ecommerce-playground.lambdatest.io/index.php'</msg>
<status status="PASS" starttime="20260219 14:51:08.103" endtime="20260219 14:51:09.030"/>
</kw>
<kw name="Page Should Contain" library="SeleniumLibrary">
<arg>My account</arg>
<doc>Verifies that current page contains ``text``.</doc>
<msg timestamp="20260219 14:51:09.200" level="INFO">Current page contains text 'My account'.</msg>
<status status="PASS" starttime="20260219 14:51:09.030" endtime="20260219 14:51:09.200"/>
</kw>
<kw name="Wait Until Element Is Visible" library="SeleniumLibrary">
<arg>${MY_ACCOUNT_MENU}</arg>
<doc>Waits until the element ``locator`` is visible.</doc>
<status status="PASS" starttime="20260219 14:51:09.201" endtime="20260219 14:51:09.238"/>
</kw>
<kw name="Click Element" library="SeleniumLibrary">
<arg>${MY_ACCOUNT_MENU}</arg>
<doc>Click the element identified by ``locator``.</doc>
<msg timestamp="20260219 14:51:09.240" level="INFO">Clicking element 'xpath=//a[contains(@href,"route=account/account") and contains(@class,"dropdown-toggle")]'.</msg>
<status status="PASS" starttime="20260219 14:51:09.238" endtime="20260219 14:51:10.131"/>
</kw>
<kw name="Sleep" library="BuiltIn">
<arg>1s</arg>
<doc>Pauses the test executed for the given time.</doc>
<msg timestamp="20260219 14:51:11.133" level="INFO">Slept 1 second</msg>
<status status="PASS" starttime="20260219 14:51:10.132" endtime="20260219 14:51:11.134"/>
</kw>
<kw name="Wait Until Element Is Visible" library="SeleniumLibrary">
<arg>${LOGIN_LINK}</arg>
<doc>Waits until the element ``locator`` is visible.</doc>
<status status="PASS" starttime="20260219 14:51:11.134" endtime="20260219 14:51:11.407"/>
</kw>
<kw name="Click Element" library="SeleniumLibrary">
<arg>${LOGIN_LINK}</arg>
<doc>Click the element identified by ``locator``.</doc>
<msg timestamp="20260219 14:51:11.408" level="INFO">Clicking element 'xpath=//a[contains(@href,"route=account/login") and contains(text(),"Login")]'.</msg>
<status status="PASS" starttime="20260219 14:51:11.407" endtime="20260219 14:51:12.402"/>
</kw>
<kw name="Wait Until Page Contains" library="SeleniumLibrary">
<arg>Account Login</arg>
<doc>Waits until ``text`` appears on the current page.</doc>
<status status="PASS" starttime="20260219 14:51:12.402" endtime="20260219 14:51:12.425"/>
</kw>
<kw name="Location Should Contain" library="SeleniumLibrary">
<arg>route=account/login</arg>
<doc>Verifies that the current URL contains ``expected``.</doc>
<msg timestamp="20260219 14:51:12.432" level="INFO">Current location contains 'route=account/login'.</msg>
<status status="PASS" starttime="20260219 14:51:12.425" endtime="20260219 14:51:12.432"/>
</kw>
<kw name="Log To Console" library="BuiltIn">
<arg>Logging in with Email: ${EMAIL}</arg>
<doc>Logs the given message to the console.</doc>
<status status="PASS" starttime="20260219 14:51:12.432" endtime="20260219 14:51:12.433"/>
</kw>
<kw name="Input Text" library="SeleniumLibrary">
<arg>${EMAIL_INPUT}</arg>
<arg>${EMAIL}</arg>
<doc>Types the given ``text`` into the text field identified by ``locator``.</doc>
<msg timestamp="20260219 14:51:12.434" level="INFO">Typing text 'test_user_511@gmail.com' into text field 'id=input-email'.</msg>
<status status="PASS" starttime="20260219 14:51:12.433" endtime="20260219 14:51:12.667"/>
</kw>
<kw name="Input Text" library="SeleniumLibrary">
<arg>${PASSWORD_INPUT}</arg>
<arg>${password}</arg>
<doc>Types the given ``text`` into the text field identified by ``locator``.</doc>
<msg timestamp="20260219 14:51:12.669" level="INFO">Typing text 'Test@123' into text field 'id=input-password'.</msg>
<status status="PASS" starttime="20260219 14:51:12.668" endtime="20260219 14:51:12.830"/>
</kw>
<kw name="Click Button" library="SeleniumLibrary">
<arg>${LOGIN_BUTTON}</arg>
<doc>Clicks the button identified by ``locator``.</doc>
<msg timestamp="20260219 14:51:12.831" level="INFO">Clicking button 'css=input.btn.btn-primary[value="Login"]'.</msg>
<status status="PASS" starttime="20260219 14:51:12.830" endtime="20260219 14:51:14.302"/>
</kw>
<kw name="Wait Until Page Contains" library="SeleniumLibrary">
<arg>My Account</arg>
<doc>Waits until ``text`` appears on the current page.</doc>
<status status="PASS" starttime="20260219 14:51:14.302" endtime="20260219 14:51:14.324"/>
</kw>
<kw name="Wait Until Element Is Visible" library="SeleniumLibrary">
<arg>${MY_ACCOUNT_HEADING}</arg>
<doc>Waits until the element ``locator`` is visible.</doc>
<status status="PASS" starttime="20260219 14:51:14.324" endtime="20260219 14:51:14.357"/>
</kw>
<kw name="Page Should Contain" library="SeleniumLibrary">
<arg>My Account</arg>
<doc>Verifies that current page contains ``text``.</doc>
<msg timestamp="20260219 14:51:14.374" level="INFO">Current page contains text 'My Account'.</msg>
<status status="PASS" starttime="20260219 14:51:14.358" endtime="20260219 14:51:14.375"/>
</kw>
<kw name="Location Should Contain" library="SeleniumLibrary">
<arg>route=account/account</arg>
<doc>Verifies that the current URL contains ``expected``.</doc>
<msg timestamp="20260219 14:51:14.382" level="INFO">Current location contains 'route=account/account'.</msg>
<status status="PASS" starttime="20260219 14:51:14.375" endtime="20260219 14:51:14.382"/>
</kw>
<kw name="Log To Console" library="BuiltIn">
<arg>Login Successful After Logout</arg>
<doc>Logs the given message to the console.</doc>
<status status="PASS" starttime="20260219 14:51:14.383" endtime="20260219 14:51:14.383"/>
</kw>
<status status="PASS" starttime="20260219 14:51:08.103" endtime="20260219 14:51:14.383"/>
</kw>
<kw name="click logout" library="register_keywords">
<kw name="Logout User Successfully" library="logout_keywords">
<kw name="Wait Until Element Is Visible" library="SeleniumLibrary">
<arg>${MY_ACCOUNT_MENU}</arg>
<doc>Waits until the element ``locator`` is visible.</doc>
<status status="PASS" starttime="20260219 14:51:14.385" endtime="20260219 14:51:14.476"/>
</kw>
<kw name="Click Element" library="SeleniumLibrary">
<arg>${MY_ACCOUNT_MENU}</arg>
<doc>Click the element identified by ``locator``.</doc>
<msg timestamp="20260219 14:51:14.477" level="INFO">Clicking element 'xpath=//a[contains(@href,"route=account/account") and contains(@class,"dropdown-toggle")]'.</msg>
<status status="PASS" starttime="20260219 14:51:14.476" endtime="20260219 14:51:15.358"/>
</kw>
<kw name="Sleep" library="BuiltIn">
<arg>1s</arg>
<doc>Pauses the test executed for the given time.</doc>
<msg timestamp="20260219 14:51:16.359" level="INFO">Slept 1 second</msg>
<status status="PASS" starttime="20260219 14:51:15.358" endtime="20260219 14:51:16.359"/>
</kw>
<kw name="Wait Until Element Is Visible" library="SeleniumLibrary">
<arg>${LOGOUT_LINK}</arg>
<doc>Waits until the element ``locator`` is visible.</doc>
<status status="PASS" starttime="20260219 14:51:16.359" endtime="20260219 14:51:16.398"/>
</kw>
<kw name="Element Should Be Visible" library="SeleniumLibrary">
<arg>${LOGOUT_LINK}</arg>
<doc>Verifies that the element identified by ``locator`` is visible.</doc>
<msg timestamp="20260219 14:51:16.441" level="INFO">Element 'xpath=//a[contains(@href,"route=account/logout") and contains(text(),"Logout")]' is displayed.</msg>
<status status="PASS" starttime="20260219 14:51:16.398" endtime="20260219 14:51:16.441"/>
</kw>
<kw name="Click Element" library="SeleniumLibrary">
<arg>${LOGOUT_LINK}</arg>
<doc>Click the element identified by ``locator``.</doc>
<msg timestamp="20260219 14:51:16.442" level="INFO">Clicking element 'xpath=//a[contains(@href,"route=account/logout") and contains(text(),"Logout")]'.</msg>
<status status="PASS" starttime="20260219 14:51:16.441" endtime="20260219 14:51:17.575"/>
</kw>
<kw name="Wait Until Element Is Visible" library="SeleniumLibrary">
<arg>${LOGOUT_TEXT}</arg>
<doc>Waits until the element ``locator`` is visible.</doc>
<status status="PASS" starttime="20260219 14:51:17.576" endtime="20260219 14:51:17.627"/>
</kw>
<kw name="Element Should Be Visible" library="SeleniumLibrary">
<arg>${LOGOUT_TEXT}</arg>
<doc>Verifies that the element identified by ``locator`` is visible.</doc>
<msg timestamp="20260219 14:51:17.649" level="INFO">Element 'xpath=//h1[contains(text(),"Account Logout")]' is displayed.</msg>
<status status="PASS" starttime="20260219 14:51:17.628" endtime="20260219 14:51:17.649"/>
</kw>
<kw name="Page Should Contain" library="SeleniumLibrary">
<arg>Account Logout</arg>
<doc>Verifies that current page contains ``text``.</doc>
<msg timestamp="20260219 14:51:17.664" level="INFO">Current page contains text 'Account Logout'.</msg>
<status status="PASS" starttime="20260219 14:51:17.649" endtime="20260219 14:51:17.664"/>
</kw>
<kw name="Location Should Contain" library="SeleniumLibrary">
<arg>route=account/logout</arg>
<doc>Verifies that the current URL contains ``expected``.</doc>
<msg timestamp="20260219 14:51:17.670" level="INFO">Current location contains 'route=account/logout'.</msg>
<status status="PASS" starttime="20260219 14:51:17.665" endtime="20260219 14:51:17.670"/>
</kw>
<kw name="Log To Console" library="BuiltIn">
<arg>Logout Completed Successfully</arg>
<doc>Logs the given message to the console.</doc>
<status status="PASS" starttime="20260219 14:51:17.670" endtime="20260219 14:51:17.670"/>
</kw>
<status status="PASS" starttime="20260219 14:51:14.384" endtime="20260219 14:51:17.670"/>
</kw>
<status status="PASS" starttime="20260219 14:51:14.383" endtime="20260219 14:51:17.670"/>
</kw>
<status status="PASS" starttime="20260219 14:50:50.034" endtime="20260219 14:51:17.671"/>
</kw>
<kw name="Capture Screenshot On Failure" library="common" type="TEARDOWN">
<kw name="Run Keyword If Test Failed" library="BuiltIn">
<arg>Capture Page Screenshot</arg>
<doc>Runs the given keyword with the given arguments, if the test failed.</doc>
<status status="PASS" starttime="20260219 14:51:17.682" endtime="20260219 14:51:17.682"/>
</kw>
<status status="PASS" starttime="20260219 14:51:17.681" endtime="20260219 14:51:17.682"/>
</kw>
<status status="PASS" starttime="20260219 14:50:50.029" endtime="20260219 14:51:17.683"/>
</test>
<test id="s1-s1-t2" name="Register User With CSV for user Ranga akash" line="18">
<kw name="Registration">
<arg>Ranga</arg>
<arg>akash</arg>
<arg>9123456789</arg>
<arg>Ranga@123</arg>
<kw name="Register New User" library="register_keywords">
<kw name="Go To" library="SeleniumLibrary">
<arg>${BASE_URL}</arg>
<doc>Navigates the current browser window to the provided ``url``.</doc>
<msg timestamp="20260219 14:51:17.688" level="INFO">Opening url 'https://ecommerce-playground.lambdatest.io/index.php'</msg>
<status status="PASS" starttime="20260219 14:51:17.688" endtime="20260219 14:51:18.694"/>
</kw>
<kw name="Title Should Be" library="SeleniumLibrary">
<arg>Your Store</arg>
<doc>Verifies that the current page title equals ``title``.</doc>
<msg timestamp="20260219 14:51:18.870" level="INFO">Page title is 'Your Store'.</msg>
<status status="PASS" starttime="20260219 14:51:18.694" endtime="20260219 14:51:18.870"/>
</kw>
<kw name="Page Should Contain" library="SeleniumLibrary">
<arg>My account</arg>
<doc>Verifies that current page contains ``text``.</doc>
<msg timestamp="20260219 14:51:18.902" level="INFO">Current page contains text 'My account'.</msg>
<status status="PASS" starttime="20260219 14:51:18.870" endtime="20260219 14:51:18.902"/>
</kw>
<kw name="Wait Until Element Is Visible" library="SeleniumLibrary">
<arg>${MY_ACCOUNT_MENU}</arg>
<doc>Waits until the element ``locator`` is visible.</doc>
<status status="PASS" starttime="20260219 14:51:18.902" endtime="20260219 14:51:18.938"/>
</kw>
<kw name="Click Element" library="SeleniumLibrary">
<arg>${MY_ACCOUNT_MENU}</arg>
<doc>Click the element identified by ``locator``.</doc>
<msg timestamp="20260219 14:51:18.939" level="INFO">Clicking element 'xpath=//a[contains(@href,"route=account/account") and contains(@class,"dropdown-toggle")]'.</msg>
<status status="PASS" starttime="20260219 14:51:18.938" endtime="20260219 14:51:20.084"/>
</kw>
<kw name="Sleep" library="BuiltIn">
<arg>1s</arg>
<doc>Pauses the test executed for the given time.</doc>
<msg timestamp="20260219 14:51:21.084" level="INFO">Slept 1 second</msg>
<status status="PASS" starttime="20260219 14:51:20.084" endtime="20260219 14:51:21.085"/>
</kw>
<kw name="Wait Until Element Is Visible" library="SeleniumLibrary">
<arg>${REGISTER_LINK}</arg>
<doc>Waits until the element ``locator`` is visible.</doc>
<status status="PASS" starttime="20260219 14:51:21.085" endtime="20260219 14:51:21.110"/>
</kw>
<kw name="Click Element" library="SeleniumLibrary">
<arg>${REGISTER_LINK}</arg>
<doc>Click the element identified by ``locator``.</doc>
<msg timestamp="20260219 14:51:21.110" level="INFO">Clicking element 'xpath=//a[contains(@href,"route=account/register") and contains(text(),"Register")]'.</msg>
<status status="PASS" starttime="20260219 14:51:21.110" endtime="20260219 14:51:21.956"/>
</kw>
<kw name="Wait Until Page Contains" library="SeleniumLibrary">
<arg>Register Account</arg>
<doc>Waits until ``text`` appears on the current page.</doc>
<status status="PASS" starttime="20260219 14:51:21.956" endtime="20260219 14:51:21.973"/>
</kw>
<kw name="Location Should Contain" library="SeleniumLibrary">
<arg>route=account/register</arg>
<doc>Verifies that the current URL contains ``expected``.</doc>
<msg timestamp="20260219 14:51:21.981" level="INFO">Current location contains 'route=account/register'.</msg>
<status status="PASS" starttime="20260219 14:51:21.973" endtime="20260219 14:51:21.981"/>
</kw>
<status status="PASS" starttime="20260219 14:51:17.688" endtime="20260219 14:51:21.981"/>
</kw>
<kw name="input firstname" library="register_keywords">
<arg>${firstname}</arg>
<kw name="Input Text" library="SeleniumLibrary">
<arg>${FIRSTNAME_INPUT}</arg>
<arg>${firstname}</arg>
<doc>Types the given ``text`` into the text field identified by ``locator``.</doc>
<msg timestamp="20260219 14:51:21.982" level="INFO">Typing text 'Ranga' into text field 'id=input-firstname'.</msg>
<status status="PASS" starttime="20260219 14:51:21.982" endtime="20260219 14:51:22.104"/>
</kw>
<status status="PASS" starttime="20260219 14:51:21.981" endtime="20260219 14:51:22.105"/>
</kw>
<kw name="input lastname" library="register_keywords">
<arg>${lastname}</arg>
<kw name="Input Text" library="SeleniumLibrary">
<arg>${LASTNAME_INPUT}</arg>
<arg>${lastname}</arg>
<doc>Types the given ``text`` into the text field identified by ``locator``.</doc>
<msg timestamp="20260219 14:51:22.109" level="INFO">Typing text 'akash' into text field 'id=input-lastname'.</msg>
<status status="PASS" starttime="20260219 14:51:22.107" endtime="20260219 14:51:22.252"/>
</kw>
<status status="PASS" starttime="20260219 14:51:22.106" endtime="20260219 14:51:22.252"/>
</kw>
<kw name="input email" library="register_keywords">
<kw name="Generate Unique Email" library="email_generator">
<kw name="Generate Random String" library="String">
<var>${random}</var>
<arg>3</arg>
<arg>0123456789</arg>
<doc>Generates a string with a desired ``length`` from the given ``chars``.</doc>
<msg timestamp="20260219 14:51:22.254" level="INFO">${random} = 281</msg>
<status status="PASS" starttime="20260219 14:51:22.254" endtime="20260219 14:51:22.254"/>
</kw>
<kw name="Set Variable" library="BuiltIn">
<var>${email}</var>
<arg>test_user_${random}@gmail.com</arg>
<doc>Returns the given values which can then be assigned to a variables.</doc>
<msg timestamp="20260219 14:51:22.255" level="INFO">${email} = test_user_281@gmail.com</msg>
<status status="PASS" starttime="20260219 14:51:22.254" endtime="20260219 14:51:22.255"/>
</kw>
<kw name="Set Suite Variable" library="BuiltIn">
<arg>${EMAIL}</arg>
<arg>${email}</arg>
<doc>Makes a variable available everywhere within the scope of the current suite.</doc>
<msg timestamp="20260219 14:51:22.256" level="INFO">${EMAIL} = test_user_281@gmail.com</msg>
<status status="PASS" starttime="20260219 14:51:22.255" endtime="20260219 14:51:22.256"/>
</kw>
<kw name="Log To Console" library="BuiltIn">
<arg>Dynamic Email Generated: ${EMAIL}</arg>
<doc>Logs the given message to the console.</doc>
<status status="PASS" starttime="20260219 14:51:22.256" endtime="20260219 14:51:22.302"/>
</kw>
<status status="PASS" starttime="20260219 14:51:22.253" endtime="20260219 14:51:22.302"/>
</kw>
<kw name="Log To Console" library="BuiltIn">
<arg>Registering with Email: ${EMAIL}</arg>
<doc>Logs the given message to the console.</doc>
<status status="PASS" starttime="20260219 14:51:22.303" endtime="20260219 14:51:22.311"/>
</kw>
<kw name="Input Text" library="SeleniumLibrary">
<arg>${EMAIL_INPUT}</arg>
<arg>${EMAIL}</arg>
<doc>Types the given ``text`` into the text field identified by ``locator``.</doc>
<msg timestamp="20260219 14:51:22.313" level="INFO">Typing text 'test_user_281@gmail.com' into text field 'id=input-email'.</msg>
<status status="PASS" starttime="20260219 14:51:22.312" endtime="20260219 14:51:22.845"/>
</kw>
<status status="PASS" starttime="20260219 14:51:22.252" endtime="20260219 14:51:22.845"/>
</kw>
<kw name="input phone" library="register_keywords">
<arg>${phone}</arg>
<kw name="Input Text" library="SeleniumLibrary">
<arg>${PHONE_INPUT}</arg>
<arg>${phone}</arg>
<doc>Types the given ``text`` into the text field identified by ``locator``.</doc>
<msg timestamp="20260219 14:51:22.847" level="INFO">Typing text '9123456789' into text field 'id=input-telephone'.</msg>
<status status="PASS" starttime="20260219 14:51:22.846" endtime="20260219 14:51:23.171"/>
</kw>
<status status="PASS" starttime="20260219 14:51:22.846" endtime="20260219 14:51:23.171"/>
</kw>
<kw name="input password" library="register_keywords">
<arg>${password}</arg>
<kw name="Input Text" library="SeleniumLibrary">
<arg>${PASSWORD_INPUT}</arg>
<arg>${password}</arg>
<doc>Types the given ``text`` into the text field identified by ``locator``.</doc>
<msg timestamp="20260219 14:51:23.173" level="INFO">Typing text 'Ranga@123' into text field 'id=input-password'.</msg>
<status status="PASS" starttime="20260219 14:51:23.172" endtime="20260219 14:51:23.367"/>
</kw>
<kw name="Input Text" library="SeleniumLibrary">
<arg>${CONFIRM_INPUT}</arg>
<arg>${password}</arg>
<doc>Types the given ``text`` into the text field identified by ``locator``.</doc>
<msg timestamp="20260219 14:51:23.368" level="INFO">Typing text 'Ranga@123' into text field 'id=input-confirm'.</msg>
<status status="PASS" starttime="20260219 14:51:23.367" endtime="20260219 14:51:23.515"/>
</kw>
<kw name="Textfield Value Should Be" library="SeleniumLibrary">
<arg>${CONFIRM_INPUT}</arg>
<arg>${password}</arg>
<doc>Verifies text field ``locator`` has exactly text ``expected``.</doc>
<msg timestamp="20260219 14:51:23.567" level="INFO">Content of text field 'id=input-confirm' is 'Ranga@123'.</msg>
<status status="PASS" starttime="20260219 14:51:23.516" endtime="20260219 14:51:23.568"/>
</kw>
<status status="PASS" starttime="20260219 14:51:23.171" endtime="20260219 14:51:23.568"/>
</kw>
<kw name="click agree" library="register_keywords">
<kw name="Click Element" library="SeleniumLibrary">
<arg>${AGREE_LABEL}</arg>
<doc>Click the element identified by ``locator``.</doc>
<msg timestamp="20260219 14:51:23.569" level="INFO">Clicking element 'xpath=//label[@for="input-agree"]'.</msg>
<status status="PASS" starttime="20260219 14:51:23.568" endtime="20260219 14:51:23.685"/>
</kw>
<kw name="Checkbox Should Be Selected" library="SeleniumLibrary">
<arg>id=input-agree</arg>
<doc>Verifies checkbox ``locator`` is selected/checked.</doc>
<msg timestamp="20260219 14:51:23.686" level="INFO">Verifying checkbox 'id=input-agree' is selected.</msg>
<status status="PASS" starttime="20260219 14:51:23.686" endtime="20260219 14:51:23.723"/>
</kw>
<status status="PASS" starttime="20260219 14:51:23.568" endtime="20260219 14:51:23.723"/>
</kw>
<kw name="click continue" library="register_keywords">
<kw name="Scroll Element Into View" library="SeleniumLibrary">
<arg>${CONTINUE_BUTTON}</arg>
<doc>Scrolls the element identified by ``locator`` into view.</doc>
<status status="PASS" starttime="20260219 14:51:23.723" endtime="20260219 14:51:24.023"/>
</kw>
<kw name="Click Button" library="SeleniumLibrary">
<arg>${CONTINUE_BUTTON}</arg>
<doc>Clicks the button identified by ``locator``.</doc>
<msg timestamp="20260219 14:51:24.024" level="INFO">Clicking button 'css=input.btn.btn-primary[type="submit"][value="Continue"]'.</msg>
<status status="PASS" starttime="20260219 14:51:24.023" endtime="20260219 14:51:25.299"/>
</kw>
<kw name="Wait Until Element Is Visible" library="SeleniumLibrary">
<arg>${SUCCESS_TEXT}</arg>
<doc>Waits until the element ``locator`` is visible.</doc>
<status status="PASS" starttime="20260219 14:51:25.299" endtime="20260219 14:51:25.337"/>
</kw>
<kw name="Page Should Contain" library="SeleniumLibrary">
<arg>Your Account Has Been Created</arg>
<doc>Verifies that current page contains ``text``.</doc>
<msg timestamp="20260219 14:51:25.355" level="INFO">Current page contains text 'Your Account Has Been Created'.</msg>
<status status="PASS" starttime="20260219 14:51:25.337" endtime="20260219 14:51:25.355"/>
</kw>
<kw name="Log To Console" library="BuiltIn">
<arg>Registration Completed Successfully for ${firstname}</arg>
<doc>Logs the given message to the console.</doc>
<status status="PASS" starttime="20260219 14:51:25.355" endtime="20260219 14:51:25.356"/>
</kw>
<status status="PASS" starttime="20260219 14:51:23.723" endtime="20260219 14:51:25.356"/>
</kw>
<kw name="click logout" library="register_keywords">
<kw name="Logout User Successfully" library="logout_keywords">
<kw name="Wait Until Element Is Visible" library="SeleniumLibrary">
<arg>${MY_ACCOUNT_MENU}</arg>
<doc>Waits until the element ``locator`` is visible.</doc>
<status status="PASS" starttime="20260219 14:51:25.357" endtime="20260219 14:51:25.455"/>
</kw>
<kw name="Click Element" library="SeleniumLibrary">
<arg>${MY_ACCOUNT_MENU}</arg>
<doc>Click the element identified by ``locator``.</doc>
<msg timestamp="20260219 14:51:25.457" level="INFO">Clicking element 'xpath=//a[contains(@href,"route=account/account") and contains(@class,"dropdown-toggle")]'.</msg>
<status status="PASS" starttime="20260219 14:51:25.455" endtime="20260219 14:51:26.308"/>
</kw>
<kw name="Sleep" library="BuiltIn">
<arg>1s</arg>
<doc>Pauses the test executed for the given time.</doc>
<msg timestamp="20260219 14:51:27.308" level="INFO">Slept 1 second</msg>
<status status="PASS" starttime="20260219 14:51:26.308" endtime="20260219 14:51:27.309"/>
</kw>
<kw name="Wait Until Element Is Visible" library="SeleniumLibrary">
<arg>${LOGOUT_LINK}</arg>
<doc>Waits until the element ``locator`` is visible.</doc>
<status status="PASS" starttime="20260219 14:51:27.309" endtime="20260219 14:51:27.346"/>
</kw>
<kw name="Element Should Be Visible" library="SeleniumLibrary">
<arg>${LOGOUT_LINK}</arg>
<doc>Verifies that the element identified by ``locator`` is visible.</doc>
<msg timestamp="20260219 14:51:27.365" level="INFO">Element 'xpath=//a[contains(@href,"route=account/logout") and contains(text(),"Logout")]' is displayed.</msg>
<status status="PASS" starttime="20260219 14:51:27.346" endtime="20260219 14:51:27.365"/>
</kw>
<kw name="Click Element" library="SeleniumLibrary">
<arg>${LOGOUT_LINK}</arg>
<doc>Click the element identified by ``locator``.</doc>
<msg timestamp="20260219 14:51:27.366" level="INFO">Clicking element 'xpath=//a[contains(@href,"route=account/logout") and contains(text(),"Logout")]'.</msg>
<status status="PASS" starttime="20260219 14:51:27.365" endtime="20260219 14:51:28.585"/>
</kw>
<kw name="Wait Until Element Is Visible" library="SeleniumLibrary">
<arg>${LOGOUT_TEXT}</arg>
<doc>Waits until the element ``locator`` is visible.</doc>
<status status="PASS" starttime="20260219 14:51:28.585" endtime="20260219 14:51:28.627"/>
</kw>
<kw name="Element Should Be Visible" library="SeleniumLibrary">
<arg>${LOGOUT_TEXT}</arg>
<doc>Verifies that the element identified by ``locator`` is visible.</doc>
<msg timestamp="20260219 14:51:28.672" level="INFO">Element 'xpath=//h1[contains(text(),"Account Logout")]' is displayed.</msg>
<status status="PASS" starttime="20260219 14:51:28.628" endtime="20260219 14:51:28.672"/>
</kw>
<kw name="Page Should Contain" library="SeleniumLibrary">
<arg>Account Logout</arg>
<doc>Verifies that current page contains ``text``.</doc>
<msg timestamp="20260219 14:51:28.695" level="INFO">Current page contains text 'Account Logout'.</msg>
<status status="PASS" starttime="20260219 14:51:28.672" endtime="20260219 14:51:28.695"/>
</kw>
<kw name="Location Should Contain" library="SeleniumLibrary">
<arg>route=account/logout</arg>
<doc>Verifies that the current URL contains ``expected``.</doc>
<msg timestamp="20260219 14:51:28.704" level="INFO">Current location contains 'route=account/logout'.</msg>
<status status="PASS" starttime="20260219 14:51:28.695" endtime="20260219 14:51:28.704"/>
</kw>
<kw name="Log To Console" library="BuiltIn">
<arg>Logout Completed Successfully</arg>
<doc>Logs the given message to the console.</doc>
<status status="PASS" starttime="20260219 14:51:28.704" endtime="20260219 14:51:28.705"/>
</kw>
<status status="PASS" starttime="20260219 14:51:25.357" endtime="20260219 14:51:28.705"/>
</kw>
<status status="PASS" starttime="20260219 14:51:25.357" endtime="20260219 14:51:28.706"/>
</kw>
<kw name="Login User Successfully" library="login_keywords">
<arg>${password}</arg>
<kw name="Go To" library="SeleniumLibrary">
<arg>${BASE_URL}</arg>
<doc>Navigates the current browser window to the provided ``url``.</doc>
<msg timestamp="20260219 14:51:28.707" level="INFO">Opening url 'https://ecommerce-playground.lambdatest.io/index.php'</msg>
<status status="PASS" starttime="20260219 14:51:28.707" endtime="20260219 14:51:29.692"/>
</kw>
<kw name="Page Should Contain" library="SeleniumLibrary">
<arg>My account</arg>
<doc>Verifies that current page contains ``text``.</doc>
<msg timestamp="20260219 14:51:29.890" level="INFO">Current page contains text 'My account'.</msg>
<status status="PASS" starttime="20260219 14:51:29.692" endtime="20260219 14:51:29.890"/>
</kw>
<kw name="Wait Until Element Is Visible" library="SeleniumLibrary">
<arg>${MY_ACCOUNT_MENU}</arg>
<doc>Waits until the element ``locator`` is visible.</doc>
<status status="PASS" starttime="20260219 14:51:29.891" endtime="20260219 14:51:29.931"/>
</kw>
<kw name="Click Element" library="SeleniumLibrary">
<arg>${MY_ACCOUNT_MENU}</arg>
<doc>Click the element identified by ``locator``.</doc>
<msg timestamp="20260219 14:51:29.932" level="INFO">Clicking element 'xpath=//a[contains(@href,"route=account/account") and contains(@class,"dropdown-toggle")]'.</msg>
<status status="PASS" starttime="20260219 14:51:29.931" endtime="20260219 14:51:31.305"/>
</kw>
<kw name="Sleep" library="BuiltIn">
<arg>1s</arg>
<doc>Pauses the test executed for the given time.</doc>
<msg timestamp="20260219 14:51:32.306" level="INFO">Slept 1 second</msg>
<status status="PASS" starttime="20260219 14:51:31.305" endtime="20260219 14:51:32.306"/>
</kw>
<kw name="Wait Until Element Is Visible" library="SeleniumLibrary">
<arg>${LOGIN_LINK}</arg>
<doc>Waits until the element ``locator`` is visible.</doc>
<status status="PASS" starttime="20260219 14:51:32.306" endtime="20260219 14:51:32.375"/>
</kw>
<kw name="Click Element" library="SeleniumLibrary">
<arg>${LOGIN_LINK}</arg>
<doc>Click the element identified by ``locator``.</doc>
<msg timestamp="20260219 14:51:32.376" level="INFO">Clicking element 'xpath=//a[contains(@href,"route=account/login") and contains(text(),"Login")]'.</msg>
<status status="PASS" starttime="20260219 14:51:32.375" endtime="20260219 14:51:33.236"/>
</kw>
<kw name="Wait Until Page Contains" library="SeleniumLibrary">
<arg>Account Login</arg>
<doc>Waits until ``text`` appears on the current page.</doc>
<status status="PASS" starttime="20260219 14:51:33.236" endtime="20260219 14:51:33.257"/>
</kw>
<kw name="Location Should Contain" library="SeleniumLibrary">
<arg>route=account/login</arg>
<doc>Verifies that the current URL contains ``expected``.</doc>
<msg timestamp="20260219 14:51:33.264" level="INFO">Current location contains 'route=account/login'.</msg>
<status status="PASS" starttime="20260219 14:51:33.257" endtime="20260219 14:51:33.264"/>
</kw>
<kw name="Log To Console" library="BuiltIn">
<arg>Logging in with Email: ${EMAIL}</arg>
<doc>Logs the given message to the console.</doc>
<status status="PASS" starttime="20260219 14:51:33.265" endtime="20260219 14:51:33.267"/>
</kw>
<kw name="Input Text" library="SeleniumLibrary">
<arg>${EMAIL_INPUT}</arg>
<arg>${EMAIL}</arg>
<doc>Types the given ``text`` into the text field identified by ``locator``.</doc>
<msg timestamp="20260219 14:51:33.268" level="INFO">Typing text 'test_user_281@gmail.com' into text field 'id=input-email'.</msg>
<status status="PASS" starttime="20260219 14:51:33.267" endtime="20260219 14:51:33.570"/>
</kw>
<kw name="Input Text" library="SeleniumLibrary">
<arg>${PASSWORD_INPUT}</arg>
<arg>${password}</arg>
<doc>Types the given ``text`` into the text field identified by ``locator``.</doc>
<msg timestamp="20260219 14:51:33.579" level="INFO">Typing text 'Ranga@123' into text field 'id=input-password'.</msg>
<status status="PASS" starttime="20260219 14:51:33.577" endtime="20260219 14:51:33.788"/>
</kw>
<kw name="Click Button" library="SeleniumLibrary">
<arg>${LOGIN_BUTTON}</arg>
<doc>Clicks the button identified by ``locator``.</doc>
<msg timestamp="20260219 14:51:33.790" level="INFO">Clicking button 'css=input.btn.btn-primary[value="Login"]'.</msg>
<status status="PASS" starttime="20260219 14:51:33.789" endtime="20260219 14:51:33.902"/>
</kw>
<kw name="Wait Until Page Contains" library="SeleniumLibrary">
<arg>My Account</arg>
<doc>Waits until ``text`` appears on the current page.</doc>
<status status="PASS" starttime="20260219 14:51:33.902" endtime="20260219 14:51:35.183"/>
</kw>
<kw name="Wait Until Element Is Visible" library="SeleniumLibrary">
<arg>${MY_ACCOUNT_HEADING}</arg>
<doc>Waits until the element ``locator`` is visible.</doc>
<status status="PASS" starttime="20260219 14:51:35.183" endtime="20260219 14:51:35.385"/>
</kw>
<kw name="Page Should Contain" library="SeleniumLibrary">
<arg>My Account</arg>
<doc>Verifies that current page contains ``text``.</doc>
<msg timestamp="20260219 14:51:35.417" level="INFO">Current page contains text 'My Account'.</msg>
<status status="PASS" starttime="20260219 14:51:35.385" endtime="20260219 14:51:35.417"/>
</kw>
<kw name="Location Should Contain" library="SeleniumLibrary">
<arg>route=account/account</arg>
<doc>Verifies that the current URL contains ``expected``.</doc>
<msg timestamp="20260219 14:51:35.425" level="INFO">Current location contains 'route=account/account'.</msg>
<status status="PASS" starttime="20260219 14:51:35.418" endtime="20260219 14:51:35.426"/>
</kw>
<kw name="Log To Console" library="BuiltIn">
<arg>Login Successful After Logout</arg>
<doc>Logs the given message to the console.</doc>
<status status="PASS" starttime="20260219 14:51:35.426" endtime="20260219 14:51:35.426"/>
</kw>
<status status="PASS" starttime="20260219 14:51:28.706" endtime="20260219 14:51:35.427"/>
</kw>
<kw name="click logout" library="register_keywords">
<kw name="Logout User Successfully" library="logout_keywords">
<kw name="Wait Until Element Is Visible" library="SeleniumLibrary">
<arg>${MY_ACCOUNT_MENU}</arg>
<doc>Waits until the element ``locator`` is visible.</doc>
<status status="PASS" starttime="20260219 14:51:35.427" endtime="20260219 14:51:35.515"/>
</kw>
<kw name="Click Element" library="SeleniumLibrary">
<arg>${MY_ACCOUNT_MENU}</arg>
<doc>Click the element identified by ``locator``.</doc>
<msg timestamp="20260219 14:51:35.516" level="INFO">Clicking element 'xpath=//a[contains(@href,"route=account/account") and contains(@class,"dropdown-toggle")]'.</msg>
<status status="PASS" starttime="20260219 14:51:35.515" endtime="20260219 14:51:36.274"/>
</kw>
<kw name="Sleep" library="BuiltIn">
<arg>1s</arg>
<doc>Pauses the test executed for the given time.</doc>
<msg timestamp="20260219 14:51:37.400" level="INFO">Slept 1 second</msg>
<status status="PASS" starttime="20260219 14:51:36.274" endtime="20260219 14:51:37.401"/>
</kw>
<kw name="Wait Until Element Is Visible" library="SeleniumLibrary">
<arg>${LOGOUT_LINK}</arg>
<doc>Waits until the element ``locator`` is visible.</doc>
<status status="PASS" starttime="20260219 14:51:37.401" endtime="20260219 14:51:37.572"/>
</kw>
<kw name="Element Should Be Visible" library="SeleniumLibrary">
<arg>${LOGOUT_LINK}</arg>
<doc>Verifies that the element identified by ``locator`` is visible.</doc>
<msg timestamp="20260219 14:51:37.608" level="INFO">Element 'xpath=//a[contains(@href,"route=account/logout") and contains(text(),"Logout")]' is displayed.</msg>
<status status="PASS" starttime="20260219 14:51:37.572" endtime="20260219 14:51:37.608"/>
</kw>
<kw name="Click Element" library="SeleniumLibrary">
<arg>${LOGOUT_LINK}</arg>
<doc>Click the element identified by ``locator``.</doc>
<msg timestamp="20260219 14:51:37.609" level="INFO">Clicking element 'xpath=//a[contains(@href,"route=account/logout") and contains(text(),"Logout")]'.</msg>
<status status="PASS" starttime="20260219 14:51:37.608" endtime="20260219 14:51:38.826"/>
</kw>
<kw name="Wait Until Element Is Visible" library="SeleniumLibrary">
<arg>${LOGOUT_TEXT}</arg>
<doc>Waits until the element ``locator`` is visible.</doc>
<status status="PASS" starttime="20260219 14:51:38.826" endtime="20260219 14:51:38.896"/>
</kw>
<kw name="Element Should Be Visible" library="SeleniumLibrary">
<arg>${LOGOUT_TEXT}</arg>
<doc>Verifies that the element identified by ``locator`` is visible.</doc>
<msg timestamp="20260219 14:51:38.921" level="INFO">Element 'xpath=//h1[contains(text(),"Account Logout")]' is displayed.</msg>
<status status="PASS" starttime="20260219 14:51:38.896" endtime="20260219 14:51:38.921"/>
</kw>
<kw name="Page Should Contain" library="SeleniumLibrary">
<arg>Account Logout</arg>
<doc>Verifies that current page contains ``text``.</doc>
<msg timestamp="20260219 14:51:38.937" level="INFO">Current page contains text 'Account Logout'.</msg>
<status status="PASS" starttime="20260219 14:51:38.922" endtime="20260219 14:51:38.938"/>
</kw>
<kw name="Location Should Contain" library="SeleniumLibrary">
<arg>route=account/logout</arg>
<doc>Verifies that the current URL contains ``expected``.</doc>
<msg timestamp="20260219 14:51:38.946" level="INFO">Current location contains 'route=account/logout'.</msg>
<status status="PASS" starttime="20260219 14:51:38.938" endtime="20260219 14:51:38.946"/>
</kw>
<kw name="Log To Console" library="BuiltIn">
<arg>Logout Completed Successfully</arg>
<doc>Logs the given message to the console.</doc>
<status status="PASS" starttime="20260219 14:51:38.946" endtime="20260219 14:51:38.947"/>
</kw>
<status status="PASS" starttime="20260219 14:51:35.427" endtime="20260219 14:51:38.947"/>
</kw>
<status status="PASS" starttime="20260219 14:51:35.427" endtime="20260219 14:51:38.947"/>
</kw>
<status status="PASS" starttime="20260219 14:51:17.687" endtime="20260219 14:51:38.947"/>
</kw>
<kw name="Capture Screenshot On Failure" library="common" type="TEARDOWN">
<kw name="Run Keyword If Test Failed" library="BuiltIn">
<arg>Capture Page Screenshot</arg>
<doc>Runs the given keyword with the given arguments, if the test failed.</doc>
<status status="PASS" starttime="20260219 14:51:38.948" endtime="20260219 14:51:38.948"/>
</kw>
<status status="PASS" starttime="20260219 14:51:38.948" endtime="20260219 14:51:38.948"/>
</kw>
<status status="PASS" starttime="20260219 14:51:17.684" endtime="20260219 14:51:38.949"/>
</test>
<test id="s1-s1-t3" name="Register User With CSV for user Durga Prasad" line="18">
<kw name="Registration">
<arg>Durga</arg>
<arg>Prasad</arg>
<arg>9988776655</arg>
<arg>Prasad@123</arg>
<kw name="Register New User" library="register_keywords">
<kw name="Go To" library="SeleniumLibrary">
<arg>${BASE_URL}</arg>
<doc>Navigates the current browser window to the provided ``url``.</doc>
<msg timestamp="20260219 14:51:38.954" level="INFO">Opening url 'https://ecommerce-playground.lambdatest.io/index.php'</msg>
<status status="PASS" starttime="20260219 14:51:38.953" endtime="20260219 14:51:39.962"/>
</kw>
<kw name="Title Should Be" library="SeleniumLibrary">
<arg>Your Store</arg>
<doc>Verifies that the current page title equals ``title``.</doc>
<msg timestamp="20260219 14:51:40.132" level="INFO">Page title is 'Your Store'.</msg>
<status status="PASS" starttime="20260219 14:51:39.962" endtime="20260219 14:51:40.132"/>
</kw>
<kw name="Page Should Contain" library="SeleniumLibrary">
<arg>My account</arg>
<doc>Verifies that current page contains ``text``.</doc>
<msg timestamp="20260219 14:51:40.169" level="INFO">Current page contains text 'My account'.</msg>
<status status="PASS" starttime="20260219 14:51:40.132" endtime="20260219 14:51:40.169"/>
</kw>
<kw name="Wait Until Element Is Visible" library="SeleniumLibrary">
<arg>${MY_ACCOUNT_MENU}</arg>
<doc>Waits until the element ``locator`` is visible.</doc>
<status status="PASS" starttime="20260219 14:51:40.169" endtime="20260219 14:51:40.211"/>
</kw>
<kw name="Click Element" library="SeleniumLibrary">
<arg>${MY_ACCOUNT_MENU}</arg>
<doc>Click the element identified by ``locator``.</doc>
<msg timestamp="20260219 14:51:40.212" level="INFO">Clicking element 'xpath=//a[contains(@href,"route=account/account") and contains(@class,"dropdown-toggle")]'.</msg>
<status status="PASS" starttime="20260219 14:51:40.211" endtime="20260219 14:51:41.375"/>
</kw>
<kw name="Sleep" library="BuiltIn">
<arg>1s</arg>
<doc>Pauses the test executed for the given time.</doc>
<msg timestamp="20260219 14:51:42.376" level="INFO">Slept 1 second</msg>
<status status="PASS" starttime="20260219 14:51:41.375" endtime="20260219 14:51:42.376"/>
</kw>
<kw name="Wait Until Element Is Visible" library="SeleniumLibrary">
<arg>${REGISTER_LINK}</arg>
<doc>Waits until the element ``locator`` is visible.</doc>
<status status="PASS" starttime="20260219 14:51:42.376" endtime="20260219 14:51:42.404"/>
</kw>
<kw name="Click Element" library="SeleniumLibrary">
<arg>${REGISTER_LINK}</arg>
<doc>Click the element identified by ``locator``.</doc>
<msg timestamp="20260219 14:51:42.406" level="INFO">Clicking element 'xpath=//a[contains(@href,"route=account/register") and contains(text(),"Register")]'.</msg>
<status status="PASS" starttime="20260219 14:51:42.404" endtime="20260219 14:51:43.246"/>
</kw>
<kw name="Wait Until Page Contains" library="SeleniumLibrary">
<arg>Register Account</arg>
<doc>Waits until ``text`` appears on the current page.</doc>
<status status="PASS" starttime="20260219 14:51:43.246" endtime="20260219 14:51:43.267"/>
</kw>
<kw name="Location Should Contain" library="SeleniumLibrary">
<arg>route=account/register</arg>
<doc>Verifies that the current URL contains ``expected``.</doc>
<msg timestamp="20260219 14:51:43.279" level="INFO">Current location contains 'route=account/register'.</msg>
<status status="PASS" starttime="20260219 14:51:43.267" endtime="20260219 14:51:43.279"/>
</kw>
<status status="PASS" starttime="20260219 14:51:38.953" endtime="20260219 14:51:43.279"/>
</kw>
<kw name="input firstname" library="register_keywords">
<arg>${firstname}</arg>
<kw name="Input Text" library="SeleniumLibrary">
<arg>${FIRSTNAME_INPUT}</arg>
<arg>${firstname}</arg>
<doc>Types the given ``text`` into the text field identified by ``locator``.</doc>
<msg timestamp="20260219 14:51:43.281" level="INFO">Typing text 'Durga' into text field 'id=input-firstname'.</msg>
<status status="PASS" starttime="20260219 14:51:43.280" endtime="20260219 14:51:43.481"/>
</kw>
<status status="PASS" starttime="20260219 14:51:43.280" endtime="20260219 14:51:43.481"/>
</kw>
<kw name="input lastname" library="register_keywords">
<arg>${lastname}</arg>
<kw name="Input Text" library="SeleniumLibrary">
<arg>${LASTNAME_INPUT}</arg>
<arg>${lastname}</arg>
<doc>Types the given ``text`` into the text field identified by ``locator``.</doc>
<msg timestamp="20260219 14:51:43.482" level="INFO">Typing text 'Prasad' into text field 'id=input-lastname'.</msg>
<status status="PASS" starttime="20260219 14:51:43.481" endtime="20260219 14:51:43.661"/>
</kw>
<status status="PASS" starttime="20260219 14:51:43.481" endtime="20260219 14:51:43.661"/>
</kw>
<kw name="input email" library="register_keywords">
<kw name="Generate Unique Email" library="email_generator">
<kw name="Generate Random String" library="String">
<var>${random}</var>
<arg>3</arg>
<arg>0123456789</arg>
<doc>Generates a string with a desired ``length`` from the given ``chars``.</doc>
<msg timestamp="20260219 14:51:43.663" level="INFO">${random} = 026</msg>
<status status="PASS" starttime="20260219 14:51:43.662" endtime="20260219 14:51:43.663"/>
</kw>
<kw name="Set Variable" library="BuiltIn">
<var>${email}</var>
<arg>test_user_${random}@gmail.com</arg>
<doc>Returns the given values which can then be assigned to a variables.</doc>
<msg timestamp="20260219 14:51:43.663" level="INFO">${email} = test_user_026@gmail.com</msg>
<status status="PASS" starttime="20260219 14:51:43.663" endtime="20260219 14:51:43.663"/>
</kw>
<kw name="Set Suite Variable" library="BuiltIn">
<arg>${EMAIL}</arg>
<arg>${email}</arg>
<doc>Makes a variable available everywhere within the scope of the current suite.</doc>
<msg timestamp="20260219 14:51:43.664" level="INFO">${EMAIL} = test_user_026@gmail.com</msg>
<status status="PASS" starttime="20260219 14:51:43.664" endtime="20260219 14:51:43.664"/>
</kw>
<kw name="Log To Console" library="BuiltIn">
<arg>Dynamic Email Generated: ${EMAIL}</arg>
<doc>Logs the given message to the console.</doc>
<status status="PASS" starttime="20260219 14:51:43.664" endtime="20260219 14:51:43.665"/>
</kw>
<status status="PASS" starttime="20260219 14:51:43.662" endtime="20260219 14:51:43.665"/>
</kw>
<kw name="Log To Console" library="BuiltIn">
<arg>Registering with Email: ${EMAIL}</arg>
<doc>Logs the given message to the console.</doc>
<status status="PASS" starttime="20260219 14:51:43.666" endtime="20260219 14:51:43.666"/>
</kw>
<kw name="Input Text" library="SeleniumLibrary">
<arg>${EMAIL_INPUT}</arg>
<arg>${EMAIL}</arg>
<doc>Types the given ``text`` into the text field identified by ``locator``.</doc>
<msg timestamp="20260219 14:51:43.667" level="INFO">Typing text 'test_user_026@gmail.com' into text field 'id=input-email'.</msg>
<status status="PASS" starttime="20260219 14:51:43.666" endtime="20260219 14:51:43.954"/>
</kw>
<status status="PASS" starttime="20260219 14:51:43.662" endtime="20260219 14:51:43.954"/>
</kw>
<kw name="input phone" library="register_keywords">
<arg>${phone}</arg>
<kw name="Input Text" library="SeleniumLibrary">
<arg>${PHONE_INPUT}</arg>
<arg>${phone}</arg>
<doc>Types the given ``text`` into the text field identified by ``locator``.</doc>
<msg timestamp="20260219 14:51:43.957" level="INFO">Typing text '9988776655' into text field 'id=input-telephone'.</msg>
<status status="PASS" starttime="20260219 14:51:43.956" endtime="20260219 14:51:44.619"/>
</kw>
<status status="PASS" starttime="20260219 14:51:43.955" endtime="20260219 14:51:44.619"/>
</kw>
<kw name="input password" library="register_keywords">
<arg>${password}</arg>
<kw name="Input Text" library="SeleniumLibrary">
<arg>${PASSWORD_INPUT}</arg>
<arg>${password}</arg>
<doc>Types the given ``text`` into the text field identified by ``locator``.</doc>
<msg timestamp="20260219 14:51:44.622" level="INFO">Typing text 'Prasad@123' into text field 'id=input-password'.</msg>
<status status="PASS" starttime="20260219 14:51:44.620" endtime="20260219 14:51:44.805"/>
</kw>
<kw name="Input Text" library="SeleniumLibrary">
<arg>${CONFIRM_INPUT}</arg>
<arg>${password}</arg>
<doc>Types the given ``text`` into the text field identified by ``locator``.</doc>
<msg timestamp="20260219 14:51:44.807" level="INFO">Typing text 'Prasad@123' into text field 'id=input-confirm'.</msg>
<status status="PASS" starttime="20260219 14:51:44.805" endtime="20260219 14:51:44.967"/>
</kw>
<kw name="Textfield Value Should Be" library="SeleniumLibrary">
<arg>${CONFIRM_INPUT}</arg>
<arg>${password}</arg>
<doc>Verifies text field ``locator`` has exactly text ``expected``.</doc>
<msg timestamp="20260219 14:51:45.064" level="INFO">Content of text field 'id=input-confirm' is 'Prasad@123'.</msg>
<status status="PASS" starttime="20260219 14:51:44.968" endtime="20260219 14:51:45.065"/>
</kw>
<status status="PASS" starttime="20260219 14:51:44.619" endtime="20260219 14:51:45.065"/>
</kw>
<kw name="click agree" library="register_keywords">
<kw name="Click Element" library="SeleniumLibrary">
<arg>${AGREE_LABEL}</arg>
<doc>Click the element identified by ``locator``.</doc>
<msg timestamp="20260219 14:51:45.067" level="INFO">Clicking element 'xpath=//label[@for="input-agree"]'.</msg>
<status status="PASS" starttime="20260219 14:51:45.066" endtime="20260219 14:51:45.227"/>
</kw>
<kw name="Checkbox Should Be Selected" library="SeleniumLibrary">
<arg>id=input-agree</arg>
<doc>Verifies checkbox ``locator`` is selected/checked.</doc>
<msg timestamp="20260219 14:51:45.228" level="INFO">Verifying checkbox 'id=input-agree' is selected.</msg>
<status status="PASS" starttime="20260219 14:51:45.227" endtime="20260219 14:51:45.308"/>
</kw>
<status status="PASS" starttime="20260219 14:51:45.065" endtime="20260219 14:51:45.308"/>
</kw>
<kw name="click continue" library="register_keywords">
<kw name="Scroll Element Into View" library="SeleniumLibrary">
<arg>${CONTINUE_BUTTON}</arg>
<doc>Scrolls the element identified by ``locator`` into view.</doc>
<status status="PASS" starttime="20260219 14:51:45.309" endtime="20260219 14:51:45.594"/>
</kw>
<kw name="Click Button" library="SeleniumLibrary">
<arg>${CONTINUE_BUTTON}</arg>
<doc>Clicks the button identified by ``locator``.</doc>
<msg timestamp="20260219 14:51:45.595" level="INFO">Clicking button 'css=input.btn.btn-primary[type="submit"][value="Continue"]'.</msg>
<status status="PASS" starttime="20260219 14:51:45.594" endtime="20260219 14:51:45.730"/>
</kw>
<kw name="Wait Until Element Is Visible" library="SeleniumLibrary">
<arg>${SUCCESS_TEXT}</arg>
<doc>Waits until the element ``locator`` is visible.</doc>
<status status="PASS" starttime="20260219 14:51:45.730" endtime="20260219 14:51:47.207"/>
</kw>
<kw name="Page Should Contain" library="SeleniumLibrary">
<arg>Your Account Has Been Created</arg>
<doc>Verifies that current page contains ``text``.</doc>
<msg timestamp="20260219 14:51:47.222" level="INFO">Current page contains text 'Your Account Has Been Created'.</msg>
<status status="PASS" starttime="20260219 14:51:47.207" endtime="20260219 14:51:47.222"/>
</kw>
<kw name="Log To Console" library="BuiltIn">
<arg>Registration Completed Successfully for ${firstname}</arg>
<doc>Logs the given message to the console.</doc>
<status status="PASS" starttime="20260219 14:51:47.223" endtime="20260219 14:51:47.223"/>
</kw>
<status status="PASS" starttime="20260219 14:51:45.308" endtime="20260219 14:51:47.223"/>
</kw>
<kw name="click logout" library="register_keywords">
<kw name="Logout User Successfully" library="logout_keywords">
<kw name="Wait Until Element Is Visible" library="SeleniumLibrary">
<arg>${MY_ACCOUNT_MENU}</arg>
<doc>Waits until the element ``locator`` is visible.</doc>
<status status="PASS" starttime="20260219 14:51:47.224" endtime="20260219 14:51:47.370"/>
</kw>
<kw name="Click Element" library="SeleniumLibrary">
<arg>${MY_ACCOUNT_MENU}</arg>
<doc>Click the element identified by ``locator``.</doc>
<msg timestamp="20260219 14:51:47.371" level="INFO">Clicking element 'xpath=//a[contains(@href,"route=account/account") and contains(@class,"dropdown-toggle")]'.</msg>
<status status="PASS" starttime="20260219 14:51:47.370" endtime="20260219 14:51:48.684"/>
</kw>
<kw name="Sleep" library="BuiltIn">
<arg>1s</arg>
<doc>Pauses the test executed for the given time.</doc>
<msg timestamp="20260219 14:51:49.690" level="INFO">Slept 1 second</msg>
<status status="PASS" starttime="20260219 14:51:48.685" endtime="20260219 14:51:49.692"/>
</kw>
<kw name="Wait Until Element Is Visible" library="SeleniumLibrary">
<arg>${LOGOUT_LINK}</arg>
<doc>Waits until the element ``locator`` is visible.</doc>
<status status="PASS" starttime="20260219 14:51:49.692" endtime="20260219 14:51:49.733"/>
</kw>
<kw name="Element Should Be Visible" library="SeleniumLibrary">
<arg>${LOGOUT_LINK}</arg>
<doc>Verifies that the element identified by ``locator`` is visible.</doc>
<msg timestamp="20260219 14:51:49.845" level="INFO">Element 'xpath=//a[contains(@href,"route=account/logout") and contains(text(),"Logout")]' is displayed.</msg>
<status status="PASS" starttime="20260219 14:51:49.733" endtime="20260219 14:51:49.845"/>
</kw>
<kw name="Click Element" library="SeleniumLibrary">
<arg>${LOGOUT_LINK}</arg>
<doc>Click the element identified by ``locator``.</doc>
<msg timestamp="20260219 14:51:49.846" level="INFO">Clicking element 'xpath=//a[contains(@href,"route=account/logout") and contains(text(),"Logout")]'.</msg>
<status status="PASS" starttime="20260219 14:51:49.845" endtime="20260219 14:51:50.968"/>
</kw>
<kw name="Wait Until Element Is Visible" library="SeleniumLibrary">
<arg>${LOGOUT_TEXT}</arg>
<doc>Waits until the element ``locator`` is visible.</doc>
<status status="PASS" starttime="20260219 14:51:50.968" endtime="20260219 14:51:51.154"/>
</kw>
<kw name="Element Should Be Visible" library="SeleniumLibrary">
<arg>${LOGOUT_TEXT}</arg>
<doc>Verifies that the element identified by ``locator`` is visible.</doc>
<msg timestamp="20260219 14:51:51.265" level="INFO">Element 'xpath=//h1[contains(text(),"Account Logout")]' is displayed.</msg>
<status status="PASS" starttime="20260219 14:51:51.154" endtime="20260219 14:51:51.265"/>
</kw>
<kw name="Page Should Contain" library="SeleniumLibrary">
<arg>Account Logout</arg>
<doc>Verifies that current page contains ``text``.</doc>
<msg timestamp="20260219 14:51:51.466" level="INFO">Current page contains text 'Account Logout'.</msg>
<status status="PASS" starttime="20260219 14:51:51.265" endtime="20260219 14:51:51.466"/>
</kw>
<kw name="Location Should Contain" library="SeleniumLibrary">
<arg>route=account/logout</arg>
<doc>Verifies that the current URL contains ``expected``.</doc>
<msg timestamp="20260219 14:51:51.803" level="INFO">Current location contains 'route=account/logout'.</msg>
<status status="PASS" starttime="20260219 14:51:51.466" endtime="20260219 14:51:51.803"/>
</kw>
<kw name="Log To Console" library="BuiltIn">
<arg>Logout Completed Successfully</arg>
<doc>Logs the given message to the console.</doc>
<status status="PASS" starttime="20260219 14:51:51.804" endtime="20260219 14:51:51.809"/>
</kw>
<status status="PASS" starttime="20260219 14:51:47.224" endtime="20260219 14:51:51.809"/>
</kw>
<status status="PASS" starttime="20260219 14:51:47.223" endtime="20260219 14:51:51.809"/>
</kw>
<kw name="Login User Successfully" library="login_keywords">
<arg>${password}</arg>
<kw name="Go To" library="SeleniumLibrary">
<arg>${BASE_URL}</arg>
<doc>Navigates the current browser window to the provided ``url``.</doc>
<msg timestamp="20260219 14:51:51.811" level="INFO">Opening url 'https://ecommerce-playground.lambdatest.io/index.php'</msg>
<status status="PASS" starttime="20260219 14:51:51.810" endtime="20260219 14:51:53.048"/>
</kw>
<kw name="Page Should Contain" library="SeleniumLibrary">
<arg>My account</arg>
<doc>Verifies that current page contains ``text``.</doc>
<msg timestamp="20260219 14:51:53.235" level="INFO">Current page contains text 'My account'.</msg>
<status status="PASS" starttime="20260219 14:51:53.048" endtime="20260219 14:51:53.235"/>
</kw>
<kw name="Wait Until Element Is Visible" library="SeleniumLibrary">
<arg>${MY_ACCOUNT_MENU}</arg>
<doc>Waits until the element ``locator`` is visible.</doc>
<status status="PASS" starttime="20260219 14:51:53.235" endtime="20260219 14:51:53.291"/>
</kw>
<kw name="Click Element" library="SeleniumLibrary">
<arg>${MY_ACCOUNT_MENU}</arg>
<doc>Click the element identified by ``locator``.</doc>
<msg timestamp="20260219 14:51:53.292" level="INFO">Clicking element 'xpath=//a[contains(@href,"route=account/account") and contains(@class,"dropdown-toggle")]'.</msg>
<status status="PASS" starttime="20260219 14:51:53.291" endtime="20260219 14:51:54.541"/>
</kw>
<kw name="Sleep" library="BuiltIn">
<arg>1s</arg>
<doc>Pauses the test executed for the given time.</doc>
<msg timestamp="20260219 14:51:55.542" level="INFO">Slept 1 second</msg>
<status status="PASS" starttime="20260219 14:51:54.541" endtime="20260219 14:51:55.542"/>
</kw>
<kw name="Wait Until Element Is Visible" library="SeleniumLibrary">
<arg>${LOGIN_LINK}</arg>
<doc>Waits until the element ``locator`` is visible.</doc>
<status status="PASS" starttime="20260219 14:51:55.543" endtime="20260219 14:51:55.568"/>
</kw>
<kw name="Click Element" library="SeleniumLibrary">
<arg>${LOGIN_LINK}</arg>
<doc>Click the element identified by ``locator``.</doc>
<msg timestamp="20260219 14:51:55.568" level="INFO">Clicking element 'xpath=//a[contains(@href,"route=account/login") and contains(text(),"Login")]'.</msg>
<status status="PASS" starttime="20260219 14:51:55.568" endtime="20260219 14:51:56.349"/>
</kw>
<kw name="Wait Until Page Contains" library="SeleniumLibrary">
<arg>Account Login</arg>
<doc>Waits until ``text`` appears on the current page.</doc>
<status status="PASS" starttime="20260219 14:51:56.349" endtime="20260219 14:51:56.369"/>
</kw>
<kw name="Location Should Contain" library="SeleniumLibrary">
<arg>route=account/login</arg>
<doc>Verifies that the current URL contains ``expected``.</doc>
<msg timestamp="20260219 14:51:56.376" level="INFO">Current location contains 'route=account/login'.</msg>
<status status="PASS" starttime="20260219 14:51:56.369" endtime="20260219 14:51:56.376"/>
</kw>
<kw name="Log To Console" library="BuiltIn">
<arg>Logging in with Email: ${EMAIL}</arg>
<doc>Logs the given message to the console.</doc>
<status status="PASS" starttime="20260219 14:51:56.376" endtime="20260219 14:51:56.376"/>
</kw>
<kw name="Input Text" library="SeleniumLibrary">
<arg>${EMAIL_INPUT}</arg>
<arg>${EMAIL}</arg>
<doc>Types the given ``text`` into the text field identified by ``locator``.</doc>
<msg timestamp="20260219 14:51:56.377" level="INFO">Typing text 'test_user_026@gmail.com' into text field 'id=input-email'.</msg>
<status status="PASS" starttime="20260219 14:51:56.377" endtime="20260219 14:51:56.761"/>
</kw>
<kw name="Input Text" library="SeleniumLibrary">
<arg>${PASSWORD_INPUT}</arg>
<arg>${password}</arg>
<doc>Types the given ``text`` into the text field identified by ``locator``.</doc>
<msg timestamp="20260219 14:51:56.763" level="INFO">Typing text 'Prasad@123' into text field 'id=input-password'.</msg>
<status status="PASS" starttime="20260219 14:51:56.761" endtime="20260219 14:51:56.965"/>
</kw>
<kw name="Click Button" library="SeleniumLibrary">
<arg>${LOGIN_BUTTON}</arg>
<doc>Clicks the button identified by ``locator``.</doc>
<msg timestamp="20260219 14:51:56.966" level="INFO">Clicking button 'css=input.btn.btn-primary[value="Login"]'.</msg>
<status status="PASS" starttime="20260219 14:51:56.966" endtime="20260219 14:51:57.136"/>
</kw>
<kw name="Wait Until Page Contains" library="SeleniumLibrary">
<arg>My Account</arg>
<doc>Waits until ``text`` appears on the current page.</doc>
<status status="PASS" starttime="20260219 14:51:57.136" endtime="20260219 14:51:58.346"/>
</kw>
<kw name="Wait Until Element Is Visible" library="SeleniumLibrary">
<arg>${MY_ACCOUNT_HEADING}</arg>
<doc>Waits until the element ``locator`` is visible.</doc>
<status status="PASS" starttime="20260219 14:51:58.347" endtime="20260219 14:51:58.373"/>
</kw>
<kw name="Page Should Contain" library="SeleniumLibrary">
<arg>My Account</arg>
<doc>Verifies that current page contains ``text``.</doc>
<msg timestamp="20260219 14:51:58.387" level="INFO">Current page contains text 'My Account'.</msg>
<status status="PASS" starttime="20260219 14:51:58.373" endtime="20260219 14:51:58.387"/>
</kw>
<kw name="Location Should Contain" library="SeleniumLibrary">
<arg>route=account/account</arg>
<doc>Verifies that the current URL contains ``expected``.</doc>
<msg timestamp="20260219 14:51:58.393" level="INFO">Current location contains 'route=account/account'.</msg>
<status status="PASS" starttime="20260219 14:51:58.387" endtime="20260219 14:51:58.393"/>
</kw>
<kw name="Log To Console" library="BuiltIn">
<arg>Login Successful After Logout</arg>
<doc>Logs the given message to the console.</doc>
<status status="PASS" starttime="20260219 14:51:58.394" endtime="20260219 14:51:58.394"/>
</kw>
<status status="PASS" starttime="20260219 14:51:51.809" endtime="20260219 14:51:58.394"/>
</kw>
<kw name="click logout" library="register_keywords">
<kw name="Logout User Successfully" library="logout_keywords">
<kw name="Wait Until Element Is Visible" library="SeleniumLibrary">
<arg>${MY_ACCOUNT_MENU}</arg>
<doc>Waits until the element ``locator`` is visible.</doc>
<status status="PASS" starttime="20260219 14:51:58.395" endtime="20260219 14:51:58.520"/>
</kw>
<kw name="Click Element" library="SeleniumLibrary">
<arg>${MY_ACCOUNT_MENU}</arg>
<doc>Click the element identified by ``locator``.</doc>
<msg timestamp="20260219 14:51:58.521" level="INFO">Clicking element 'xpath=//a[contains(@href,"route=account/account") and contains(@class,"dropdown-toggle")]'.</msg>
<status status="PASS" starttime="20260219 14:51:58.520" endtime="20260219 14:51:59.274"/>
</kw>
<kw name="Sleep" library="BuiltIn">
<arg>1s</arg>
<doc>Pauses the test executed for the given time.</doc>
<msg timestamp="20260219 14:52:00.276" level="INFO">Slept 1 second</msg>
<status status="PASS" starttime="20260219 14:51:59.275" endtime="20260219 14:52:00.276"/>
</kw>
<kw name="Wait Until Element Is Visible" library="SeleniumLibrary">
<arg>${LOGOUT_LINK}</arg>
<doc>Waits until the element ``locator`` is visible.</doc>
<status status="PASS" starttime="20260219 14:52:00.276" endtime="20260219 14:52:00.299"/>
</kw>
<kw name="Element Should Be Visible" library="SeleniumLibrary">
<arg>${LOGOUT_LINK}</arg>
<doc>Verifies that the element identified by ``locator`` is visible.</doc>
<msg timestamp="20260219 14:52:00.352" level="INFO">Element 'xpath=//a[contains(@href,"route=account/logout") and contains(text(),"Logout")]' is displayed.</msg>
<status status="PASS" starttime="20260219 14:52:00.300" endtime="20260219 14:52:00.352"/>
</kw>
<kw name="Click Element" library="SeleniumLibrary">
<arg>${LOGOUT_LINK}</arg>
<doc>Click the element identified by ``locator``.</doc>
<msg timestamp="20260219 14:52:00.353" level="INFO">Clicking element 'xpath=//a[contains(@href,"route=account/logout") and contains(text(),"Logout")]'.</msg>
<status status="PASS" starttime="20260219 14:52:00.352" endtime="20260219 14:52:01.442"/>
</kw>
<kw name="Wait Until Element Is Visible" library="SeleniumLibrary">
<arg>${LOGOUT_TEXT}</arg>
<doc>Waits until the element ``locator`` is visible.</doc>
<status status="PASS" starttime="20260219 14:52:01.443" endtime="20260219 14:52:01.500"/>
</kw>
<kw name="Element Should Be Visible" library="SeleniumLibrary">
<arg>${LOGOUT_TEXT}</arg>
<doc>Verifies that the element identified by ``locator`` is visible.</doc>
<msg timestamp="20260219 14:52:01.536" level="INFO">Element 'xpath=//h1[contains(text(),"Account Logout")]' is displayed.</msg>
<status status="PASS" starttime="20260219 14:52:01.500" endtime="20260219 14:52:01.536"/>
</kw>
<kw name="Page Should Contain" library="SeleniumLibrary">
<arg>Account Logout</arg>
<doc>Verifies that current page contains ``text``.</doc>
<msg timestamp="20260219 14:52:01.551" level="INFO">Current page contains text 'Account Logout'.</msg>
<status status="PASS" starttime="20260219 14:52:01.536" endtime="20260219 14:52:01.551"/>
</kw>
<kw name="Location Should Contain" library="SeleniumLibrary">
<arg>route=account/logout</arg>
<doc>Verifies that the current URL contains ``expected``.</doc>
<msg timestamp="20260219 14:52:01.560" level="INFO">Current location contains 'route=account/logout'.</msg>
<status status="PASS" starttime="20260219 14:52:01.552" endtime="20260219 14:52:01.560"/>
</kw>
<kw name="Log To Console" library="BuiltIn">
<arg>Logout Completed Successfully</arg>
<doc>Logs the given message to the console.</doc>
<status status="PASS" starttime="20260219 14:52:01.560" endtime="20260219 14:52:01.561"/>
</kw>
<status status="PASS" starttime="20260219 14:51:58.395" endtime="20260219 14:52:01.561"/>
</kw>
<status status="PASS" starttime="20260219 14:51:58.394" endtime="20260219 14:52:01.561"/>
</kw>
<status status="PASS" starttime="20260219 14:51:38.953" endtime="20260219 14:52:01.561"/>
</kw>
<kw name="Capture Screenshot On Failure" library="common" type="TEARDOWN">
<kw name="Run Keyword If Test Failed" library="BuiltIn">
<arg>Capture Page Screenshot</arg>
<doc>Runs the given keyword with the given arguments, if the test failed.</doc>
<status status="PASS" starttime="20260219 14:52:01.563" endtime="20260219 14:52:01.563"/>
</kw>
<status status="PASS" starttime="20260219 14:52:01.562" endtime="20260219 14:52:01.563"/>
</kw>
<status status="PASS" starttime="20260219 14:51:38.950" endtime="20260219 14:52:01.564"/>
</test>
<kw name="Close Site" library="common" type="TEARDOWN">
<kw name="Close Browser" library="SeleniumLibrary">
<doc>Closes the current browser.</doc>
<status status="PASS" starttime="20260219 14:52:01.567" endtime="20260219 14:52:04.007"/>
</kw>
<status status="PASS" starttime="20260219 14:52:01.567" endtime="20260219 14:52:04.007"/>
</kw>
<status status="PASS" starttime="20260219 14:50:42.646" endtime="20260219 14:52:04.007"/>
</suite>
<suite id="s1-s2" name="Tc02 Search Product View" source="C:\Users\abhir\PycharmProjects\Wipro_2026\robot_framework_capstone_oldoriginal\tests\tc02_search_product_view.robot">
<kw name="Open Site" library="common" type="SETUP">
<kw name="Open Browser" library="SeleniumLibrary">
<arg>${BASE_URL}</arg>
<arg>${BROWSER}</arg>
<doc>Opens a new browser instance to the optional ``url``.</doc>
<msg timestamp="20260219 14:52:04.051" level="INFO">Opening browser 'chrome' to base url 'https://ecommerce-playground.lambdatest.io/index.php'.</msg>
<status status="PASS" starttime="20260219 14:52:04.050" endtime="20260219 14:52:09.563"/>
</kw>
<kw name="Maximize Browser Window" library="SeleniumLibrary">
<doc>Maximizes current browser window.</doc>
<status status="PASS" starttime="20260219 14:52:09.563" endtime="20260219 14:52:09.703"/>
</kw>
<kw name="Set Selenium Timeout" library="SeleniumLibrary">
<arg>10s</arg>
<doc>Sets the timeout that is used by various keywords.</doc>
<status status="PASS" starttime="20260219 14:52:09.703" endtime="20260219 14:52:09.706"/>
</kw>
<status status="PASS" starttime="20260219 14:52:04.050" endtime="20260219 14:52:09.706"/>
</kw>
<test id="s1-s2-t1" name="Product Search and View for product- HP" line="17">
[...]
<status status="PASS" starttime="20260219 14:54:53.069" endtime="20260219 14:54:53.076"/>
</kw>
<status status="PASS" starttime="20260219 14:54:49.179" endtime="20260219 14:54:53.076"/>
</kw>
<kw name="input email for login" library="logout_keywords">
<arg>${email}</arg>
<kw name="Log To Console" library="BuiltIn">
<arg>Logging in with Email: ${email}</arg>
<doc>Logs the given message to the console.</doc>
<status status="PASS" starttime="20260219 14:54:53.076" endtime="20260219 14:54:53.077"/>
</kw>
<kw name="Input Text" library="SeleniumLibrary">
<arg>${EMAIL_INPUT}</arg>
<arg>${email}</arg>
<doc>Types the given ``text`` into the text field identified by ``locator``.</doc>
<msg timestamp="20260219 14:54:53.078" level="INFO">Typing text 'abhiram2@gmail.com' into text field 'id=input-email'.</msg>
<status status="PASS" starttime="20260219 14:54:53.077" endtime="20260219 14:54:53.602"/>
</kw>
<status status="PASS" starttime="20260219 14:54:53.076" endtime="20260219 14:54:53.602"/>
</kw>
<kw name="input password for login" library="logout_keywords">
<arg>${password}</arg>
<kw name="Input Text" library="SeleniumLibrary">
<arg>${PASSWORD_INPUT}</arg>
<arg>${password}</arg>
<doc>Types the given ``text`` into the text field identified by ``locator``.</doc>
<msg timestamp="20260219 14:54:53.604" level="INFO">Typing text 'Test@123' into text field 'id=input-password'.</msg>
<status status="PASS" starttime="20260219 14:54:53.603" endtime="20260219 14:54:53.752"/>
</kw>
<status status="PASS" starttime="20260219 14:54:53.602" endtime="20260219 14:54:53.752"/>
</kw>
<kw name="click login" library="logout_keywords">
<kw name="Click Button" library="SeleniumLibrary">
<arg>${LOGIN_BUTTON}</arg>
<doc>Clicks the button identified by ``locator``.</doc>
<msg timestamp="20260219 14:54:53.753" level="INFO">Clicking button 'css=input.btn.btn-primary[value="Login"]'.</msg>
<status status="PASS" starttime="20260219 14:54:53.753" endtime="20260219 14:54:55.006"/>
</kw>
<kw name="Wait Until Page Contains" library="SeleniumLibrary">
<arg>My Account</arg>
<doc>Waits until ``text`` appears on the current page.</doc>
<status status="PASS" starttime="20260219 14:54:55.006" endtime="20260219 14:54:55.054"/>
</kw>
<kw name="Wait Until Element Is Visible" library="SeleniumLibrary">
<arg>${MY_ACCOUNT_HEADING}</arg>
<doc>Waits until the element ``locator`` is visible.</doc>
<status status="PASS" starttime="20260219 14:54:55.054" endtime="20260219 14:54:55.097"/>
</kw>
<kw name="Page Should Contain" library="SeleniumLibrary">
<arg>My Account</arg>
<doc>Verifies that current page contains ``text``.</doc>
<msg timestamp="20260219 14:54:55.117" level="INFO">Current page contains text 'My Account'.</msg>
<status status="PASS" starttime="20260219 14:54:55.098" endtime="20260219 14:54:55.117"/>
</kw>
<kw name="Location Should Contain" library="SeleniumLibrary">
<arg>route=account/account</arg>
<doc>Verifies that the current URL contains ``expected``.</doc>
<msg timestamp="20260219 14:54:55.127" level="INFO">Current location contains 'route=account/account'.</msg>
<status status="PASS" starttime="20260219 14:54:55.117" endtime="20260219 14:54:55.127"/>
</kw>
<kw name="Log To Console" library="BuiltIn">
<arg>Login Successful</arg>
<doc>Logs the given message to the console.</doc>
<status status="PASS" starttime="20260219 14:54:55.127" endtime="20260219 14:54:55.128"/>
</kw>
<status status="PASS" starttime="20260219 14:54:53.752" endtime="20260219 14:54:55.128"/>
</kw>
<kw name="Logout User Successfully" library="logout_keywords">
<kw name="Wait Until Element Is Visible" library="SeleniumLibrary">
<arg>${MY_ACCOUNT_MENU}</arg>
<doc>Waits until the element ``locator`` is visible.</doc>
<status status="PASS" starttime="20260219 14:54:55.129" endtime="20260219 14:54:55.199"/>
</kw>
<kw name="Click Element" library="SeleniumLibrary">
<arg>${MY_ACCOUNT_MENU}</arg>
<doc>Click the element identified by ``locator``.</doc>
<msg timestamp="20260219 14:54:55.200" level="INFO">Clicking element 'xpath=//a[contains(@href,"route=account/account") and contains(@class,"dropdown-toggle")]'.</msg>
<status status="PASS" starttime="20260219 14:54:55.199" endtime="20260219 14:54:55.942"/>
</kw>
<kw name="Sleep" library="BuiltIn">
<arg>1s</arg>
<doc>Pauses the test executed for the given time.</doc>
<msg timestamp="20260219 14:54:56.943" level="INFO">Slept 1 second</msg>
<status status="PASS" starttime="20260219 14:54:55.942" endtime="20260219 14:54:56.943"/>
</kw>
<kw name="Wait Until Element Is Visible" library="SeleniumLibrary">
<arg>${LOGOUT_LINK}</arg>
<doc>Waits until the element ``locator`` is visible.</doc>
<status status="PASS" starttime="20260219 14:54:56.944" endtime="20260219 14:54:57.005"/>
</kw>
<kw name="Element Should Be Visible" library="SeleniumLibrary">
<arg>${LOGOUT_LINK}</arg>
<doc>Verifies that the element identified by ``locator`` is visible.</doc>
<msg timestamp="20260219 14:54:57.053" level="INFO">Element 'xpath=//a[contains(@href,"route=account/logout") and contains(text(),"Logout")]' is displayed.</msg>
<status status="PASS" starttime="20260219 14:54:57.005" endtime="20260219 14:54:57.053"/>
</kw>
<kw name="Click Element" library="SeleniumLibrary">
<arg>${LOGOUT_LINK}</arg>
<doc>Click the element identified by ``locator``.</doc>
<msg timestamp="20260219 14:54:57.054" level="INFO">Clicking element 'xpath=//a[contains(@href,"route=account/logout") and contains(text(),"Logout")]'.</msg>
<status status="PASS" starttime="20260219 14:54:57.053" endtime="20260219 14:54:58.265"/>
</kw>
<kw name="Wait Until Element Is Visible" library="SeleniumLibrary">
<arg>${LOGOUT_TEXT}</arg>
<doc>Waits until the element ``locator`` is visible.</doc>
<status status="PASS" starttime="20260219 14:54:58.265" endtime="20260219 14:54:58.312"/>
</kw>
<kw name="Element Should Be Visible" library="SeleniumLibrary">
<arg>${LOGOUT_TEXT}</arg>
<doc>Verifies that the element identified by ``locator`` is visible.</doc>
<msg timestamp="20260219 14:54:58.357" level="INFO">Element 'xpath=//h1[contains(text(),"Account Logout")]' is displayed.</msg>
<status status="PASS" starttime="20260219 14:54:58.313" endtime="20260219 14:54:58.357"/>
</kw>
<kw name="Page Should Contain" library="SeleniumLibrary">
<arg>Account Logout</arg>
<doc>Verifies that current page contains ``text``.</doc>
<msg timestamp="20260219 14:54:58.372" level="INFO">Current page contains text 'Account Logout'.</msg>
<status status="PASS" starttime="20260219 14:54:58.357" endtime="20260219 14:54:58.372"/>
</kw>
<kw name="Location Should Contain" library="SeleniumLibrary">
<arg>route=account/logout</arg>
<doc>Verifies that the current URL contains ``expected``.</doc>
<msg timestamp="20260219 14:54:58.379" level="INFO">Current location contains 'route=account/logout'.</msg>
<status status="PASS" starttime="20260219 14:54:58.372" endtime="20260219 14:54:58.379"/>
</kw>
<kw name="Log To Console" library="BuiltIn">
<arg>Logout Completed Successfully</arg>
<doc>Logs the given message to the console.</doc>
<status status="PASS" starttime="20260219 14:54:58.379" endtime="20260219 14:54:58.379"/>
</kw>
<status status="PASS" starttime="20260219 14:54:55.128" endtime="20260219 14:54:58.379"/>
</kw>
<status status="PASS" starttime="20260219 14:54:49.178" endtime="20260219 14:54:58.380"/>
</kw>
<kw name="Capture Screenshot On Failure" library="common" type="TEARDOWN">
<kw name="Run Keyword If Test Failed" library="BuiltIn">
<arg>Capture Page Screenshot</arg>
<doc>Runs the given keyword with the given arguments, if the test failed.</doc>
<status status="PASS" starttime="20260219 14:54:58.381" endtime="20260219 14:54:58.381"/>
</kw>
<status status="PASS" starttime="20260219 14:54:58.381" endtime="20260219 14:54:58.382"/>
</kw>
<status status="PASS" starttime="20260219 14:54:49.175" endtime="20260219 14:54:58.382"/>
</test>
<test id="s1-s5-t3" name="Logout for email - abhiram3@gmail.com" line="19">
<kw name="Logout">
<arg>abhiram3@gmail.com</arg>
<arg>Test@123</arg>
<kw name="Login User" library="logout_keywords">
<kw name="Go To" library="SeleniumLibrary">
<arg>${BASE_URL}</arg>
<doc>Navigates the current browser window to the provided ``url``.</doc>
<msg timestamp="20260219 14:54:58.567" level="INFO">Opening url 'https://ecommerce-playground.lambdatest.io/index.php'</msg>
<status status="PASS" starttime="20260219 14:54:58.567" endtime="20260219 14:55:00.285"/>
</kw>
<kw name="Page Should Contain" library="SeleniumLibrary">
<arg>My account</arg>
<doc>Verifies that current page contains ``text``.</doc>
<msg timestamp="20260219 14:55:00.588" level="INFO">Current page contains text 'My account'.</msg>
<status status="PASS" starttime="20260219 14:55:00.285" endtime="20260219 14:55:00.589"/>
</kw>
<kw name="Wait Until Element Is Visible" library="SeleniumLibrary">
<arg>${MY_ACCOUNT_MENU}</arg>
<doc>Waits until the element ``locator`` is visible.</doc>
<status status="PASS" starttime="20260219 14:55:00.589" endtime="20260219 14:55:01.163"/>
</kw>
<kw name="Click Element" library="SeleniumLibrary">
<arg>${MY_ACCOUNT_MENU}</arg>
<doc>Click the element identified by ``locator``.</doc>
<msg timestamp="20260219 14:55:01.164" level="INFO">Clicking element 'xpath=//a[contains(@href,"route=account/account") and contains(@class,"dropdown-toggle")]'.</msg>
<status status="PASS" starttime="20260219 14:55:01.163" endtime="20260219 14:55:02.895"/>
</kw>
<kw name="Sleep" library="BuiltIn">
<arg>1s</arg>
<doc>Pauses the test executed for the given time.</doc>
<msg timestamp="20260219 14:55:03.895" level="INFO">Slept 1 second</msg>
<status status="PASS" starttime="20260219 14:55:02.895" endtime="20260219 14:55:03.896"/>
</kw>
<kw name="Wait Until Element Is Visible" library="SeleniumLibrary">
<arg>${LOGIN_LINK}</arg>
<doc>Waits until the element ``locator`` is visible.</doc>
<status status="PASS" starttime="20260219 14:55:03.896" endtime="20260219 14:55:03.918"/>
</kw>
<kw name="Click Element" library="SeleniumLibrary">
<arg>${LOGIN_LINK}</arg>
<doc>Click the element identified by ``locator``.</doc>
<msg timestamp="20260219 14:55:03.918" level="INFO">Clicking element 'xpath=//a[contains(@href,"route=account/login") and contains(text(),"Login")]'.</msg>
<status status="PASS" starttime="20260219 14:55:03.918" endtime="20260219 14:55:04.675"/>
</kw>
<kw name="Wait Until Page Contains" library="SeleniumLibrary">
<arg>Account Login</arg>
<doc>Waits until ``text`` appears on the current page.</doc>
<status status="PASS" starttime="20260219 14:55:04.675" endtime="20260219 14:55:04.711"/>
</kw>
<kw name="Location Should Contain" library="SeleniumLibrary">
<arg>route=account/login</arg>
<doc>Verifies that the current URL contains ``expected``.</doc>
<msg timestamp="20260219 14:55:04.717" level="INFO">Current location contains 'route=account/login'.</msg>
<status status="PASS" starttime="20260219 14:55:04.712" endtime="20260219 14:55:04.717"/>
</kw>
<status status="PASS" starttime="20260219 14:54:58.567" endtime="20260219 14:55:04.718"/>
</kw>
<kw name="input email for login" library="logout_keywords">
<arg>${email}</arg>
<kw name="Log To Console" library="BuiltIn">
<arg>Logging in with Email: ${email}</arg>
<doc>Logs the given message to the console.</doc>
<status status="PASS" starttime="20260219 14:55:04.718" endtime="20260219 14:55:04.719"/>
</kw>
<kw name="Input Text" library="SeleniumLibrary">
<arg>${EMAIL_INPUT}</arg>
<arg>${email}</arg>
<doc>Types the given ``text`` into the text field identified by ``locator``.</doc>
<msg timestamp="20260219 14:55:04.720" level="INFO">Typing text 'abhiram3@gmail.com' into text field 'id=input-email'.</msg>
<status status="PASS" starttime="20260219 14:55:04.719" endtime="20260219 14:55:04.903"/>
</kw>
<status status="PASS" starttime="20260219 14:55:04.718" endtime="20260219 14:55:04.904"/>
</kw>
<kw name="input password for login" library="logout_keywords">
<arg>${password}</arg>
<kw name="Input Text" library="SeleniumLibrary">
<arg>${PASSWORD_INPUT}</arg>
<arg>${password}</arg>
<doc>Types the given ``text`` into the text field identified by ``locator``.</doc>
<msg timestamp="20260219 14:55:04.906" level="INFO">Typing text 'Test@123' into text field 'id=input-password'.</msg>
<status status="PASS" starttime="20260219 14:55:04.905" endtime="20260219 14:55:05.104"/>
</kw>
<status status="PASS" starttime="20260219 14:55:04.904" endtime="20260219 14:55:05.105"/>
</kw>
<kw name="click login" library="logout_keywords">
<kw name="Click Button" library="SeleniumLibrary">
<arg>${LOGIN_BUTTON}</arg>
<doc>Clicks the button identified by ``locator``.</doc>
<msg timestamp="20260219 14:55:05.106" level="INFO">Clicking button 'css=input.btn.btn-primary[value="Login"]'.</msg>
<status status="PASS" starttime="20260219 14:55:05.105" endtime="20260219 14:55:06.341"/>
</kw>
<kw name="Wait Until Page Contains" library="SeleniumLibrary">
<arg>My Account</arg>
<doc>Waits until ``text`` appears on the current page.</doc>
<status status="PASS" starttime="20260219 14:55:06.341" endtime="20260219 14:55:06.382"/>
</kw>
<kw name="Wait Until Element Is Visible" library="SeleniumLibrary">
<arg>${MY_ACCOUNT_HEADING}</arg>
<doc>Waits until the element ``locator`` is visible.</doc>
<status status="PASS" starttime="20260219 14:55:06.383" endtime="20260219 14:55:06.424"/>
</kw>
<kw name="Page Should Contain" library="SeleniumLibrary">
<arg>My Account</arg>
<doc>Verifies that current page contains ``text``.</doc>
<msg timestamp="20260219 14:55:06.440" level="INFO">Current page contains text 'My Account'.</msg>
<status status="PASS" starttime="20260219 14:55:06.424" endtime="20260219 14:55:06.440"/>
</kw>
<kw name="Location Should Contain" library="SeleniumLibrary">
<arg>route=account/account</arg>
<doc>Verifies that the current URL contains ``expected``.</doc>
<msg timestamp="20260219 14:55:06.445" level="INFO">Current location contains 'route=account/account'.</msg>
<status status="PASS" starttime="20260219 14:55:06.440" endtime="20260219 14:55:06.446"/>
</kw>
<kw name="Log To Console" library="BuiltIn">
<arg>Login Successful</arg>
<doc>Logs the given message to the console.</doc>
<status status="PASS" starttime="20260219 14:55:06.446" endtime="20260219 14:55:06.446"/>
</kw>
<status status="PASS" starttime="20260219 14:55:05.105" endtime="20260219 14:55:06.446"/>
</kw>
<kw name="Logout User Successfully" library="logout_keywords">
<kw name="Wait Until Element Is Visible" library="SeleniumLibrary">
<arg>${MY_ACCOUNT_MENU}</arg>
<doc>Waits until the element ``locator`` is visible.</doc>
<status status="PASS" starttime="20260219 14:55:06.447" endtime="20260219 14:55:06.550"/>
</kw>
<kw name="Click Element" library="SeleniumLibrary">
<arg>${MY_ACCOUNT_MENU}</arg>
<doc>Click the element identified by ``locator``.</doc>
<msg timestamp="20260219 14:55:06.551" level="INFO">Clicking element 'xpath=//a[contains(@href,"route=account/account") and contains(@class,"dropdown-toggle")]'.</msg>
<status status="PASS" starttime="20260219 14:55:06.550" endtime="20260219 14:55:07.366"/>
</kw>
<kw name="Sleep" library="BuiltIn">
<arg>1s</arg>
<doc>Pauses the test executed for the given time.</doc>
<msg timestamp="20260219 14:55:08.367" level="INFO">Slept 1 second</msg>
<status status="PASS" starttime="20260219 14:55:07.366" endtime="20260219 14:55:08.367"/>
</kw>
<kw name="Wait Until Element Is Visible" library="SeleniumLibrary">
<arg>${LOGOUT_LINK}</arg>
<doc>Waits until the element ``locator`` is visible.</doc>
<status status="PASS" starttime="20260219 14:55:08.367" endtime="20260219 14:55:08.387"/>
</kw>
<kw name="Element Should Be Visible" library="SeleniumLibrary">
<arg>${LOGOUT_LINK}</arg>
<doc>Verifies that the element identified by ``locator`` is visible.</doc>
<msg timestamp="20260219 14:55:08.406" level="INFO">Element 'xpath=//a[contains(@href,"route=account/logout") and contains(text(),"Logout")]' is displayed.</msg>
<status status="PASS" starttime="20260219 14:55:08.387" endtime="20260219 14:55:08.406"/>
</kw>
<kw name="Click Element" library="SeleniumLibrary">
<arg>${LOGOUT_LINK}</arg>
<doc>Click the element identified by ``locator``.</doc>
<msg timestamp="20260219 14:55:08.407" level="INFO">Clicking element 'xpath=//a[contains(@href,"route=account/logout") and contains(text(),"Logout")]'.</msg>
<status status="PASS" starttime="20260219 14:55:08.406" endtime="20260219 14:55:09.544"/>
</kw>
<kw name="Wait Until Element Is Visible" library="SeleniumLibrary">
<arg>${LOGOUT_TEXT}</arg>
<doc>Waits until the element ``locator`` is visible.</doc>
<status status="PASS" starttime="20260219 14:55:09.544" endtime="20260219 14:55:09.578"/>
</kw>
<kw name="Element Should Be Visible" library="SeleniumLibrary">
<arg>${LOGOUT_TEXT}</arg>
<doc>Verifies that the element identified by ``locator`` is visible.</doc>
<msg timestamp="20260219 14:55:09.607" level="INFO">Element 'xpath=//h1[contains(text(),"Account Logout")]' is displayed.</msg>
<status status="PASS" starttime="20260219 14:55:09.578" endtime="20260219 14:55:09.608"/>
</kw>
<kw name="Page Should Contain" library="SeleniumLibrary">
<arg>Account Logout</arg>
<doc>Verifies that current page contains ``text``.</doc>
<msg timestamp="20260219 14:55:09.631" level="INFO">Current page contains text 'Account Logout'.</msg>
<status status="PASS" starttime="20260219 14:55:09.608" endtime="20260219 14:55:09.631"/>
</kw>
<kw name="Location Should Contain" library="SeleniumLibrary">
<arg>route=account/logout</arg>
<doc>Verifies that the current URL contains ``expected``.</doc>
<msg timestamp="20260219 14:55:09.639" level="INFO">Current location contains 'route=account/logout'.</msg>
<status status="PASS" starttime="20260219 14:55:09.632" endtime="20260219 14:55:09.639"/>
</kw>
<kw name="Log To Console" library="BuiltIn">
<arg>Logout Completed Successfully</arg>
<doc>Logs the given message to the console.</doc>
<status status="PASS" starttime="20260219 14:55:09.640" endtime="20260219 14:55:09.640"/>
</kw>
<status status="PASS" starttime="20260219 14:55:06.446" endtime="20260219 14:55:09.640"/>
</kw>
<status status="PASS" starttime="20260219 14:54:58.566" endtime="20260219 14:55:09.640"/>
</kw>
<kw name="Capture Screenshot On Failure" library="common" type="TEARDOWN">
<kw name="Run Keyword If Test Failed" library="BuiltIn">
<arg>Capture Page Screenshot</arg>
<doc>Runs the given keyword with the given arguments, if the test failed.</doc>
<status status="PASS" starttime="20260219 14:55:09.641" endtime="20260219 14:55:09.641"/>
</kw>
<status status="PASS" starttime="20260219 14:55:09.641" endtime="20260219 14:55:09.641"/>
</kw>
<status status="PASS" starttime="20260219 14:54:58.384" endtime="20260219 14:55:09.642"/>
</test>
<kw name="Close Site" library="common" type="TEARDOWN">
<kw name="Close Browser" library="SeleniumLibrary">
<doc>Closes the current browser.</doc>
<status status="PASS" starttime="20260219 14:55:09.643" endtime="20260219 14:55:12.596"/>
</kw>
<status status="PASS" starttime="20260219 14:55:09.643" endtime="20260219 14:55:12.596"/>
</kw>
<status status="PASS" starttime="20260219 14:54:26.661" endtime="20260219 14:55:12.596"/>
</suite>
<status status="PASS" starttime="20260219 14:50:42.581" endtime="20260219 14:55:12.598"/>
</suite>
<statistics>
<total>
<stat pass="15" fail="0" skip="0">All Tests</stat>
</total>
<tag>
</tag>
<suite>
<stat pass="15" fail="0" skip="0" id="s1" name="Tests">Tests</stat>
<stat pass="3" fail="0" skip="0" id="s1-s1" name="Tc01 Register Login">Tests.Tc01 Register Login</stat>
<stat pass="3" fail="0" skip="0" id="s1-s2" name="Tc02 Search Product View">Tests.Tc02 Search Product View</stat>
<stat pass="3" fail="0" skip="0" id="s1-s3" name="Tc03 Add To Cart">Tests.Tc03 Add To Cart</stat>
<stat pass="3" fail="0" skip="0" id="s1-s4" name="Tc04 Cart Update Remove">Tests.Tc04 Cart Update Remove</stat>
<stat pass="3" fail="0" skip="0" id="s1-s5" name="Tc05 Logout">Tests.Tc05 Logout</stat>
</suite>
</statistics>
<errors>
</errors>
</robot>
