<?xml version="1.0" encoding="UTF-8"?>
<robot generator="Robot 7.4.1 (Python 3.14.2 on win32)" generated="2026-01-29T16:19:14.455264" rpa="false" schemaversion="5">
<suite id="s1" name="TC-04-login" source="D:\WIPRO- Selenium with Python\selenium-python\ROBOT-FRAMEWORK\TC-04-login.robot">
<test id="s1-t1" name="TC004_Login.robot" line="12">
<kw name="Open Browser" owner="SeleniumLibrary">
<msg time="2026-01-29T16:19:14.691151" level="INFO">Opening browser 'firefox' to base url 'https://opensource-demo.orangehrmlive.com/web/index.php/auth/login'.</msg>
<arg>${url}</arg>
<arg>${browser}</arg>
<doc>Opens a new browser instance to the optional ``url``.</doc>
<status status="PASS" start="2026-01-29T16:19:14.690858" elapsed="11.724399"/>
</kw>
<kw name="Sleep" owner="BuiltIn">
<msg time="2026-01-29T16:19:31.416158" level="INFO">Slept 5 seconds.</msg>
<arg>5s</arg>
<doc>Pauses the test executed for the given time.</doc>
<status status="PASS" start="2026-01-29T16:19:26.415658" elapsed="5.000626"/>
</kw>
<kw name="Input Text" owner="SeleniumLibrary">
<msg time="2026-01-29T16:19:31.417098" level="INFO">Typing text 'Admin' into text field 'name=username'.</msg>
<arg>name=username</arg>
<arg>${username}</arg>
<doc>Types the given ``text`` into the text field identified by ``locator``.</doc>
<status status="PASS" start="2026-01-29T16:19:31.416635" elapsed="0.030396"/>
</kw>
<kw name="Input Text" owner="SeleniumLibrary">
<msg time="2026-01-29T16:19:31.447636" level="INFO">Typing text 'admin123' into text field 'name=password'.</msg>
<arg>name=password</arg>
<arg>${password}</arg>
<doc>Types the given ``text`` into the text field identified by ``locator``.</doc>
<status status="PASS" start="2026-01-29T16:19:31.447362" elapsed="0.015046"/>
</kw>
<kw name="Click Button" owner="SeleniumLibrary">
<msg time="2026-01-29T16:19:31.463003" level="INFO">Clicking button 'xpath=//*[@id="app"]/div[1]/div/div[1]/div/div[2]/div[2]/form/div[3]/button'.</msg>
<arg>xpath=//*[@id="app"]/div[1]/div/div[1]/div/div[2]/div[2]/form/div[3]/button</arg>
<doc>Clicks the button identified by ``locator``.</doc>
<status status="PASS" start="2026-01-29T16:19:31.462791" elapsed="5.079303"/>
</kw>
<kw name="Close Browser" owner="SeleniumLibrary">
<doc>Closes the current browser.</doc>
<status status="PASS" start="2026-01-29T16:19:36.542498" elapsed="2.895521"/>
</kw>
<status status="PASS" start="2026-01-29T16:19:14.689902" elapsed="24.748400"/>
</test>
<status status="PASS" start="2026-01-29T16:19:14.456879" elapsed="24.981998"/>
</suite>
<statistics>
<total>
<stat pass="1" fail="0" skip="0">All Tests</stat>
</total>
<tag>
</tag>
<suite>
<stat name="TC-04-login" id="s1" pass="1" fail="0" skip="0">TC-04-login</stat>
</suite>
</statistics>
<errors>
</errors>
</robot>
