<?xml version="1.0" encoding="UTF-8"?>
<robot generator="Robot 6.1.1 (Python 3.13.0 on win32)" generated="20260219 15:03:03.917" rpa="false" schemaversion="4">
<suite id="s1" name="Tests" source="C:\Users\abhir\PycharmProjects\Wipro_2026\robot_framework_capstone_oldoriginal\tests">
<suite id="s1-s1" name="Tc01 Register Login" source="C:\Users\abhir\PycharmProjects\Wipro_2026\robot_framework_capstone_oldoriginal\tests\tc01_register_login.robot">
<kw name="Open Site" library="common" type="SETUP">
<kw name="Open Browser" library="SeleniumLibrary">
<arg>${BASE_URL}</arg>
<arg>${BROWSER}</arg>
<doc>Opens a new browser instance to the optional ``url``.</doc>
<msg timestamp="20260219 15:03:04.380" level="INFO">Opening browser 'edge' to base url 'https://ecommerce-playground.lambdatest.io/index.php'.</msg>
<msg timestamp="20260219 15:03:05.348" level="WARN">There was an error managing MicrosoftEdge (error sending request for url (https://msedgedriver.azureedge.net/LATEST_RELEASE_145_WINDOWS): error trying to connect: dns error: No such host is known. (os error 11001)); using driver found in the cache</msg>
<status status="PASS" starttime="20260219 15:03:04.379" endtime="20260219 15:03:10.888"/>
</kw>
<kw name="Maximize Browser Window" library="SeleniumLibrary">
<doc>Maximizes current browser window.</doc>
<status status="PASS" starttime="20260219 15:03:10.888" endtime="20260219 15:03:11.060"/>
</kw>
<kw name="Set Selenium Timeout" library="SeleniumLibrary">
<arg>10s</arg>
<doc>Sets the timeout that is used by various keywords.</doc>
<status status="PASS" starttime="20260219 15:03:11.060" endtime="20260219 15:03:11.063"/>
</kw>
<status status="PASS" starttime="20260219 15:03:04.379" endtime="20260219 15:03:11.063"/>
</kw>
<test id="s1-s1-t1" name="Register User With CSV for user Abhi Ram" line="18">
<kw name="Registration">
<arg>Abhi</arg>
<arg>Ram</arg>
<arg>9876543210</arg>
<arg>Test@123</arg>
<kw name="Register New User" library="register_keywords">
<kw name="Go To" library="SeleniumLibrary">
<arg>${BASE_URL}</arg>
<doc>Navigates the current browser window to the provided ``url``.</doc>
<msg timestamp="20260219 15:03:11.070" level="INFO">Opening url 'https://ecommerce-playground.lambdatest.io/index.php'</msg>
<status status="PASS" starttime="20260219 15:03:11.070" endtime="20260219 15:03:12.412"/>
</kw>
<kw name="Title Should Be" library="SeleniumLibrary">
<arg>Your Store</arg>
<doc>Verifies that the current page title equals ``title``.</doc>
<msg timestamp="20260219 15:03:12.836" level="INFO">Page title is 'Your Store'.</msg>
<status status="PASS" starttime="20260219 15:03:12.412" endtime="20260219 15:03:12.836"/>
</kw>
<kw name="Page Should Contain" library="SeleniumLibrary">
<arg>My account</arg>
<doc>Verifies that current page contains ``text``.</doc>
<msg timestamp="20260219 15:03:12.888" level="INFO">Current page contains text 'My account'.</msg>
<status status="PASS" starttime="20260219 15:03:12.836" endtime="20260219 15:03:12.888"/>
</kw>
<kw name="Wait Until Element Is Visible" library="SeleniumLibrary">
<arg>${MY_ACCOUNT_MENU}</arg>
<doc>Waits until the element ``locator`` is visible.</doc>
<status status="PASS" starttime="20260219 15:03:12.888" endtime="20260219 15:03:13.067"/>
</kw>
<kw name="Click Element" library="SeleniumLibrary">
<arg>${MY_ACCOUNT_MENU}</arg>
<doc>Click the element identified by ``locator``.</doc>
<msg timestamp="20260219 15:03:13.068" level="INFO">Clicking element 'xpath=//a[contains(@href,"route=account/account") and contains(@class,"dropdown-toggle")]'.</msg>
<status status="PASS" starttime="20260219 15:03:13.067" endtime="20260219 15:03:16.439"/>
</kw>
<kw name="Sleep" library="BuiltIn">
<arg>1s</arg>
<doc>Pauses the test executed for the given time.</doc>
<msg timestamp="20260219 15:03:17.440" level="INFO">Slept 1 second</msg>
<status status="PASS" starttime="20260219 15:03:16.439" endtime="20260219 15:03:17.440"/>
</kw>
<kw name="Wait Until Element Is Visible" library="SeleniumLibrary">
<arg>${REGISTER_LINK}</arg>
<doc>Waits until the element ``locator`` is visible.</doc>
<status status="PASS" starttime="20260219 15:03:17.440" endtime="20260219 15:03:17.485"/>
</kw>
<kw name="Click Element" library="SeleniumLibrary">
<arg>${REGISTER_LINK}</arg>
<doc>Click the element identified by ``locator``.</doc>
<msg timestamp="20260219 15:03:17.487" level="INFO">Clicking element 'xpath=//a[contains(@href,"route=account/register") and contains(text(),"Register")]'.</msg>
<status status="PASS" starttime="20260219 15:03:17.485" endtime="20260219 15:03:23.790"/>
</kw>
<kw name="Wait Until Page Contains" library="SeleniumLibrary">
<arg>Register Account</arg>
<doc>Waits until ``text`` appears on the current page.</doc>
<status status="PASS" starttime="20260219 15:03:23.790" endtime="20260219 15:03:23.815"/>
</kw>
<kw name="Location Should Contain" library="SeleniumLibrary">
<arg>route=account/register</arg>
<doc>Verifies that the current URL contains ``expected``.</doc>
<msg timestamp="20260219 15:03:23.827" level="INFO">Current location contains 'route=account/register'.</msg>
<status status="PASS" starttime="20260219 15:03:23.815" endtime="20260219 15:03:23.827"/>
</kw>
<status status="PASS" starttime="20260219 15:03:11.069" endtime="20260219 15:03:23.827"/>
</kw>
<kw name="input firstname" library="register_keywords">
<arg>${firstname}</arg>
<kw name="Input Text" library="SeleniumLibrary">
<arg>${FIRSTNAME_INPUT}</arg>
<arg>${firstname}</arg>
<doc>Types the given ``text`` into the text field identified by ``locator``.</doc>
<msg timestamp="20260219 15:03:23.829" level="INFO">Typing text 'Abhi' into text field 'id=input-firstname'.</msg>
<status status="PASS" starttime="20260219 15:03:23.828" endtime="20260219 15:03:24.202"/>
</kw>
<status status="PASS" starttime="20260219 15:03:23.827" endtime="20260219 15:03:24.202"/>
</kw>
<kw name="input lastname" library="register_keywords">
<arg>${lastname}</arg>
<kw name="Input Text" library="SeleniumLibrary">
<arg>${LASTNAME_INPUT}</arg>
<arg>${lastname}</arg>
<doc>Types the given ``text`` into the text field identified by ``locator``.</doc>
<msg timestamp="20260219 15:03:24.204" level="INFO">Typing text 'Ram' into text field 'id=input-lastname'.</msg>
<status status="PASS" starttime="20260219 15:03:24.203" endtime="20260219 15:03:24.423"/>
</kw>
<status status="PASS" starttime="20260219 15:03:24.203" endtime="20260219 15:03:24.424"/>
</kw>
<kw name="input email" library="register_keywords">
<kw name="Generate Unique Email" library="email_generator">
<kw name="Generate Random String" library="String">
<var>${random}</var>
<arg>3</arg>
<arg>0123456789</arg>
<doc>Generates a string with a desired ``length`` from the given ``chars``.</doc>
<msg timestamp="20260219 15:03:24.425" level="INFO">${random} = 051</msg>
<status status="PASS" starttime="20260219 15:03:24.425" endtime="20260219 15:03:24.425"/>
</kw>
<kw name="Set Variable" library="BuiltIn">
<var>${email}</var>
<arg>test_user_${random}@gmail.com</arg>
<doc>Returns the given values which can then be assigned to a variables.</doc>
<msg timestamp="20260219 15:03:24.426" level="INFO">${email} = test_user_051@gmail.com</msg>
<status status="PASS" starttime="20260219 15:03:24.426" endtime="20260219 15:03:24.426"/>
</kw>
<kw name="Set Suite Variable" library="BuiltIn">
<arg>${EMAIL}</arg>
<arg>${email}</arg>
<doc>Makes a variable available everywhere within the scope of the current suite.</doc>
<msg timestamp="20260219 15:03:24.428" level="INFO">${EMAIL} = test_user_051@gmail.com</msg>
<status status="PASS" starttime="20260219 15:03:24.426" endtime="20260219 15:03:24.428"/>
</kw>
<kw name="Log To Console" library="BuiltIn">
<arg>Dynamic Email Generated: ${EMAIL}</arg>
<doc>Logs the given message to the console.</doc>
<status status="PASS" starttime="20260219 15:03:24.428" endtime="20260219 15:03:24.440"/>
</kw>
<status status="PASS" starttime="20260219 15:03:24.425" endtime="20260219 15:03:24.440"/>
</kw>
<kw name="Log To Console" library="BuiltIn">
<arg>Registering with Email: ${EMAIL}</arg>
<doc>Logs the given message to the console.</doc>
<status status="PASS" starttime="20260219 15:03:24.442" endtime="20260219 15:03:24.496"/>
</kw>
<kw name="Input Text" library="SeleniumLibrary">
<arg>${EMAIL_INPUT}</arg>
<arg>${EMAIL}</arg>
<doc>Types the given ``text`` into the text field identified by ``locator``.</doc>
<msg timestamp="20260219 15:03:24.499" level="INFO">Typing text 'test_user_051@gmail.com' into text field 'id=input-email'.</msg>
<status status="PASS" starttime="20260219 15:03:24.497" endtime="20260219 15:03:24.898"/>
</kw>
<status status="PASS" starttime="20260219 15:03:24.424" endtime="20260219 15:03:24.898"/>
</kw>
<kw name="input phone" library="register_keywords">
<arg>${phone}</arg>
<kw name="Input Text" library="SeleniumLibrary">
<arg>${PHONE_INPUT}</arg>
<arg>${phone}</arg>
<doc>Types the given ``text`` into the text field identified by ``locator``.</doc>
<msg timestamp="20260219 15:03:24.899" level="INFO">Typing text '9876543210' into text field 'id=input-telephone'.</msg>
<status status="PASS" starttime="20260219 15:03:24.898" endtime="20260219 15:03:25.263"/>
</kw>
<status status="PASS" starttime="20260219 15:03:24.898" endtime="20260219 15:03:25.263"/>
</kw>
<kw name="input password" library="register_keywords">
<arg>${password}</arg>
<kw name="Input Text" library="SeleniumLibrary">
<arg>${PASSWORD_INPUT}</arg>
<arg>${password}</arg>
<doc>Types the given ``text`` into the text field identified by ``locator``.</doc>
<msg timestamp="20260219 15:03:25.264" level="INFO">Typing text 'Test@123' into text field 'id=input-password'.</msg>
<status status="PASS" starttime="20260219 15:03:25.263" endtime="20260219 15:03:25.613"/>
</kw>
<kw name="Input Text" library="SeleniumLibrary">
<arg>${CONFIRM_INPUT}</arg>
<arg>${password}</arg>
<doc>Types the given ``text`` into the text field identified by ``locator``.</doc>
<msg timestamp="20260219 15:03:25.615" level="INFO">Typing text 'Test@123' into text field 'id=input-confirm'.</msg>
<status status="PASS" starttime="20260219 15:03:25.614" endtime="20260219 15:03:25.946"/>
</kw>
<kw name="Textfield Value Should Be" library="SeleniumLibrary">
<arg>${CONFIRM_INPUT}</arg>
<arg>${password}</arg>
<doc>Verifies text field ``locator`` has exactly text ``expected``.</doc>
<msg timestamp="20260219 15:03:26.248" level="INFO">Content of text field 'id=input-confirm' is 'Test@123'.</msg>
<status status="PASS" starttime="20260219 15:03:25.946" endtime="20260219 15:03:26.248"/>
</kw>
<status status="PASS" starttime="20260219 15:03:25.263" endtime="20260219 15:03:26.248"/>
</kw>
<kw name="click agree" library="register_keywords">
<kw name="Click Element" library="SeleniumLibrary">
<arg>${AGREE_LABEL}</arg>
<doc>Click the element identified by ``locator``.</doc>
<msg timestamp="20260219 15:03:26.249" level="INFO">Clicking element 'xpath=//label[@for="input-agree"]'.</msg>
<status status="PASS" starttime="20260219 15:03:26.249" endtime="20260219 15:03:26.497"/>
</kw>
<kw name="Checkbox Should Be Selected" library="SeleniumLibrary">
<arg>id=input-agree</arg>
<doc>Verifies checkbox ``locator`` is selected/checked.</doc>
<msg timestamp="20260219 15:03:26.498" level="INFO">Verifying checkbox 'id=input-agree' is selected.</msg>
<status status="PASS" starttime="20260219 15:03:26.497" endtime="20260219 15:03:26.795"/>
</kw>
<status status="PASS" starttime="20260219 15:03:26.248" endtime="20260219 15:03:26.795"/>
</kw>
<kw name="click continue" library="register_keywords">
<kw name="Scroll Element Into View" library="SeleniumLibrary">
<arg>${CONTINUE_BUTTON}</arg>
<doc>Scrolls the element identified by ``locator`` into view.</doc>
<status status="PASS" starttime="20260219 15:03:26.795" endtime="20260219 15:03:27.101"/>
</kw>
<kw name="Click Button" library="SeleniumLibrary">
<arg>${CONTINUE_BUTTON}</arg>
<doc>Clicks the button identified by ``locator``.</doc>
<msg timestamp="20260219 15:03:27.102" level="INFO">Clicking button 'css=input.btn.btn-primary[type="submit"][value="Continue"]'.</msg>
<status status="PASS" starttime="20260219 15:03:27.102" endtime="20260219 15:03:30.549"/>
</kw>
<kw name="Wait Until Element Is Visible" library="SeleniumLibrary">
<arg>${SUCCESS_TEXT}</arg>
<doc>Waits until the element ``locator`` is visible.</doc>
<status status="PASS" starttime="20260219 15:03:30.549" endtime="20260219 15:03:30.717"/>
</kw>
<kw name="Page Should Contain" library="SeleniumLibrary">
<arg>Your Account Has Been Created</arg>
<doc>Verifies that current page contains ``text``.</doc>
<msg timestamp="20260219 15:03:30.832" level="INFO">Current page contains text 'Your Account Has Been Created'.</msg>
<status status="PASS" starttime="20260219 15:03:30.717" endtime="20260219 15:03:30.832"/>
</kw>
<kw name="Log To Console" library="BuiltIn">
<arg>Registration Completed Successfully for ${firstname}</arg>
<doc>Logs the given message to the console.</doc>
<status status="PASS" starttime="20260219 15:03:30.833" endtime="20260219 15:03:30.834"/>
</kw>
<status status="PASS" starttime="20260219 15:03:26.795" endtime="20260219 15:03:30.834"/>
</kw>
<kw name="click logout" library="register_keywords">
<kw name="Logout User Successfully" library="logout_keywords">
<kw name="Wait Until Element Is Visible" library="SeleniumLibrary">
<arg>${MY_ACCOUNT_MENU}</arg>
<doc>Waits until the element ``locator`` is visible.</doc>
<status status="PASS" starttime="20260219 15:03:30.835" endtime="20260219 15:03:30.940"/>
</kw>
<kw name="Click Element" library="SeleniumLibrary">
<arg>${MY_ACCOUNT_MENU}</arg>
<doc>Click the element identified by ``locator``.</doc>
<msg timestamp="20260219 15:03:30.942" level="INFO">Clicking element 'xpath=//a[contains(@href,"route=account/account") and contains(@class,"dropdown-toggle")]'.</msg>
<status status="PASS" starttime="20260219 15:03:30.941" endtime="20260219 15:03:34.123"/>
</kw>
<kw name="Sleep" library="BuiltIn">
<arg>1s</arg>
<doc>Pauses the test executed for the given time.</doc>
<msg timestamp="20260219 15:03:35.123" level="INFO">Slept 1 second</msg>
<status status="PASS" starttime="20260219 15:03:34.123" endtime="20260219 15:03:35.124"/>
</kw>
<kw name="Wait Until Element Is Visible" library="SeleniumLibrary">
<arg>${LOGOUT_LINK}</arg>
<doc>Waits until the element ``locator`` is visible.</doc>
<status status="PASS" starttime="20260219 15:03:35.124" endtime="20260219 15:03:35.152"/>
</kw>
<kw name="Element Should Be Visible" library="SeleniumLibrary">
<arg>${LOGOUT_LINK}</arg>
<doc>Verifies that the element identified by ``locator`` is visible.</doc>
<msg timestamp="20260219 15:03:35.182" level="INFO">Element 'xpath=//a[contains(@href,"route=account/logout") and contains(text(),"Logout")]' is displayed.</msg>
<status status="PASS" starttime="20260219 15:03:35.152" endtime="20260219 15:03:35.182"/>
</kw>
<kw name="Click Element" library="SeleniumLibrary">
<arg>${LOGOUT_LINK}</arg>
<doc>Click the element identified by ``locator``.</doc>
<msg timestamp="20260219 15:03:35.183" level="INFO">Clicking element 'xpath=//a[contains(@href,"route=account/logout") and contains(text(),"Logout")]'.</msg>
<status status="PASS" starttime="20260219 15:03:35.183" endtime="20260219 15:03:38.671"/>
</kw>
<kw name="Wait Until Element Is Visible" library="SeleniumLibrary">
<arg>${LOGOUT_TEXT}</arg>
<doc>Waits until the element ``locator`` is visible.</doc>
<status status="PASS" starttime="20260219 15:03:38.671" endtime="20260219 15:03:38.707"/>
</kw>
<kw name="Element Should Be Visible" library="SeleniumLibrary">
<arg>${LOGOUT_TEXT}</arg>
<doc>Verifies that the element identified by ``locator`` is visible.</doc>
<msg timestamp="20260219 15:03:38.745" level="INFO">Element 'xpath=//h1[contains(text(),"Account Logout")]' is displayed.</msg>
<status status="PASS" starttime="20260219 15:03:38.707" endtime="20260219 15:03:38.745"/>
</kw>
<kw name="Page Should Contain" library="SeleniumLibrary">
<arg>Account Logout</arg>
<doc>Verifies that current page contains ``text``.</doc>
<msg timestamp="20260219 15:03:38.766" level="INFO">Current page contains text 'Account Logout'.</msg>
<status status="PASS" starttime="20260219 15:03:38.745" endtime="20260219 15:03:38.766"/>
</kw>
<kw name="Location Should Contain" library="SeleniumLibrary">
<arg>route=account/logout</arg>
<doc>Verifies that the current URL contains ``expected``.</doc>
<msg timestamp="20260219 15:03:38.775" level="INFO">Current location contains 'route=account/logout'.</msg>
<status status="PASS" starttime="20260219 15:03:38.766" endtime="20260219 15:03:38.775"/>
</kw>
<kw name="Log To Console" library="BuiltIn">
<arg>Logout Completed Successfully</arg>
<doc>Logs the given message to the console.</doc>
<status status="PASS" starttime="20260219 15:03:38.775" endtime="20260219 15:03:38.777"/>
</kw>
<status status="PASS" starttime="20260219 15:03:30.834" endtime="20260219 15:03:38.777"/>
</kw>
<status status="PASS" starttime="20260219 15:03:30.834" endtime="20260219 15:03:38.777"/>
</kw>
<kw name="Login User Successfully" library="login_keywords">
<arg>${password}</arg>
<kw name="Go To" library="SeleniumLibrary">
<arg>${BASE_URL}</arg>
<doc>Navigates the current browser window to the provided ``url``.</doc>
<msg timestamp="20260219 15:03:38.778" level="INFO">Opening url 'https://ecommerce-playground.lambdatest.io/index.php'</msg>
<status status="PASS" starttime="20260219 15:03:38.778" endtime="20260219 15:03:39.577"/>
</kw>
<kw name="Page Should Contain" library="SeleniumLibrary">
<arg>My account</arg>
<doc>Verifies that current page contains ``text``.</doc>
<msg timestamp="20260219 15:03:41.276" level="INFO">Current page contains text 'My account'.</msg>
<status status="PASS" starttime="20260219 15:03:39.578" endtime="20260219 15:03:41.276"/>
</kw>
<kw name="Wait Until Element Is Visible" library="SeleniumLibrary">
<arg>${MY_ACCOUNT_MENU}</arg>
<doc>Waits until the element ``locator`` is visible.</doc>
<status status="PASS" starttime="20260219 15:03:41.277" endtime="20260219 15:03:41.433"/>
</kw>
<kw name="Click Element" library="SeleniumLibrary">
<arg>${MY_ACCOUNT_MENU}</arg>
<doc>Click the element identified by ``locator``.</doc>
<msg timestamp="20260219 15:03:41.434" level="INFO">Clicking element 'xpath=//a[contains(@href,"route=account/account") and contains(@class,"dropdown-toggle")]'.</msg>
<status status="PASS" starttime="20260219 15:03:41.433" endtime="20260219 15:03:43.095"/>
</kw>
<kw name="Sleep" library="BuiltIn">
<arg>1s</arg>
<doc>Pauses the test executed for the given time.</doc>
<msg timestamp="20260219 15:03:44.095" level="INFO">Slept 1 second</msg>
<status status="PASS" starttime="20260219 15:03:43.095" endtime="20260219 15:03:44.096"/>
</kw>
<kw name="Wait Until Element Is Visible" library="SeleniumLibrary">
<arg>${LOGIN_LINK}</arg>
<doc>Waits until the element ``locator`` is visible.</doc>
<status status="PASS" starttime="20260219 15:03:44.096" endtime="20260219 15:03:44.123"/>
</kw>
<kw name="Click Element" library="SeleniumLibrary">
<arg>${LOGIN_LINK}</arg>
<doc>Click the element identified by ``locator``.</doc>
<msg timestamp="20260219 15:03:44.124" level="INFO">Clicking element 'xpath=//a[contains(@href,"route=account/login") and contains(text(),"Login")]'.</msg>
<status status="PASS" starttime="20260219 15:03:44.123" endtime="20260219 15:03:45.300"/>
</kw>
<kw name="Wait Until Page Contains" library="SeleniumLibrary">
<arg>Account Login</arg>
<doc>Waits until ``text`` appears on the current page.</doc>
<status status="PASS" starttime="20260219 15:03:45.301" endtime="20260219 15:03:45.459"/>
</kw>
<kw name="Location Should Contain" library="SeleniumLibrary">
<arg>route=account/login</arg>
<doc>Verifies that the current URL contains ``expected``.</doc>
<msg timestamp="20260219 15:03:45.584" level="INFO">Current location contains 'route=account/login'.</msg>
<status status="PASS" starttime="20260219 15:03:45.460" endtime="20260219 15:03:45.584"/>
</kw>
<kw name="Log To Console" library="BuiltIn">
<arg>Logging in with Email: ${EMAIL}</arg>
<doc>Logs the given message to the console.</doc>
<status status="PASS" starttime="20260219 15:03:45.584" endtime="20260219 15:03:45.584"/>
</kw>
<kw name="Input Text" library="SeleniumLibrary">
<arg>${EMAIL_INPUT}</arg>
<arg>${EMAIL}</arg>
<doc>Types the given ``text`` into the text field identified by ``locator``.</doc>
<msg timestamp="20260219 15:03:45.585" level="INFO">Typing text 'test_user_051@gmail.com' into text field 'id=input-email'.</msg>
<status status="PASS" starttime="20260219 15:03:45.584" endtime="20260219 15:03:46.065"/>
</kw>
<kw name="Input Text" library="SeleniumLibrary">
<arg>${PASSWORD_INPUT}</arg>
<arg>${password}</arg>
<doc>Types the given ``text`` into the text field identified by ``locator``.</doc>
<msg timestamp="20260219 15:03:46.066" level="INFO">Typing text 'Test@123' into text field 'id=input-password'.</msg>
<status status="PASS" starttime="20260219 15:03:46.065" endtime="20260219 15:03:46.323"/>
</kw>
<kw name="Click Button" library="SeleniumLibrary">
<arg>${LOGIN_BUTTON}</arg>
<doc>Clicks the button identified by ``locator``.</doc>
<msg timestamp="20260219 15:03:46.324" level="INFO">Clicking button 'css=input.btn.btn-primary[value="Login"]'.</msg>
<status status="PASS" starttime="20260219 15:03:46.323" endtime="20260219 15:03:46.690"/>
</kw>
<kw name="Wait Until Page Contains" library="SeleniumLibrary">
<arg>My Account</arg>
<doc>Waits until ``text`` appears on the current page.</doc>
<status status="PASS" starttime="20260219 15:03:46.690" endtime="20260219 15:03:48.252"/>
</kw>
<kw name="Wait Until Element Is Visible" library="SeleniumLibrary">
<arg>${MY_ACCOUNT_HEADING}</arg>
<doc>Waits until the element ``locator`` is visible.</doc>
<status status="PASS" starttime="20260219 15:03:48.252" endtime="20260219 15:03:48.347"/>
</kw>
<kw name="Page Should Contain" library="SeleniumLibrary">
<arg>My Account</arg>
<doc>Verifies that current page contains ``text``.</doc>
<msg timestamp="20260219 15:03:48.432" level="INFO">Current page contains text 'My Account'.</msg>
<status status="PASS" starttime="20260219 15:03:48.347" endtime="20260219 15:03:48.433"/>
</kw>
<kw name="Location Should Contain" library="SeleniumLibrary">
<arg>route=account/account</arg>
<doc>Verifies that the current URL contains ``expected``.</doc>
<msg timestamp="20260219 15:03:48.469" level="INFO">Current location contains 'route=account/account'.</msg>
<status status="PASS" starttime="20260219 15:03:48.433" endtime="20260219 15:03:48.469"/>
</kw>
<kw name="Log To Console" library="BuiltIn">
<arg>Login Successful After Logout</arg>
<doc>Logs the given message to the console.</doc>
<status status="PASS" starttime="20260219 15:03:48.469" endtime="20260219 15:03:48.469"/>
</kw>
<status status="PASS" starttime="20260219 15:03:38.777" endtime="20260219 15:03:48.470"/>
</kw>
<kw name="click logout" library="register_keywords">
<kw name="Logout User Successfully" library="logout_keywords">
<kw name="Wait Until Element Is Visible" library="SeleniumLibrary">
<arg>${MY_ACCOUNT_MENU}</arg>
<doc>Waits until the element ``locator`` is visible.</doc>
<status status="PASS" starttime="20260219 15:03:48.470" endtime="20260219 15:03:48.580"/>
</kw>
<kw name="Click Element" library="SeleniumLibrary">
<arg>${MY_ACCOUNT_MENU}</arg>
<doc>Click the element identified by ``locator``.</doc>
<msg timestamp="20260219 15:03:48.581" level="INFO">Clicking element 'xpath=//a[contains(@href,"route=account/account") and contains(@class,"dropdown-toggle")]'.</msg>
<status status="PASS" starttime="20260219 15:03:48.580" endtime="20260219 15:03:49.988"/>
</kw>
<kw name="Sleep" library="BuiltIn">
<arg>1s</arg>
<doc>Pauses the test executed for the given time.</doc>
<msg timestamp="20260219 15:03:50.989" level="INFO">Slept 1 second</msg>
<status status="PASS" starttime="20260219 15:03:49.988" endtime="20260219 15:03:50.989"/>
</kw>
<kw name="Wait Until Element Is Visible" library="SeleniumLibrary">
<arg>${LOGOUT_LINK}</arg>
<doc>Waits until the element ``locator`` is visible.</doc>
<status status="PASS" starttime="20260219 15:03:50.990" endtime="20260219 15:03:51.035"/>
</kw>
<kw name="Element Should Be Visible" library="SeleniumLibrary">
<arg>${LOGOUT_LINK}</arg>
<doc>Verifies that the element identified by ``locator`` is visible.</doc>
<msg timestamp="20260219 15:03:51.150" level="INFO">Element 'xpath=//a[contains(@href,"route=account/logout") and contains(text(),"Logout")]' is displayed.</msg>
<status status="PASS" starttime="20260219 15:03:51.035" endtime="20260219 15:03:51.150"/>
</kw>
<kw name="Click Element" library="SeleniumLibrary">
<arg>${LOGOUT_LINK}</arg>
<doc>Click the element identified by ``locator``.</doc>
<msg timestamp="20260219 15:03:51.151" level="INFO">Clicking element 'xpath=//a[contains(@href,"route=account/logout") and contains(text(),"Logout")]'.</msg>
<status status="PASS" starttime="20260219 15:03:51.150" endtime="20260219 15:03:52.572"/>
</kw>
<kw name="Wait Until Element Is Visible" library="SeleniumLibrary">
<arg>${LOGOUT_TEXT}</arg>
<doc>Waits until the element ``locator`` is visible.</doc>
<status status="PASS" starttime="20260219 15:03:52.572" endtime="20260219 15:03:52.749"/>
</kw>
<kw name="Element Should Be Visible" library="SeleniumLibrary">
<arg>${LOGOUT_TEXT}</arg>
<doc>Verifies that the element identified by ``locator`` is visible.</doc>
<msg timestamp="20260219 15:03:52.873" level="INFO">Element 'xpath=//h1[contains(text(),"Account Logout")]' is displayed.</msg>
<status status="PASS" starttime="20260219 15:03:52.749" endtime="20260219 15:03:52.874"/>
</kw>
<kw name="Page Should Contain" library="SeleniumLibrary">
<arg>Account Logout</arg>
<doc>Verifies that current page contains ``text``.</doc>
<msg timestamp="20260219 15:03:52.888" level="INFO">Current page contains text 'Account Logout'.</msg>
<status status="PASS" starttime="20260219 15:03:52.874" endtime="20260219 15:03:52.888"/>
</kw>
<kw name="Location Should Contain" library="SeleniumLibrary">
<arg>route=account/logout</arg>
<doc>Verifies that the current URL contains ``expected``.</doc>
<msg timestamp="20260219 15:03:52.895" level="INFO">Current location contains 'route=account/logout'.</msg>
<status status="PASS" starttime="20260219 15:03:52.888" endtime="20260219 15:03:52.895"/>
</kw>
<kw name="Log To Console" library="BuiltIn">
<arg>Logout Completed Successfully</arg>
<doc>Logs the given message to the console.</doc>
<status status="PASS" starttime="20260219 15:03:52.895" endtime="20260219 15:03:52.895"/>
</kw>
<status status="PASS" starttime="20260219 15:03:48.470" endtime="20260219 15:03:52.895"/>
</kw>
<status status="PASS" starttime="20260219 15:03:48.470" endtime="20260219 15:03:52.896"/>
</kw>
<status status="PASS" starttime="20260219 15:03:11.068" endtime="20260219 15:03:52.896"/>
</kw>
<kw name="Capture Screenshot On Failure" library="common" type="TEARDOWN">
<kw name="Run Keyword If Test Failed" library="BuiltIn">
<arg>Capture Page Screenshot</arg>
<doc>Runs the given keyword with the given arguments, if the test failed.</doc>
<status status="PASS" starttime="20260219 15:03:52.897" endtime="20260219 15:03:52.897"/>
</kw>
<status status="PASS" starttime="20260219 15:03:52.896" endtime="20260219 15:03:52.897"/>
</kw>
<status status="PASS" starttime="20260219 15:03:11.063" endtime="20260219 15:03:52.897"/>
</test>
<test id="s1-s1-t2" name="Register User With CSV for user Ranga akash" line="18">
<kw name="Registration">
<arg>Ranga</arg>
<arg>akash</arg>
<arg>9123456789</arg>
<arg>Ranga@123</arg>
<kw name="Register New User" library="register_keywords">
<kw name="Go To" library="SeleniumLibrary">
<arg>${BASE_URL}</arg>
<doc>Navigates the current browser window to the provided ``url``.</doc>
<msg timestamp="20260219 15:03:52.901" level="INFO">Opening url 'https://ecommerce-playground.lambdatest.io/index.php'</msg>
<status status="PASS" starttime="20260219 15:03:52.901" endtime="20260219 15:03:54.616"/>
</kw>
<kw name="Title Should Be" library="SeleniumLibrary">
<arg>Your Store</arg>
<doc>Verifies that the current page title equals ``title``.</doc>
<msg timestamp="20260219 15:03:54.736" level="INFO">Page title is 'Your Store'.</msg>
<status status="PASS" starttime="20260219 15:03:54.617" endtime="20260219 15:03:54.736"/>
</kw>
<kw name="Page Should Contain" library="SeleniumLibrary">
<arg>My account</arg>
<doc>Verifies that current page contains ``text``.</doc>
<msg timestamp="20260219 15:03:54.779" level="INFO">Current page contains text 'My account'.</msg>
<status status="PASS" starttime="20260219 15:03:54.736" endtime="20260219 15:03:54.779"/>
</kw>
<kw name="Wait Until Element Is Visible" library="SeleniumLibrary">
<arg>${MY_ACCOUNT_MENU}</arg>
<doc>Waits until the element ``locator`` is visible.</doc>
<status status="PASS" starttime="20260219 15:03:54.780" endtime="20260219 15:03:54.911"/>
</kw>
<kw name="Click Element" library="SeleniumLibrary">
<arg>${MY_ACCOUNT_MENU}</arg>
<doc>Click the element identified by ``locator``.</doc>
<msg timestamp="20260219 15:03:54.912" level="INFO">Clicking element 'xpath=//a[contains(@href,"route=account/account") and contains(@class,"dropdown-toggle")]'.</msg>
<status status="PASS" starttime="20260219 15:03:54.911" endtime="20260219 15:03:56.244"/>
</kw>
<kw name="Sleep" library="BuiltIn">
<arg>1s</arg>
<doc>Pauses the test executed for the given time.</doc>
<msg timestamp="20260219 15:03:57.246" level="INFO">Slept 1 second</msg>
<status status="PASS" starttime="20260219 15:03:56.245" endtime="20260219 15:03:57.247"/>
</kw>
<kw name="Wait Until Element Is Visible" library="SeleniumLibrary">
<arg>${REGISTER_LINK}</arg>
<doc>Waits until the element ``locator`` is visible.</doc>
<status status="PASS" starttime="20260219 15:03:57.247" endtime="20260219 15:03:57.268"/>
</kw>
<kw name="Click Element" library="SeleniumLibrary">
<arg>${REGISTER_LINK}</arg>
<doc>Click the element identified by ``locator``.</doc>
<msg timestamp="20260219 15:03:57.269" level="INFO">Clicking element 'xpath=//a[contains(@href,"route=account/register") and contains(text(),"Register")]'.</msg>
<status status="PASS" starttime="20260219 15:03:57.268" endtime="20260219 15:03:58.600"/>
</kw>
<kw name="Wait Until Page Contains" library="SeleniumLibrary">
<arg>Register Account</arg>
<doc>Waits until ``text`` appears on the current page.</doc>
<status status="PASS" starttime="20260219 15:03:58.600" endtime="20260219 15:03:58.729"/>
</kw>
<kw name="Location Should Contain" library="SeleniumLibrary">
<arg>route=account/register</arg>
<doc>Verifies that the current URL contains ``expected``.</doc>
<msg timestamp="20260219 15:03:58.737" level="INFO">Current location contains 'route=account/register'.</msg>
<status status="PASS" starttime="20260219 15:03:58.730" endtime="20260219 15:03:58.737"/>
</kw>
<status status="PASS" starttime="20260219 15:03:52.901" endtime="20260219 15:03:58.737"/>
</kw>
<kw name="input firstname" library="register_keywords">
<arg>${firstname}</arg>
<kw name="Input Text" library="SeleniumLibrary">
<arg>${FIRSTNAME_INPUT}</arg>
<arg>${firstname}</arg>
<doc>Types the given ``text`` into the text field identified by ``locator``.</doc>
<msg timestamp="20260219 15:03:58.740" level="INFO">Typing text 'Ranga' into text field 'id=input-firstname'.</msg>
<status status="PASS" starttime="20260219 15:03:58.738" endtime="20260219 15:03:58.948"/>
</kw>
<status status="PASS" starttime="20260219 15:03:58.738" endtime="20260219 15:03:58.948"/>
</kw>
<kw name="input lastname" library="register_keywords">
<arg>${lastname}</arg>
<kw name="Input Text" library="SeleniumLibrary">
<arg>${LASTNAME_INPUT}</arg>
<arg>${lastname}</arg>
<doc>Types the given ``text`` into the text field identified by ``locator``.</doc>
<msg timestamp="20260219 15:03:58.949" level="INFO">Typing text 'akash' into text field 'id=input-lastname'.</msg>
<status status="PASS" starttime="20260219 15:03:58.949" endtime="20260219 15:03:59.437"/>
</kw>
<status status="PASS" starttime="20260219 15:03:58.949" endtime="20260219 15:03:59.437"/>
</kw>
<kw name="input email" library="register_keywords">
<kw name="Generate Unique Email" library="email_generator">
<kw name="Generate Random String" library="String">
<var>${random}</var>
<arg>3</arg>
<arg>0123456789</arg>
<doc>Generates a string with a desired ``length`` from the given ``chars``.</doc>
<msg timestamp="20260219 15:03:59.439" level="INFO">${random} = 871</msg>
<status status="PASS" starttime="20260219 15:03:59.438" endtime="20260219 15:03:59.439"/>
</kw>
<kw name="Set Variable" library="BuiltIn">
<var>${email}</var>
<arg>test_user_${random}@gmail.com</arg>
<doc>Returns the given values which can then be assigned to a variables.</doc>
<msg timestamp="20260219 15:03:59.439" level="INFO">${email} = test_user_871@gmail.com</msg>
<status status="PASS" starttime="20260219 15:03:59.439" endtime="20260219 15:03:59.440"/>
</kw>
<kw name="Set Suite Variable" library="BuiltIn">
<arg>${EMAIL}</arg>
<arg>${email}</arg>
<doc>Makes a variable available everywhere within the scope of the current suite.</doc>
<msg timestamp="20260219 15:03:59.440" level="INFO">${EMAIL} = test_user_871@gmail.com</msg>
<status status="PASS" starttime="20260219 15:03:59.440" endtime="20260219 15:03:59.440"/>
</kw>
<kw name="Log To Console" library="BuiltIn">
<arg>Dynamic Email Generated: ${EMAIL}</arg>
<doc>Logs the given message to the console.</doc>
<status status="PASS" starttime="20260219 15:03:59.440" endtime="20260219 15:03:59.530"/>
</kw>
<status status="PASS" starttime="20260219 15:03:59.438" endtime="20260219 15:03:59.531"/>
</kw>
<kw name="Log To Console" library="BuiltIn">
<arg>Registering with Email: ${EMAIL}</arg>
<doc>Logs the given message to the console.</doc>
<status status="PASS" starttime="20260219 15:03:59.531" endtime="20260219 15:03:59.537"/>
</kw>
<kw name="Input Text" library="SeleniumLibrary">
<arg>${EMAIL_INPUT}</arg>
<arg>${EMAIL}</arg>
<doc>Types the given ``text`` into the text field identified by ``locator``.</doc>
<msg timestamp="20260219 15:03:59.544" level="INFO">Typing text 'test_user_871@gmail.com' into text field 'id=input-email'.</msg>
<status status="PASS" starttime="20260219 15:03:59.538" endtime="20260219 15:04:00.086"/>
</kw>
<status status="PASS" starttime="20260219 15:03:59.438" endtime="20260219 15:04:00.086"/>
</kw>
<kw name="input phone" library="register_keywords">
<arg>${phone}</arg>
<kw name="Input Text" library="SeleniumLibrary">
<arg>${PHONE_INPUT}</arg>
<arg>${phone}</arg>
<doc>Types the given ``text`` into the text field identified by ``locator``.</doc>
<msg timestamp="20260219 15:04:00.088" level="INFO">Typing text '9123456789' into text field 'id=input-telephone'.</msg>
<status status="PASS" starttime="20260219 15:04:00.087" endtime="20260219 15:04:00.514"/>
</kw>
<status status="PASS" starttime="20260219 15:04:00.087" endtime="20260219 15:04:00.514"/>
</kw>
<kw name="input password" library="register_keywords">
<arg>${password}</arg>
<kw name="Input Text" library="SeleniumLibrary">
<arg>${PASSWORD_INPUT}</arg>
<arg>${password}</arg>
<doc>Types the given ``text`` into the text field identified by ``locator``.</doc>
<msg timestamp="20260219 15:04:00.515" level="INFO">Typing text 'Ranga@123' into text field 'id=input-password'.</msg>
<status status="PASS" starttime="20260219 15:04:00.515" endtime="20260219 15:04:00.985"/>
</kw>
<kw name="Input Text" library="SeleniumLibrary">
<arg>${CONFIRM_INPUT}</arg>
<arg>${password}</arg>
<doc>Types the given ``text`` into the text field identified by ``locator``.</doc>
<msg timestamp="20260219 15:04:00.986" level="INFO">Typing text 'Ranga@123' into text field 'id=input-confirm'.</msg>
<status status="PASS" starttime="20260219 15:04:00.985" endtime="20260219 15:04:01.570"/>
</kw>
<kw name="Textfield Value Should Be" library="SeleniumLibrary">
<arg>${CONFIRM_INPUT}</arg>
<arg>${password}</arg>
<doc>Verifies text field ``locator`` has exactly text ``expected``.</doc>
<msg timestamp="20260219 15:04:01.834" level="INFO">Content of text field 'id=input-confirm' is 'Ranga@123'.</msg>
<status status="PASS" starttime="20260219 15:04:01.570" endtime="20260219 15:04:01.834"/>
</kw>
<status status="PASS" starttime="20260219 15:04:00.514" endtime="20260219 15:04:01.834"/>
</kw>
<kw name="click agree" library="register_keywords">
<kw name="Click Element" library="SeleniumLibrary">
<arg>${AGREE_LABEL}</arg>
<doc>Click the element identified by ``locator``.</doc>
<msg timestamp="20260219 15:04:01.835" level="INFO">Clicking element 'xpath=//label[@for="input-agree"]'.</msg>
<status status="PASS" starttime="20260219 15:04:01.835" endtime="20260219 15:04:02.096"/>
</kw>
<kw name="Checkbox Should Be Selected" library="SeleniumLibrary">
<arg>id=input-agree</arg>
<doc>Verifies checkbox ``locator`` is selected/checked.</doc>
<msg timestamp="20260219 15:04:02.097" level="INFO">Verifying checkbox 'id=input-agree' is selected.</msg>
<status status="PASS" starttime="20260219 15:04:02.096" endtime="20260219 15:04:02.377"/>
</kw>
<status status="PASS" starttime="20260219 15:04:01.834" endtime="20260219 15:04:02.377"/>
</kw>
<kw name="click continue" library="register_keywords">
<kw name="Scroll Element Into View" library="SeleniumLibrary">
<arg>${CONTINUE_BUTTON}</arg>
<doc>Scrolls the element identified by ``locator`` into view.</doc>
<status status="PASS" starttime="20260219 15:04:02.378" endtime="20260219 15:04:02.803"/>
</kw>
<kw name="Click Button" library="SeleniumLibrary">
<arg>${CONTINUE_BUTTON}</arg>
<doc>Clicks the button identified by ``locator``.</doc>
<msg timestamp="20260219 15:04:02.804" level="INFO">Clicking button 'css=input.btn.btn-primary[type="submit"][value="Continue"]'.</msg>
<status status="PASS" starttime="20260219 15:04:02.803" endtime="20260219 15:04:04.999"/>
</kw>
<kw name="Wait Until Element Is Visible" library="SeleniumLibrary">
<arg>${SUCCESS_TEXT}</arg>
<doc>Waits until the element ``locator`` is visible.</doc>
<status status="PASS" starttime="20260219 15:04:04.999" endtime="20260219 15:04:05.145"/>
</kw>
<kw name="Page Should Contain" library="SeleniumLibrary">
<arg>Your Account Has Been Created</arg>
<doc>Verifies that current page contains ``text``.</doc>
<msg timestamp="20260219 15:04:05.175" level="INFO">Current page contains text 'Your Account Has Been Created'.</msg>
<status status="PASS" starttime="20260219 15:04:05.145" endtime="20260219 15:04:05.176"/>
</kw>
<kw name="Log To Console" library="BuiltIn">
<arg>Registration Completed Successfully for ${firstname}</arg>
<doc>Logs the given message to the console.</doc>
<status status="PASS" starttime="20260219 15:04:05.176" endtime="20260219 15:04:05.183"/>
</kw>
<status status="PASS" starttime="20260219 15:04:02.378" endtime="20260219 15:04:05.183"/>
</kw>
<kw name="click logout" library="register_keywords">
<kw name="Logout User Successfully" library="logout_keywords">
<kw name="Wait Until Element Is Visible" library="SeleniumLibrary">
<arg>${MY_ACCOUNT_MENU}</arg>
<doc>Waits until the element ``locator`` is visible.</doc>
<status status="PASS" starttime="20260219 15:04:05.184" endtime="20260219 15:04:05.430"/>
</kw>
<kw name="Click Element" library="SeleniumLibrary">
<arg>${MY_ACCOUNT_MENU}</arg>
<doc>Click the element identified by ``locator``.</doc>
<msg timestamp="20260219 15:04:05.431" level="INFO">Clicking element 'xpath=//a[contains(@href,"route=account/account") and contains(@class,"dropdown-toggle")]'.</msg>
<status status="PASS" starttime="20260219 15:04:05.430" endtime="20260219 15:04:07.092"/>
</kw>
<kw name="Sleep" library="BuiltIn">
<arg>1s</arg>
<doc>Pauses the test executed for the given time.</doc>
<msg timestamp="20260219 15:04:08.094" level="INFO">Slept 1 second</msg>
<status status="PASS" starttime="20260219 15:04:07.093" endtime="20260219 15:04:08.094"/>
</kw>
<kw name="Wait Until Element Is Visible" library="SeleniumLibrary">
<arg>${LOGOUT_LINK}</arg>
<doc>Waits until the element ``locator`` is visible.</doc>
<status status="PASS" starttime="20260219 15:04:08.094" endtime="20260219 15:04:08.235"/>
</kw>
<kw name="Element Should Be Visible" library="SeleniumLibrary">
<arg>${LOGOUT_LINK}</arg>
<doc>Verifies that the element identified by ``locator`` is visible.</doc>
<msg timestamp="20260219 15:04:08.357" level="INFO">Element 'xpath=//a[contains(@href,"route=account/logout") and contains(text(),"Logout")]' is displayed.</msg>
<status status="PASS" starttime="20260219 15:04:08.236" endtime="20260219 15:04:08.357"/>
</kw>
<kw name="Click Element" library="SeleniumLibrary">
<arg>${LOGOUT_LINK}</arg>
<doc>Click the element identified by ``locator``.</doc>
<msg timestamp="20260219 15:04:08.358" level="INFO">Clicking element 'xpath=//a[contains(@href,"route=account/logout") and contains(text(),"Logout")]'.</msg>
<status status="PASS" starttime="20260219 15:04:08.357" endtime="20260219 15:04:10.326"/>
</kw>
<kw name="Wait Until Element Is Visible" library="SeleniumLibrary">
<arg>${LOGOUT_TEXT}</arg>
<doc>Waits until the element ``locator`` is visible.</doc>
<status status="PASS" starttime="20260219 15:04:10.328" endtime="20260219 15:04:10.603"/>
</kw>
<kw name="Element Should Be Visible" library="SeleniumLibrary">
<arg>${LOGOUT_TEXT}</arg>
<doc>Verifies that the element identified by ``locator`` is visible.</doc>
<msg timestamp="20260219 15:04:10.752" level="INFO">Element 'xpath=//h1[contains(text(),"Account Logout")]' is displayed.</msg>
<status status="PASS" starttime="20260219 15:04:10.603" endtime="20260219 15:04:10.752"/>
</kw>
<kw name="Page Should Contain" library="SeleniumLibrary">
<arg>Account Logout</arg>
<doc>Verifies that current page contains ``text``.</doc>
<msg timestamp="20260219 15:04:10.900" level="INFO">Current page contains text 'Account Logout'.</msg>
<status status="PASS" starttime="20260219 15:04:10.752" endtime="20260219 15:04:10.900"/>
</kw>
<kw name="Location Should Contain" library="SeleniumLibrary">
<arg>route=account/logout</arg>
<doc>Verifies that the current URL contains ``expected``.</doc>
<msg timestamp="20260219 15:04:10.919" level="INFO">Current location contains 'route=account/logout'.</msg>
<status status="PASS" starttime="20260219 15:04:10.900" endtime="20260219 15:04:10.919"/>
</kw>
<kw name="Log To Console" library="BuiltIn">
<arg>Logout Completed Successfully</arg>
<doc>Logs the given message to the console.</doc>
<status status="PASS" starttime="20260219 15:04:10.919" endtime="20260219 15:04:10.921"/>
</kw>
<status status="PASS" starttime="20260219 15:04:05.183" endtime="20260219 15:04:10.921"/>
</kw>
<status status="PASS" starttime="20260219 15:04:05.183" endtime="20260219 15:04:10.922"/>
</kw>
<kw name="Login User Successfully" library="login_keywords">
<arg>${password}</arg>
<kw name="Go To" library="SeleniumLibrary">
<arg>${BASE_URL}</arg>
<doc>Navigates the current browser window to the provided ``url``.</doc>
<msg timestamp="20260219 15:04:10.925" level="INFO">Opening url 'https://ecommerce-playground.lambdatest.io/index.php'</msg>
<status status="PASS" starttime="20260219 15:04:10.922" endtime="20260219 15:04:12.811"/>
</kw>
<kw name="Page Should Contain" library="SeleniumLibrary">
<arg>My account</arg>
<doc>Verifies that current page contains ``text``.</doc>
<msg timestamp="20260219 15:04:13.270" level="INFO">Current page contains text 'My account'.</msg>
<status status="PASS" starttime="20260219 15:04:12.811" endtime="20260219 15:04:13.270"/>
</kw>
<kw name="Wait Until Element Is Visible" library="SeleniumLibrary">
<arg>${MY_ACCOUNT_MENU}</arg>
<doc>Waits until the element ``locator`` is visible.</doc>
<status status="PASS" starttime="20260219 15:04:13.270" endtime="20260219 15:04:13.453"/>
</kw>
<kw name="Click Element" library="SeleniumLibrary">
<arg>${MY_ACCOUNT_MENU}</arg>
<doc>Click the element identified by ``locator``.</doc>
<msg timestamp="20260219 15:04:13.454" level="INFO">Clicking element 'xpath=//a[contains(@href,"route=account/account") and contains(@class,"dropdown-toggle")]'.</msg>
<status status="PASS" starttime="20260219 15:04:13.453" endtime="20260219 15:04:15.294"/>
</kw>
<kw name="Sleep" library="BuiltIn">
<arg>1s</arg>
<doc>Pauses the test executed for the given time.</doc>
<msg timestamp="20260219 15:04:16.295" level="INFO">Slept 1 second</msg>
<status status="PASS" starttime="20260219 15:04:15.294" endtime="20260219 15:04:16.295"/>
</kw>
<kw name="Wait Until Element Is Visible" library="SeleniumLibrary">
<arg>${LOGIN_LINK}</arg>
<doc>Waits until the element ``locator`` is visible.</doc>
<status status="PASS" starttime="20260219 15:04:16.296" endtime="20260219 15:04:16.409"/>
</kw>
<kw name="Click Element" library="SeleniumLibrary">
<arg>${LOGIN_LINK}</arg>
<doc>Click the element identified by ``locator``.</doc>
<msg timestamp="20260219 15:04:16.410" level="INFO">Clicking element 'xpath=//a[contains(@href,"route=account/login") and contains(text(),"Login")]'.</msg>
<status status="PASS" starttime="20260219 15:04:16.409" endtime="20260219 15:04:17.619"/>
</kw>
<kw name="Wait Until Page Contains" library="SeleniumLibrary">
<arg>Account Login</arg>
<doc>Waits until ``text`` appears on the current page.</doc>
<status status="PASS" starttime="20260219 15:04:17.620" endtime="20260219 15:04:17.753"/>
</kw>
<kw name="Location Should Contain" library="SeleniumLibrary">
<arg>route=account/login</arg>
<doc>Verifies that the current URL contains ``expected``.</doc>
<msg timestamp="20260219 15:04:17.762" level="INFO">Current location contains 'route=account/login'.</msg>
<status status="PASS" starttime="20260219 15:04:17.753" endtime="20260219 15:04:17.762"/>
</kw>
<kw name="Log To Console" library="BuiltIn">
<arg>Logging in with Email: ${EMAIL}</arg>
<doc>Logs the given message to the console.</doc>
<status status="PASS" starttime="20260219 15:04:17.762" endtime="20260219 15:04:17.763"/>
</kw>
<kw name="Input Text" library="SeleniumLibrary">
<arg>${EMAIL_INPUT}</arg>
<arg>${EMAIL}</arg>
<doc>Types the given ``text`` into the text field identified by ``locator``.</doc>
<msg timestamp="20260219 15:04:17.763" level="INFO">Typing text 'test_user_871@gmail.com' into text field 'id=input-email'.</msg>
<status status="PASS" starttime="20260219 15:04:17.763" endtime="20260219 15:04:18.471"/>
</kw>
<kw name="Input Text" library="SeleniumLibrary">
<arg>${PASSWORD_INPUT}</arg>
<arg>${password}</arg>
<doc>Types the given ``text`` into the text field identified by ``locator``.</doc>
<msg timestamp="20260219 15:04:18.472" level="INFO">Typing text 'Ranga@123' into text field 'id=input-password'.</msg>
<status status="PASS" starttime="20260219 15:04:18.471" endtime="20260219 15:04:18.936"/>
</kw>
<kw name="Click Button" library="SeleniumLibrary">
<arg>${LOGIN_BUTTON}</arg>
<doc>Clicks the button identified by ``locator``.</doc>
<msg timestamp="20260219 15:04:18.937" level="INFO">Clicking button 'css=input.btn.btn-primary[value="Login"]'.</msg>
<status status="PASS" starttime="20260219 15:04:18.936" endtime="20260219 15:04:19.362"/>
</kw>
<kw name="Wait Until Page Contains" library="SeleniumLibrary">
<arg>My Account</arg>
<doc>Waits until ``text`` appears on the current page.</doc>
<status status="PASS" starttime="20260219 15:04:19.362" endtime="20260219 15:04:20.931"/>
</kw>
<kw name="Wait Until Element Is Visible" library="SeleniumLibrary">
<arg>${MY_ACCOUNT_HEADING}</arg>
<doc>Waits until the element ``locator`` is visible.</doc>
<status status="PASS" starttime="20260219 15:04:20.932" endtime="20260219 15:04:21.224"/>
</kw>
<kw name="Page Should Contain" library="SeleniumLibrary">
<arg>My Account</arg>
<doc>Verifies that current page contains ``text``.</doc>
<msg timestamp="20260219 15:04:21.395" level="INFO">Current page contains text 'My Account'.</msg>
<status status="PASS" starttime="20260219 15:04:21.224" endtime="20260219 15:04:21.395"/>
</kw>
<kw name="Location Should Contain" library="SeleniumLibrary">
<arg>route=account/account</arg>
<doc>Verifies that the current URL contains ``expected``.</doc>
<msg timestamp="20260219 15:04:21.416" level="INFO">Current location contains 'route=account/account'.</msg>
<status status="PASS" starttime="20260219 15:04:21.396" endtime="20260219 15:04:21.417"/>
</kw>
<kw name="Log To Console" library="BuiltIn">
<arg>Login Successful After Logout</arg>
<doc>Logs the given message to the console.</doc>
<status status="PASS" starttime="20260219 15:04:21.417" endtime="20260219 15:04:21.420"/>
</kw>
<status status="PASS" starttime="20260219 15:04:10.922" endtime="20260219 15:04:21.420"/>
</kw>
<kw name="click logout" library="register_keywords">
<kw name="Logout User Successfully" library="logout_keywords">
<kw name="Wait Until Element Is Visible" library="SeleniumLibrary">
<arg>${MY_ACCOUNT_MENU}</arg>
<doc>Waits until the element ``locator`` is visible.</doc>
<status status="PASS" starttime="20260219 15:04:21.421" endtime="20260219 15:04:21.632"/>
</kw>
<kw name="Click Element" library="SeleniumLibrary">
<arg>${MY_ACCOUNT_MENU}</arg>
<doc>Click the element identified by ``locator``.</doc>
<msg timestamp="20260219 15:04:21.633" level="INFO">Clicking element 'xpath=//a[contains(@href,"route=account/account") and contains(@class,"dropdown-toggle")]'.</msg>
<status status="PASS" starttime="20260219 15:04:21.633" endtime="20260219 15:04:22.862"/>
</kw>
<kw name="Sleep" library="BuiltIn">
<arg>1s</arg>
<doc>Pauses the test executed for the given time.</doc>
<msg timestamp="20260219 15:04:23.864" level="INFO">Slept 1 second</msg>
<status status="PASS" starttime="20260219 15:04:22.863" endtime="20260219 15:04:23.864"/>
</kw>
<kw name="Wait Until Element Is Visible" library="SeleniumLibrary">
<arg>${LOGOUT_LINK}</arg>
<doc>Waits until the element ``locator`` is visible.</doc>
<status status="PASS" starttime="20260219 15:04:23.864" endtime="20260219 15:04:23.944"/>
</kw>
<kw name="Element Should Be Visible" library="SeleniumLibrary">
<arg>${LOGOUT_LINK}</arg>
<doc>Verifies that the element identified by ``locator`` is visible.</doc>
<msg timestamp="20260219 15:04:24.040" level="INFO">Element 'xpath=//a[contains(@href,"route=account/logout") and contains(text(),"Logout")]' is displayed.</msg>
<status status="PASS" starttime="20260219 15:04:23.945" endtime="20260219 15:04:24.041"/>
</kw>
<kw name="Click Element" library="SeleniumLibrary">
<arg>${LOGOUT_LINK}</arg>
<doc>Click the element identified by ``locator``.</doc>
<msg timestamp="20260219 15:04:24.042" level="INFO">Clicking element 'xpath=//a[contains(@href,"route=account/logout") and contains(text(),"Logout")]'.</msg>
<status status="PASS" starttime="20260219 15:04:24.041" endtime="20260219 15:04:25.595"/>
</kw>
<kw name="Wait Until Element Is Visible" library="SeleniumLibrary">
<arg>${LOGOUT_TEXT}</arg>
<doc>Waits until the element ``locator`` is visible.</doc>
<status status="PASS" starttime="20260219 15:04:25.595" endtime="20260219 15:04:25.677"/>
</kw>
<kw name="Element Should Be Visible" library="SeleniumLibrary">
<arg>${LOGOUT_TEXT}</arg>
<doc>Verifies that the element identified by ``locator`` is visible.</doc>
<msg timestamp="20260219 15:04:25.738" level="INFO">Element 'xpath=//h1[contains(text(),"Account Logout")]' is displayed.</msg>
<status status="PASS" starttime="20260219 15:04:25.677" endtime="20260219 15:04:25.738"/>
</kw>
<kw name="Page Should Contain" library="SeleniumLibrary">
<arg>Account Logout</arg>
<doc>Verifies that current page contains ``text``.</doc>
<msg timestamp="20260219 15:04:25.838" level="INFO">Current page contains text 'Account Logout'.</msg>
<status status="PASS" starttime="20260219 15:04:25.739" endtime="20260219 15:04:25.838"/>
</kw>
<kw name="Location Should Contain" library="SeleniumLibrary">
<arg>route=account/logout</arg>
<doc>Verifies that the current URL contains ``expected``.</doc>
<msg timestamp="20260219 15:04:25.865" level="INFO">Current location contains 'route=account/logout'.</msg>
<status status="PASS" starttime="20260219 15:04:25.838" endtime="20260219 15:04:25.865"/>
</kw>
<kw name="Log To Console" library="BuiltIn">
<arg>Logout Completed Successfully</arg>
<doc>Logs the given message to the console.</doc>
<status status="PASS" starttime="20260219 15:04:25.865" endtime="20260219 15:04:25.865"/>
</kw>
<status status="PASS" starttime="20260219 15:04:21.420" endtime="20260219 15:04:25.866"/>
</kw>
<status status="PASS" starttime="20260219 15:04:21.420" endtime="20260219 15:04:25.866"/>
</kw>
<status status="PASS" starttime="20260219 15:03:52.900" endtime="20260219 15:04:25.866"/>
</kw>
<kw name="Capture Screenshot On Failure" library="common" type="TEARDOWN">
<kw name="Run Keyword If Test Failed" library="BuiltIn">
<arg>Capture Page Screenshot</arg>
<doc>Runs the given keyword with the given arguments, if the test failed.</doc>
<status status="PASS" starttime="20260219 15:04:25.867" endtime="20260219 15:04:25.868"/>
</kw>
<status status="PASS" starttime="20260219 15:04:25.867" endtime="20260219 15:04:25.868"/>
</kw>
<status status="PASS" starttime="20260219 15:03:52.898" endtime="20260219 15:04:25.869"/>
</test>
<test id="s1-s1-t3" name="Register User With CSV for user Durga Prasad" line="18">
<kw name="Registration">
<arg>Durga</arg>
<arg>Prasad</arg>
<arg>9988776655</arg>
<arg>Prasad@123</arg>
<kw name="Register New User" library="register_keywords">
<kw name="Go To" library="SeleniumLibrary">
<arg>${BASE_URL}</arg>
<doc>Navigates the current browser window to the provided ``url``.</doc>
<msg timestamp="20260219 15:04:26.399" level="INFO">Opening url 'https://ecommerce-playground.lambdatest.io/index.php'</msg>
<status status="PASS" starttime="20260219 15:04:26.399" endtime="20260219 15:04:28.245"/>
</kw>
<kw name="Title Should Be" library="SeleniumLibrary">
<arg>Your Store</arg>
<doc>Verifies that the current page title equals ``title``.</doc>
<msg timestamp="20260219 15:04:28.580" level="INFO">Page title is 'Your Store'.</msg>
<status status="PASS" starttime="20260219 15:04:28.245" endtime="20260219 15:04:28.580"/>
</kw>
<kw name="Page Should Contain" library="SeleniumLibrary">
<arg>My account</arg>
<doc>Verifies that current page contains ``text``.</doc>
<msg timestamp="20260219 15:04:28.661" level="INFO">Current page contains text 'My account'.</msg>
<status status="PASS" starttime="20260219 15:04:28.580" endtime="20260219 15:04:28.661"/>
</kw>
<kw name="Wait Until Element Is Visible" library="SeleniumLibrary">
<arg>${MY_ACCOUNT_MENU}</arg>
<doc>Waits until the element ``locator`` is visible.</doc>
<status status="PASS" starttime="20260219 15:04:28.661" endtime="20260219 15:04:28.712"/>
</kw>
<kw name="Click Element" library="SeleniumLibrary">
<arg>${MY_ACCOUNT_MENU}</arg>
<doc>Click the element identified by ``locator``.</doc>
<msg timestamp="20260219 15:04:28.713" level="INFO">Clicking element 'xpath=//a[contains(@href,"route=account/account") and contains(@class,"dropdown-toggle")]'.</msg>
<status status="PASS" starttime="20260219 15:04:28.712" endtime="20260219 15:04:30.633"/>
</kw>
<kw name="Sleep" library="BuiltIn">
<arg>1s</arg>
<doc>Pauses the test executed for the given time.</doc>
<msg timestamp="20260219 15:04:31.638" level="INFO">Slept 1 second</msg>
<status status="PASS" starttime="20260219 15:04:30.634" endtime="20260219 15:04:31.638"/>
</kw>
<kw name="Wait Until Element Is Visible" library="SeleniumLibrary">
<arg>${REGISTER_LINK}</arg>
<doc>Waits until the element ``locator`` is visible.</doc>
<status status="PASS" starttime="20260219 15:04:31.638" endtime="20260219 15:04:31.689"/>
</kw>
<kw name="Click Element" library="SeleniumLibrary">
<arg>${REGISTER_LINK}</arg>
<doc>Click the element identified by ``locator``.</doc>
<msg timestamp="20260219 15:04:31.690" level="INFO">Clicking element 'xpath=//a[contains(@href,"route=account/register") and contains(text(),"Register")]'.</msg>
<status status="PASS" starttime="20260219 15:04:31.689" endtime="20260219 15:04:32.864"/>
</kw>
<kw name="Wait Until Page Contains" library="SeleniumLibrary">
<arg>Register Account</arg>
<doc>Waits until ``text`` appears on the current page.</doc>
<status status="PASS" starttime="20260219 15:04:32.864" endtime="20260219 15:04:33.105"/>
</kw>
<kw name="Location Should Contain" library="SeleniumLibrary">
<arg>route=account/register</arg>
<doc>Verifies that the current URL contains ``expected``.</doc>
<msg timestamp="20260219 15:04:33.122" level="INFO">Current location contains 'route=account/register'.</msg>
<status status="PASS" starttime="20260219 15:04:33.105" endtime="20260219 15:04:33.122"/>
</kw>
<status status="PASS" starttime="20260219 15:04:26.398" endtime="20260219 15:04:33.122"/>
</kw>
<kw name="input firstname" library="register_keywords">
<arg>${firstname}</arg>
<kw name="Input Text" library="SeleniumLibrary">
<arg>${FIRSTNAME_INPUT}</arg>
<arg>${firstname}</arg>
<doc>Types the given ``text`` into the text field identified by ``locator``.</doc>
<msg timestamp="20260219 15:04:33.124" level="INFO">Typing text 'Durga' into text field 'id=input-firstname'.</msg>
<status status="PASS" starttime="20260219 15:04:33.123" endtime="20260219 15:04:33.429"/>
</kw>
<status status="PASS" starttime="20260219 15:04:33.123" endtime="20260219 15:04:33.430"/>
</kw>
<kw name="input lastname" library="register_keywords">
<arg>${lastname}</arg>
<kw name="Input Text" library="SeleniumLibrary">
<arg>${LASTNAME_INPUT}</arg>
<arg>${lastname}</arg>
<doc>Types the given ``text`` into the text field identified by ``locator``.</doc>
<msg timestamp="20260219 15:04:33.431" level="INFO">Typing text 'Prasad' into text field 'id=input-lastname'.</msg>
<status status="PASS" starttime="20260219 15:04:33.431" endtime="20260219 15:04:34.423"/>
</kw>
<status status="PASS" starttime="20260219 15:04:33.430" endtime="20260219 15:04:34.423"/>
</kw>
<kw name="input email" library="register_keywords">
<kw name="Generate Unique Email" library="email_generator">
<kw name="Generate Random String" library="String">
<var>${random}</var>
<arg>3</arg>
<arg>0123456789</arg>
<doc>Generates a string with a desired ``length`` from the given ``chars``.</doc>
<msg timestamp="20260219 15:04:34.424" level="INFO">${random} = 701</msg>
<status status="PASS" starttime="20260219 15:04:34.424" endtime="20260219 15:04:34.424"/>
</kw>
<kw name="Set Variable" library="BuiltIn">
<var>${email}</var>
<arg>test_user_${random}@gmail.com</arg>
<doc>Returns the given values which can then be assigned to a variables.</doc>
<msg timestamp="20260219 15:04:34.424" level="INFO">${email} = test_user_701@gmail.com</msg>
<status status="PASS" starttime="20260219 15:04:34.424" endtime="20260219 15:04:34.424"/>
</kw>
<kw name="Set Suite Variable" library="BuiltIn">
<arg>${EMAIL}</arg>
<arg>${email}</arg>
<doc>Makes a variable available everywhere within the scope of the current suite.</doc>
<msg timestamp="20260219 15:04:34.425" level="INFO">${EMAIL} = test_user_701@gmail.com</msg>
<status status="PASS" starttime="20260219 15:04:34.425" endtime="20260219 15:04:34.425"/>
</kw>
<kw name="Log To Console" library="BuiltIn">
<arg>Dynamic Email Generated: ${EMAIL}</arg>
<doc>Logs the given message to the console.</doc>
<status status="PASS" starttime="20260219 15:04:34.425" endtime="20260219 15:04:34.427"/>
</kw>
<status status="PASS" starttime="20260219 15:04:34.423" endtime="20260219 15:04:34.427"/>
</kw>
<kw name="Log To Console" library="BuiltIn">
<arg>Registering with Email: ${EMAIL}</arg>
<doc>Logs the given message to the console.</doc>
<status status="PASS" starttime="20260219 15:04:34.428" endtime="20260219 15:04:34.428"/>
</kw>
<kw name="Input Text" library="SeleniumLibrary">
<arg>${EMAIL_INPUT}</arg>
<arg>${EMAIL}</arg>
<doc>Types the given ``text`` into the text field identified by ``locator``.</doc>
<msg timestamp="20260219 15:04:34.429" level="INFO">Typing text 'test_user_701@gmail.com' into text field 'id=input-email'.</msg>
<status status="PASS" starttime="20260219 15:04:34.428" endtime="20260219 15:04:35.210"/>
</kw>
<status status="PASS" starttime="20260219 15:04:34.423" endtime="20260219 15:04:35.210"/>
</kw>
<kw name="input phone" library="register_keywords">
<arg>${phone}</arg>
<kw name="Input Text" library="SeleniumLibrary">
<arg>${PHONE_INPUT}</arg>
<arg>${phone}</arg>
<doc>Types the given ``text`` into the text field identified by ``locator``.</doc>
<msg timestamp="20260219 15:04:35.212" level="INFO">Typing text '9988776655' into text field 'id=input-telephone'.</msg>
<status status="PASS" starttime="20260219 15:04:35.211" endtime="20260219 15:04:35.944"/>
</kw>
<status status="PASS" starttime="20260219 15:04:35.211" endtime="20260219 15:04:35.944"/>
</kw>
<kw name="input password" library="register_keywords">
<arg>${password}</arg>
<kw name="Input Text" library="SeleniumLibrary">
<arg>${PASSWORD_INPUT}</arg>
<arg>${password}</arg>
<doc>Types the given ``text`` into the text field identified by ``locator``.</doc>
<msg timestamp="20260219 15:04:35.945" level="INFO">Typing text 'Prasad@123' into text field 'id=input-password'.</msg>
<status status="PASS" starttime="20260219 15:04:35.944" endtime="20260219 15:04:36.362"/>
</kw>
<kw name="Input Text" library="SeleniumLibrary">
<arg>${CONFIRM_INPUT}</arg>
<arg>${password}</arg>
<doc>Types the given ``text`` into the text field identified by ``locator``.</doc>
<msg timestamp="20260219 15:04:36.363" level="INFO">Typing text 'Prasad@123' into text field 'id=input-confirm'.</msg>
<status status="PASS" starttime="20260219 15:04:36.362" endtime="20260219 15:04:36.778"/>
</kw>
<kw name="Textfield Value Should Be" library="SeleniumLibrary">
<arg>${CONFIRM_INPUT}</arg>
<arg>${password}</arg>
<doc>Verifies text field ``locator`` has exactly text ``expected``.</doc>
<msg timestamp="20260219 15:04:36.929" level="INFO">Content of text field 'id=input-confirm' is 'Prasad@123'.</msg>
<status status="PASS" starttime="20260219 15:04:36.778" endtime="20260219 15:04:36.929"/>
</kw>
<status status="PASS" starttime="20260219 15:04:35.944" endtime="20260219 15:04:36.929"/>
</kw>
<kw name="click agree" library="register_keywords">
<kw name="Click Element" library="SeleniumLibrary">
<arg>${AGREE_LABEL}</arg>
<doc>Click the element identified by ``locator``.</doc>
<msg timestamp="20260219 15:04:36.930" level="INFO">Clicking element 'xpath=//label[@for="input-agree"]'.</msg>
<status status="PASS" starttime="20260219 15:04:36.929" endtime="20260219 15:04:37.115"/>
</kw>
<kw name="Checkbox Should Be Selected" library="SeleniumLibrary">
<arg>id=input-agree</arg>
<doc>Verifies checkbox ``locator`` is selected/checked.</doc>
<msg timestamp="20260219 15:04:37.117" level="INFO">Verifying checkbox 'id=input-agree' is selected.</msg>
<status status="PASS" starttime="20260219 15:04:37.116" endtime="20260219 15:04:37.270"/>
</kw>
<status status="PASS" starttime="20260219 15:04:36.929" endtime="20260219 15:04:37.270"/>
</kw>
<kw name="click continue" library="register_keywords">
<kw name="Scroll Element Into View" library="SeleniumLibrary">
<arg>${CONTINUE_BUTTON}</arg>
<doc>Scrolls the element identified by ``locator`` into view.</doc>
<status status="PASS" starttime="20260219 15:04:37.270" endtime="20260219 15:04:37.760"/>
</kw>
<kw name="Click Button" library="SeleniumLibrary">
<arg>${CONTINUE_BUTTON}</arg>
<doc>Clicks the button identified by ``locator``.</doc>
<msg timestamp="20260219 15:04:37.761" level="INFO">Clicking button 'css=input.btn.btn-primary[type="submit"][value="Continue"]'.</msg>
<status status="PASS" starttime="20260219 15:04:37.760" endtime="20260219 15:04:39.759"/>
</kw>
<kw name="Wait Until Element Is Visible" library="SeleniumLibrary">
<arg>${SUCCESS_TEXT}</arg>
<doc>Waits until the element ``locator`` is visible.</doc>
<status status="PASS" starttime="20260219 15:04:39.759" endtime="20260219 15:04:39.937"/>
</kw>
<kw name="Page Should Contain" library="SeleniumLibrary">
<arg>Your Account Has Been Created</arg>
<doc>Verifies that current page contains ``text``.</doc>
<msg timestamp="20260219 15:04:40.038" level="INFO">Current page contains text 'Your Account Has Been Created'.</msg>
<status status="PASS" starttime="20260219 15:04:39.937" endtime="20260219 15:04:40.038"/>
</kw>
<kw name="Log To Console" library="BuiltIn">
<arg>Registration Completed Successfully for ${firstname}</arg>
<doc>Logs the given message to the console.</doc>
<status status="PASS" starttime="20260219 15:04:40.039" endtime="20260219 15:04:40.045"/>
</kw>
<status status="PASS" starttime="20260219 15:04:37.270" endtime="20260219 15:04:40.045"/>
</kw>
<kw name="click logout" library="register_keywords">
<kw name="Logout User Successfully" library="logout_keywords">
<kw name="Wait Until Element Is Visible" library="SeleniumLibrary">
<arg>${MY_ACCOUNT_MENU}</arg>
<doc>Waits until the element ``locator`` is visible.</doc>
<status status="PASS" starttime="20260219 15:04:40.046" endtime="20260219 15:04:40.116"/>
</kw>
<kw name="Click Element" library="SeleniumLibrary">
<arg>${MY_ACCOUNT_MENU}</arg>
<doc>Click the element identified by ``locator``.</doc>
<msg timestamp="20260219 15:04:40.117" level="INFO">Clicking element 'xpath=//a[contains(@href,"route=account/account") and contains(@class,"dropdown-toggle")]'.</msg>
<status status="PASS" starttime="20260219 15:04:40.116" endtime="20260219 15:04:41.150"/>
</kw>
<kw name="Sleep" library="BuiltIn">
<arg>1s</arg>
<doc>Pauses the test executed for the given time.</doc>
<msg timestamp="20260219 15:04:42.152" level="INFO">Slept 1 second</msg>
<status status="PASS" starttime="20260219 15:04:41.151" endtime="20260219 15:04:42.152"/>
</kw>
<kw name="Wait Until Element Is Visible" library="SeleniumLibrary">
<arg>${LOGOUT_LINK}</arg>
<doc>Waits until the element ``locator`` is visible.</doc>
<status status="PASS" starttime="20260219 15:04:42.152" endtime="20260219 15:04:42.194"/>
</kw>
<kw name="Element Should Be Visible" library="SeleniumLibrary">
<arg>${LOGOUT_LINK}</arg>
<doc>Verifies that the element identified by ``locator`` is visible.</doc>
<msg timestamp="20260219 15:04:42.229" level="INFO">Element 'xpath=//a[contains(@href,"route=account/logout") and contains(text(),"Logout")]' is displayed.</msg>
<status status="PASS" starttime="20260219 15:04:42.194" endtime="20260219 15:04:42.229"/>
</kw>
<kw name="Click Element" library="SeleniumLibrary">
<arg>${LOGOUT_LINK}</arg>
<doc>Click the element identified by ``locator``.</doc>
<msg timestamp="20260219 15:04:42.229" level="INFO">Clicking element 'xpath=//a[contains(@href,"route=account/logout") and contains(text(),"Logout")]'.</msg>
<status status="PASS" starttime="20260219 15:04:42.229" endtime="20260219 15:04:43.567"/>
</kw>
<kw name="Wait Until Element Is Visible" library="SeleniumLibrary">
<arg>${LOGOUT_TEXT}</arg>
<doc>Waits until the element ``locator`` is visible.</doc>
<status status="PASS" starttime="20260219 15:04:43.567" endtime="20260219 15:04:43.727"/>
</kw>
<kw name="Element Should Be Visible" library="SeleniumLibrary">
<arg>${LOGOUT_TEXT}</arg>
<doc>Verifies that the element identified by ``locator`` is visible.</doc>
<msg timestamp="20260219 15:04:43.844" level="INFO">Element 'xpath=//h1[contains(text(),"Account Logout")]' is displayed.</msg>
<status status="PASS" starttime="20260219 15:04:43.727" endtime="20260219 15:04:43.844"/>
</kw>
<kw name="Page Should Contain" library="SeleniumLibrary">
<arg>Account Logout</arg>
<doc>Verifies that current page contains ``text``.</doc>
<msg timestamp="20260219 15:04:43.990" level="INFO">Current page contains text 'Account Logout'.</msg>
<status status="PASS" starttime="20260219 15:04:43.845" endtime="20260219 15:04:43.991"/>
</kw>
<kw name="Location Should Contain" library="SeleniumLibrary">
<arg>route=account/logout</arg>
<doc>Verifies that the current URL contains ``expected``.</doc>
<msg timestamp="20260219 15:04:43.999" level="INFO">Current location contains 'route=account/logout'.</msg>
<status status="PASS" starttime="20260219 15:04:43.991" endtime="20260219 15:04:43.999"/>
</kw>
<kw name="Log To Console" library="BuiltIn">
<arg>Logout Completed Successfully</arg>
<doc>Logs the given message to the console.</doc>
<status status="PASS" starttime="20260219 15:04:43.999" endtime="20260219 15:04:43.999"/>
</kw>
<status status="PASS" starttime="20260219 15:04:40.046" endtime="20260219 15:04:44.000"/>
</kw>
<status status="PASS" starttime="20260219 15:04:40.046" endtime="20260219 15:04:44.000"/>
</kw>
<kw name="Login User Successfully" library="login_keywords">
<arg>${password}</arg>
<kw name="Go To" library="SeleniumLibrary">
<arg>${BASE_URL}</arg>
<doc>Navigates the current browser window to the provided ``url``.</doc>
<msg timestamp="20260219 15:04:44.002" level="INFO">Opening url 'https://ecommerce-playground.lambdatest.io/index.php'</msg>
<status status="PASS" starttime="20260219 15:04:44.001" endtime="20260219 15:04:46.016"/>
</kw>
<kw name="Page Should Contain" library="SeleniumLibrary">
<arg>My account</arg>
<doc>Verifies that current page contains ``text``.</doc>
<msg timestamp="20260219 15:04:46.136" level="INFO">Current page contains text 'My account'.</msg>
<status status="PASS" starttime="20260219 15:04:46.017" endtime="20260219 15:04:46.137"/>
</kw>
<kw name="Wait Until Element Is Visible" library="SeleniumLibrary">
<arg>${MY_ACCOUNT_MENU}</arg>
<doc>Waits until the element ``locator`` is visible.</doc>
<status status="PASS" starttime="20260219 15:04:46.137" endtime="20260219 15:04:46.197"/>
</kw>
<kw name="Click Element" library="SeleniumLibrary">
<arg>${MY_ACCOUNT_MENU}</arg>
<doc>Click the element identified by ``locator``.</doc>
<msg timestamp="20260219 15:04:46.198" level="INFO">Clicking element 'xpath=//a[contains(@href,"route=account/account") and contains(@class,"dropdown-toggle")]'.</msg>
<status status="PASS" starttime="20260219 15:04:46.197" endtime="20260219 15:04:47.649"/>
</kw>
<kw name="Sleep" library="BuiltIn">
<arg>1s</arg>
<doc>Pauses the test executed for the given time.</doc>
<msg timestamp="20260219 15:04:48.650" level="INFO">Slept 1 second</msg>
<status status="PASS" starttime="20260219 15:04:47.650" endtime="20260219 15:04:48.651"/>
</kw>
<kw name="Wait Until Element Is Visible" library="SeleniumLibrary">
<arg>${LOGIN_LINK}</arg>
<doc>Waits until the element ``locator`` is visible.</doc>
<status status="PASS" starttime="20260219 15:04:48.652" endtime="20260219 15:04:48.673"/>
</kw>
<kw name="Click Element" library="SeleniumLibrary">
<arg>${LOGIN_LINK}</arg>
<doc>Click the element identified by ``locator``.</doc>
<msg timestamp="20260219 15:04:48.674" level="INFO">Clicking element 'xpath=//a[contains(@href,"route=account/login") and contains(text(),"Login")]'.</msg>
<status status="PASS" starttime="20260219 15:04:48.674" endtime="20260219 15:04:49.874"/>
</kw>
<kw name="Wait Until Page Contains" library="SeleniumLibrary">
<arg>Account Login</arg>
<doc>Waits until ``text`` appears on the current page.</doc>
<status status="PASS" starttime="20260219 15:04:49.876" endtime="20260219 15:04:50.114"/>
</kw>
<kw name="Location Should Contain" library="SeleniumLibrary">
<arg>route=account/login</arg>
<doc>Verifies that the current URL contains ``expected``.</doc>
<msg timestamp="20260219 15:04:50.136" level="INFO">Current location contains 'route=account/login'.</msg>
<status status="PASS" starttime="20260219 15:04:50.114" endtime="20260219 15:04:50.136"/>
</kw>
<kw name="Log To Console" library="BuiltIn">
<arg>Logging in with Email: ${EMAIL}</arg>
<doc>Logs the given message to the console.</doc>
<status status="PASS" starttime="20260219 15:04:50.136" endtime="20260219 15:04:50.140"/>
</kw>
<kw name="Input Text" library="SeleniumLibrary">
<arg>${EMAIL_INPUT}</arg>
<arg>${EMAIL}</arg>
<doc>Types the given ``text`` into the text field identified by ``locator``.</doc>
<msg timestamp="20260219 15:04:50.141" level="INFO">Typing text 'test_user_701@gmail.com' into text field 'id=input-email'.</msg>
<status status="PASS" starttime="20260219 15:04:50.140" endtime="20260219 15:04:52.204"/>
</kw>
<kw name="Input Text" library="SeleniumLibrary">
<arg>${PASSWORD_INPUT}</arg>
<arg>${password}</arg>
<doc>Types the given ``text`` into the text field identified by ``locator``.</doc>
<msg timestamp="20260219 15:04:52.205" level="INFO">Typing text 'Prasad@123' into text field 'id=input-password'.</msg>
<status status="PASS" starttime="20260219 15:04:52.204" endtime="20260219 15:04:52.540"/>
</kw>
<kw name="Click Button" library="SeleniumLibrary">
<arg>${LOGIN_BUTTON}</arg>
<doc>Clicks the button identified by ``locator``.</doc>
<msg timestamp="20260219 15:04:52.542" level="INFO">Clicking button 'css=input.btn.btn-primary[value="Login"]'.</msg>
<status status="PASS" starttime="20260219 15:04:52.541" endtime="20260219 15:04:54.104"/>
</kw>
<kw name="Wait Until Page Contains" library="SeleniumLibrary">
<arg>My Account</arg>
<doc>Waits until ``text`` appears on the current page.</doc>
<status status="PASS" starttime="20260219 15:04:54.104" endtime="20260219 15:04:54.236"/>
</kw>
<kw name="Wait Until Element Is Visible" library="SeleniumLibrary">
<arg>${MY_ACCOUNT_HEADING}</arg>
<doc>Waits until the element ``locator`` is visible.</doc>
<status status="PASS" starttime="20260219 15:04:54.236" endtime="20260219 15:04:54.333"/>
</kw>
<kw name="Page Should Contain" library="SeleniumLibrary">
<arg>My Account</arg>
<doc>Verifies that current page contains ``text``.</doc>
<msg timestamp="20260219 15:04:54.361" level="INFO">Current page contains text 'My Account'.</msg>
<status status="PASS" starttime="20260219 15:04:54.333" endtime="20260219 15:04:54.361"/>
</kw>
<kw name="Location Should Contain" library="SeleniumLibrary">
<arg>route=account/account</arg>
<doc>Verifies that the current URL contains ``expected``.</doc>
<msg timestamp="20260219 15:04:54.369" level="INFO">Current location contains 'route=account/account'.</msg>
<status status="PASS" starttime="20260219 15:04:54.362" endtime="20260219 15:04:54.369"/>
</kw>
<kw name="Log To Console" library="BuiltIn">
<arg>Login Successful After Logout</arg>
<doc>Logs the given message to the console.</doc>
<status status="PASS" starttime="20260219 15:04:54.369" endtime="20260219 15:04:54.370"/>
</kw>
<status status="PASS" starttime="20260219 15:04:44.000" endtime="20260219 15:04:54.370"/>
</kw>
<kw name="click logout" library="register_keywords">
<kw name="Logout User Successfully" library="logout_keywords">
<kw name="Wait Until Element Is Visible" library="SeleniumLibrary">
<arg>${MY_ACCOUNT_MENU}</arg>
<doc>Waits until the element ``locator`` is visible.</doc>
<status status="PASS" starttime="20260219 15:04:54.371" endtime="20260219 15:04:54.400"/>
</kw>
<kw name="Click Element" library="SeleniumLibrary">
<arg>${MY_ACCOUNT_MENU}</arg>
<doc>Click the element identified by ``locator``.</doc>
<msg timestamp="20260219 15:04:54.401" level="INFO">Clicking element 'xpath=//a[contains(@href,"route=account/account") and contains(@class,"dropdown-toggle")]'.</msg>
<status status="PASS" starttime="20260219 15:04:54.400" endtime="20260219 15:04:55.502"/>
</kw>
<kw name="Sleep" library="BuiltIn">
<arg>1s</arg>
<doc>Pauses the test executed for the given time.</doc>
<msg timestamp="20260219 15:04:56.507" level="INFO">Slept 1 second</msg>
<status status="PASS" starttime="20260219 15:04:55.502" endtime="20260219 15:04:56.507"/>
</kw>
<kw name="Wait Until Element Is Visible" library="SeleniumLibrary">
<arg>${LOGOUT_LINK}</arg>
<doc>Waits until the element ``locator`` is visible.</doc>
<status status="PASS" starttime="20260219 15:04:56.507" endtime="20260219 15:04:56.604"/>
</kw>
<kw name="Element Should Be Visible" library="SeleniumLibrary">
<arg>${LOGOUT_LINK}</arg>
<doc>Verifies that the element identified by ``locator`` is visible.</doc>
<msg timestamp="20260219 15:04:56.691" level="INFO">Element 'xpath=//a[contains(@href,"route=account/logout") and contains(text(),"Logout")]' is displayed.</msg>
<status status="PASS" starttime="20260219 15:04:56.604" endtime="20260219 15:04:56.691"/>
</kw>
<kw name="Click Element" library="SeleniumLibrary">
<arg>${LOGOUT_LINK}</arg>
<doc>Click the element identified by ``locator``.</doc>
<msg timestamp="20260219 15:04:56.692" level="INFO">Clicking element 'xpath=//a[contains(@href,"route=account/logout") and contains(text(),"Logout")]'.</msg>
<status status="PASS" starttime="20260219 15:04:56.692" endtime="20260219 15:04:58.664"/>
</kw>
<kw name="Wait Until Element Is Visible" library="SeleniumLibrary">
<arg>${LOGOUT_TEXT}</arg>
<doc>Waits until the element ``locator`` is visible.</doc>
<status status="PASS" starttime="20260219 15:04:58.665" endtime="20260219 15:04:58.931"/>
</kw>
<kw name="Element Should Be Visible" library="SeleniumLibrary">
<arg>${LOGOUT_TEXT}</arg>
<doc>Verifies that the element identified by ``locator`` is visible.</doc>
<msg timestamp="20260219 15:04:59.074" level="INFO">Element 'xpath=//h1[contains(text(),"Account Logout")]' is displayed.</msg>
<status status="PASS" starttime="20260219 15:04:58.932" endtime="20260219 15:04:59.074"/>
</kw>
<kw name="Page Should Contain" library="SeleniumLibrary">
<arg>Account Logout</arg>
<doc>Verifies that current page contains ``text``.</doc>
<msg timestamp="20260219 15:04:59.123" level="INFO">Current page contains text 'Account Logout'.</msg>
<status status="PASS" starttime="20260219 15:04:59.074" endtime="20260219 15:04:59.123"/>
</kw>
<kw name="Location Should Contain" library="SeleniumLibrary">
<arg>route=account/logout</arg>
<doc>Verifies that the current URL contains ``expected``.</doc>
<msg timestamp="20260219 15:04:59.158" level="INFO">Current location contains 'route=account/logout'.</msg>
<status status="PASS" starttime="20260219 15:04:59.123" endtime="20260219 15:04:59.158"/>
</kw>
<kw name="Log To Console" library="BuiltIn">
<arg>Logout Completed Successfully</arg>
<doc>Logs the given message to the console.</doc>
<status status="PASS" starttime="20260219 15:04:59.158" endtime="20260219 15:04:59.161"/>
</kw>
<status status="PASS" starttime="20260219 15:04:54.371" endtime="20260219 15:04:59.162"/>
</kw>
<status status="PASS" starttime="20260219 15:04:54.371" endtime="20260219 15:04:59.162"/>
</kw>
<status status="PASS" starttime="20260219 15:04:26.398" endtime="20260219 15:04:59.162"/>
</kw>
<kw name="Capture Screenshot On Failure" library="common" type="TEARDOWN">
<kw name="Run Keyword If Test Failed" library="BuiltIn">
<arg>Capture Page Screenshot</arg>
<doc>Runs the given keyword with the given arguments, if the test failed.</doc>
<status status="PASS" starttime="20260219 15:04:59.163" endtime="20260219 15:04:59.163"/>
</kw>
<status status="PASS" starttime="20260219 15:04:59.162" endtime="20260219 15:04:59.163"/>
</kw>
<status status="PASS" starttime="20260219 15:04:26.384" endtime="20260219 15:04:59.163"/>
</test>
<kw name="Close Site" library="common" type="TEARDOWN">
<kw name="Close Browser" library="SeleniumLibrary">
<doc>Closes the current browser.</doc>
<status status="PASS" starttime="20260219 15:04:59.167" endtime="20260219 15:05:06.325"/>
</kw>
<status status="PASS" starttime="20260219 15:04:59.166" endtime="20260219 15:05:06.325"/>
</kw>
<status status="PASS" starttime="20260219 15:03:03.960" endtime="20260219 15:05:06.325"/>
</suite>
<suite id="s1-s2" name="Tc02 Search Product View" source="C:\Users\abhir\PycharmProjects\Wipro_2026\robot_framework_capstone_oldoriginal\tests\tc02_search_product_view.robot">
<kw name="Open Site" library="common" type="SETUP">
<kw name="Open Browser" library="SeleniumLibrary">
<arg>${BASE_URL}</arg>
<arg>${BROWSER}</arg>
<doc>Opens a new browser instance to the optional ``url``.</doc>
<msg timestamp="20260219 15:05:06.448" level="INFO">Opening browser 'edge' to base url 'https://ecommerce-playground.lambdatest.io/index.php'.</msg>
<msg timestamp="20260219 15:05:07.180" level="WARN">There was an error managing MicrosoftEdge (error sending request for url (https://msedgedriver.azureedge.net/LATEST_RELEASE_145_WINDOWS): error trying to connect: dns error: No such host is known. (os error 11001)); using driver found in the cache</msg>
<status status="PASS" starttime="20260219 15:05:06.448" endtime="20260219 15:05:12.615"/>
</kw>
[...]
</kw>
<status status="PASS" starttime="20260219 15:08:15.982" endtime="20260219 15:08:16.209"/>
</kw>
<kw name="click login" library="logout_keywords">
<kw name="Click Button" library="SeleniumLibrary">
<arg>${LOGIN_BUTTON}</arg>
<doc>Clicks the button identified by ``locator``.</doc>
<msg timestamp="20260219 15:08:16.211" level="INFO">Clicking button 'css=input.btn.btn-primary[value="Login"]'.</msg>
<status status="PASS" starttime="20260219 15:08:16.210" endtime="20260219 15:08:16.351"/>
</kw>
<kw name="Wait Until Page Contains" library="SeleniumLibrary">
<arg>My Account</arg>
<doc>Waits until ``text`` appears on the current page.</doc>
<status status="PASS" starttime="20260219 15:08:16.351" endtime="20260219 15:08:17.651"/>
</kw>
<kw name="Wait Until Element Is Visible" library="SeleniumLibrary">
<arg>${MY_ACCOUNT_HEADING}</arg>
<doc>Waits until the element ``locator`` is visible.</doc>
<status status="PASS" starttime="20260219 15:08:17.651" endtime="20260219 15:08:17.760"/>
</kw>
<kw name="Page Should Contain" library="SeleniumLibrary">
<arg>My Account</arg>
<doc>Verifies that current page contains ``text``.</doc>
<msg timestamp="20260219 15:08:17.831" level="INFO">Current page contains text 'My Account'.</msg>
<status status="PASS" starttime="20260219 15:08:17.760" endtime="20260219 15:08:17.831"/>
</kw>
<kw name="Location Should Contain" library="SeleniumLibrary">
<arg>route=account/account</arg>
<doc>Verifies that the current URL contains ``expected``.</doc>
<msg timestamp="20260219 15:08:17.861" level="INFO">Current location contains 'route=account/account'.</msg>
<status status="PASS" starttime="20260219 15:08:17.831" endtime="20260219 15:08:17.861"/>
</kw>
<kw name="Log To Console" library="BuiltIn">
<arg>Login Successful</arg>
<doc>Logs the given message to the console.</doc>
<status status="PASS" starttime="20260219 15:08:17.861" endtime="20260219 15:08:17.862"/>
</kw>
<status status="PASS" starttime="20260219 15:08:16.209" endtime="20260219 15:08:17.862"/>
</kw>
<kw name="Logout User Successfully" library="logout_keywords">
<kw name="Wait Until Element Is Visible" library="SeleniumLibrary">
<arg>${MY_ACCOUNT_MENU}</arg>
<doc>Waits until the element ``locator`` is visible.</doc>
<status status="PASS" starttime="20260219 15:08:17.863" endtime="20260219 15:08:17.955"/>
</kw>
<kw name="Click Element" library="SeleniumLibrary">
<arg>${MY_ACCOUNT_MENU}</arg>
<doc>Click the element identified by ``locator``.</doc>
<msg timestamp="20260219 15:08:17.956" level="INFO">Clicking element 'xpath=//a[contains(@href,"route=account/account") and contains(@class,"dropdown-toggle")]'.</msg>
<status status="PASS" starttime="20260219 15:08:17.955" endtime="20260219 15:08:18.967"/>
</kw>
<kw name="Sleep" library="BuiltIn">
<arg>1s</arg>
<doc>Pauses the test executed for the given time.</doc>
<msg timestamp="20260219 15:08:19.969" level="INFO">Slept 1 second</msg>
<status status="PASS" starttime="20260219 15:08:18.967" endtime="20260219 15:08:19.969"/>
</kw>
<kw name="Wait Until Element Is Visible" library="SeleniumLibrary">
<arg>${LOGOUT_LINK}</arg>
<doc>Waits until the element ``locator`` is visible.</doc>
<status status="PASS" starttime="20260219 15:08:19.969" endtime="20260219 15:08:20.040"/>
</kw>
<kw name="Element Should Be Visible" library="SeleniumLibrary">
<arg>${LOGOUT_LINK}</arg>
<doc>Verifies that the element identified by ``locator`` is visible.</doc>
<msg timestamp="20260219 15:08:20.112" level="INFO">Element 'xpath=//a[contains(@href,"route=account/logout") and contains(text(),"Logout")]' is displayed.</msg>
<status status="PASS" starttime="20260219 15:08:20.040" endtime="20260219 15:08:20.112"/>
</kw>
<kw name="Click Element" library="SeleniumLibrary">
<arg>${LOGOUT_LINK}</arg>
<doc>Click the element identified by ``locator``.</doc>
<msg timestamp="20260219 15:08:20.112" level="INFO">Clicking element 'xpath=//a[contains(@href,"route=account/logout") and contains(text(),"Logout")]'.</msg>
<status status="PASS" starttime="20260219 15:08:20.112" endtime="20260219 15:08:21.658"/>
</kw>
<kw name="Wait Until Element Is Visible" library="SeleniumLibrary">
<arg>${LOGOUT_TEXT}</arg>
<doc>Waits until the element ``locator`` is visible.</doc>
<status status="PASS" starttime="20260219 15:08:21.658" endtime="20260219 15:08:22.103"/>
</kw>
<kw name="Element Should Be Visible" library="SeleniumLibrary">
<arg>${LOGOUT_TEXT}</arg>
<doc>Verifies that the element identified by ``locator`` is visible.</doc>
<msg timestamp="20260219 15:08:22.240" level="INFO">Element 'xpath=//h1[contains(text(),"Account Logout")]' is displayed.</msg>
<status status="PASS" starttime="20260219 15:08:22.103" endtime="20260219 15:08:22.240"/>
</kw>
<kw name="Page Should Contain" library="SeleniumLibrary">
<arg>Account Logout</arg>
<doc>Verifies that current page contains ``text``.</doc>
<msg timestamp="20260219 15:08:22.444" level="INFO">Current page contains text 'Account Logout'.</msg>
<status status="PASS" starttime="20260219 15:08:22.241" endtime="20260219 15:08:22.444"/>
</kw>
<kw name="Location Should Contain" library="SeleniumLibrary">
<arg>route=account/logout</arg>
<doc>Verifies that the current URL contains ``expected``.</doc>
<msg timestamp="20260219 15:08:22.515" level="INFO">Current location contains 'route=account/logout'.</msg>
<status status="PASS" starttime="20260219 15:08:22.444" endtime="20260219 15:08:22.515"/>
</kw>
<kw name="Log To Console" library="BuiltIn">
<arg>Logout Completed Successfully</arg>
<doc>Logs the given message to the console.</doc>
<status status="PASS" starttime="20260219 15:08:22.515" endtime="20260219 15:08:22.517"/>
</kw>
<status status="PASS" starttime="20260219 15:08:17.863" endtime="20260219 15:08:22.517"/>
</kw>
<status status="PASS" starttime="20260219 15:08:10.703" endtime="20260219 15:08:22.517"/>
</kw>
<kw name="Capture Screenshot On Failure" library="common" type="TEARDOWN">
<kw name="Run Keyword If Test Failed" library="BuiltIn">
<arg>Capture Page Screenshot</arg>
<doc>Runs the given keyword with the given arguments, if the test failed.</doc>
<status status="PASS" starttime="20260219 15:08:22.519" endtime="20260219 15:08:22.519"/>
</kw>
<status status="PASS" starttime="20260219 15:08:22.518" endtime="20260219 15:08:22.519"/>
</kw>
<status status="PASS" starttime="20260219 15:08:10.699" endtime="20260219 15:08:22.520"/>
</test>
<test id="s1-s5-t3" name="Logout for email - abhiram3@gmail.com" line="19">
<kw name="Logout">
<arg>abhiram3@gmail.com</arg>
<arg>Test@123</arg>
<kw name="Login User" library="logout_keywords">
<kw name="Go To" library="SeleniumLibrary">
<arg>${BASE_URL}</arg>
<doc>Navigates the current browser window to the provided ``url``.</doc>
<msg timestamp="20260219 15:08:22.527" level="INFO">Opening url 'https://ecommerce-playground.lambdatest.io/index.php'</msg>
<status status="PASS" starttime="20260219 15:08:22.526" endtime="20260219 15:08:23.655"/>
</kw>
<kw name="Page Should Contain" library="SeleniumLibrary">
<arg>My account</arg>
<doc>Verifies that current page contains ``text``.</doc>
<msg timestamp="20260219 15:08:23.872" level="INFO">Current page contains text 'My account'.</msg>
<status status="PASS" starttime="20260219 15:08:23.656" endtime="20260219 15:08:23.872"/>
</kw>
<kw name="Wait Until Element Is Visible" library="SeleniumLibrary">
<arg>${MY_ACCOUNT_MENU}</arg>
<doc>Waits until the element ``locator`` is visible.</doc>
<status status="PASS" starttime="20260219 15:08:23.873" endtime="20260219 15:08:24.033"/>
</kw>
<kw name="Click Element" library="SeleniumLibrary">
<arg>${MY_ACCOUNT_MENU}</arg>
<doc>Click the element identified by ``locator``.</doc>
<msg timestamp="20260219 15:08:24.035" level="INFO">Clicking element 'xpath=//a[contains(@href,"route=account/account") and contains(@class,"dropdown-toggle")]'.</msg>
<status status="PASS" starttime="20260219 15:08:24.033" endtime="20260219 15:08:25.423"/>
</kw>
<kw name="Sleep" library="BuiltIn">
<arg>1s</arg>
<doc>Pauses the test executed for the given time.</doc>
<msg timestamp="20260219 15:08:26.423" level="INFO">Slept 1 second</msg>
<status status="PASS" starttime="20260219 15:08:25.423" endtime="20260219 15:08:26.424"/>
</kw>
<kw name="Wait Until Element Is Visible" library="SeleniumLibrary">
<arg>${LOGIN_LINK}</arg>
<doc>Waits until the element ``locator`` is visible.</doc>
<status status="PASS" starttime="20260219 15:08:26.424" endtime="20260219 15:08:26.486"/>
</kw>
<kw name="Click Element" library="SeleniumLibrary">
<arg>${LOGIN_LINK}</arg>
<doc>Click the element identified by ``locator``.</doc>
<msg timestamp="20260219 15:08:26.487" level="INFO">Clicking element 'xpath=//a[contains(@href,"route=account/login") and contains(text(),"Login")]'.</msg>
<status status="PASS" starttime="20260219 15:08:26.487" endtime="20260219 15:08:30.504"/>
</kw>
<kw name="Wait Until Page Contains" library="SeleniumLibrary">
<arg>Account Login</arg>
<doc>Waits until ``text`` appears on the current page.</doc>
<status status="PASS" starttime="20260219 15:08:30.504" endtime="20260219 15:08:30.940"/>
</kw>
<kw name="Location Should Contain" library="SeleniumLibrary">
<arg>route=account/login</arg>
<doc>Verifies that the current URL contains ``expected``.</doc>
<msg timestamp="20260219 15:08:31.084" level="INFO">Current location contains 'route=account/login'.</msg>
<status status="PASS" starttime="20260219 15:08:30.941" endtime="20260219 15:08:31.084"/>
</kw>
<status status="PASS" starttime="20260219 15:08:22.525" endtime="20260219 15:08:31.084"/>
</kw>
<kw name="input email for login" library="logout_keywords">
<arg>${email}</arg>
<kw name="Log To Console" library="BuiltIn">
<arg>Logging in with Email: ${email}</arg>
<doc>Logs the given message to the console.</doc>
<status status="PASS" starttime="20260219 15:08:31.086" endtime="20260219 15:08:31.097"/>
</kw>
<kw name="Input Text" library="SeleniumLibrary">
<arg>${EMAIL_INPUT}</arg>
<arg>${email}</arg>
<doc>Types the given ``text`` into the text field identified by ``locator``.</doc>
<msg timestamp="20260219 15:08:31.099" level="INFO">Typing text 'abhiram3@gmail.com' into text field 'id=input-email'.</msg>
<status status="PASS" starttime="20260219 15:08:31.098" endtime="20260219 15:08:37.406"/>
</kw>
<status status="PASS" starttime="20260219 15:08:31.084" endtime="20260219 15:08:37.406"/>
</kw>
<kw name="input password for login" library="logout_keywords">
<arg>${password}</arg>
<kw name="Input Text" library="SeleniumLibrary">
<arg>${PASSWORD_INPUT}</arg>
<arg>${password}</arg>
<doc>Types the given ``text`` into the text field identified by ``locator``.</doc>
<msg timestamp="20260219 15:08:37.408" level="INFO">Typing text 'Test@123' into text field 'id=input-password'.</msg>
<status status="PASS" starttime="20260219 15:08:37.407" endtime="20260219 15:08:38.246"/>
</kw>
<status status="PASS" starttime="20260219 15:08:37.406" endtime="20260219 15:08:38.246"/>
</kw>
<kw name="click login" library="logout_keywords">
<kw name="Click Button" library="SeleniumLibrary">
<arg>${LOGIN_BUTTON}</arg>
<doc>Clicks the button identified by ``locator``.</doc>
<msg timestamp="20260219 15:08:38.248" level="INFO">Clicking button 'css=input.btn.btn-primary[value="Login"]'.</msg>
<status status="PASS" starttime="20260219 15:08:38.247" endtime="20260219 15:08:39.965"/>
</kw>
<kw name="Wait Until Page Contains" library="SeleniumLibrary">
<arg>My Account</arg>
<doc>Waits until ``text`` appears on the current page.</doc>
<status status="PASS" starttime="20260219 15:08:39.966" endtime="20260219 15:08:39.995"/>
</kw>
<kw name="Wait Until Element Is Visible" library="SeleniumLibrary">
<arg>${MY_ACCOUNT_HEADING}</arg>
<doc>Waits until the element ``locator`` is visible.</doc>
<status status="PASS" starttime="20260219 15:08:39.996" endtime="20260219 15:08:40.064"/>
</kw>
<kw name="Page Should Contain" library="SeleniumLibrary">
<arg>My Account</arg>
<doc>Verifies that current page contains ``text``.</doc>
<msg timestamp="20260219 15:08:40.095" level="INFO">Current page contains text 'My Account'.</msg>
<status status="PASS" starttime="20260219 15:08:40.064" endtime="20260219 15:08:40.095"/>
</kw>
<kw name="Location Should Contain" library="SeleniumLibrary">
<arg>route=account/account</arg>
<doc>Verifies that the current URL contains ``expected``.</doc>
<msg timestamp="20260219 15:08:40.104" level="INFO">Current location contains 'route=account/account'.</msg>
<status status="PASS" starttime="20260219 15:08:40.095" endtime="20260219 15:08:40.104"/>
</kw>
<kw name="Log To Console" library="BuiltIn">
<arg>Login Successful</arg>
<doc>Logs the given message to the console.</doc>
<status status="PASS" starttime="20260219 15:08:40.105" endtime="20260219 15:08:40.106"/>
</kw>
<status status="PASS" starttime="20260219 15:08:38.247" endtime="20260219 15:08:40.107"/>
</kw>
<kw name="Logout User Successfully" library="logout_keywords">
<kw name="Wait Until Element Is Visible" library="SeleniumLibrary">
<arg>${MY_ACCOUNT_MENU}</arg>
<doc>Waits until the element ``locator`` is visible.</doc>
<status status="PASS" starttime="20260219 15:08:40.109" endtime="20260219 15:08:40.186"/>
</kw>
<kw name="Click Element" library="SeleniumLibrary">
<arg>${MY_ACCOUNT_MENU}</arg>
<doc>Click the element identified by ``locator``.</doc>
<msg timestamp="20260219 15:08:40.187" level="INFO">Clicking element 'xpath=//a[contains(@href,"route=account/account") and contains(@class,"dropdown-toggle")]'.</msg>
<status status="PASS" starttime="20260219 15:08:40.186" endtime="20260219 15:08:41.115"/>
</kw>
<kw name="Sleep" library="BuiltIn">
<arg>1s</arg>
<doc>Pauses the test executed for the given time.</doc>
<msg timestamp="20260219 15:08:42.119" level="INFO">Slept 1 second</msg>
<status status="PASS" starttime="20260219 15:08:41.115" endtime="20260219 15:08:42.119"/>
</kw>
<kw name="Wait Until Element Is Visible" library="SeleniumLibrary">
<arg>${LOGOUT_LINK}</arg>
<doc>Waits until the element ``locator`` is visible.</doc>
<status status="PASS" starttime="20260219 15:08:42.120" endtime="20260219 15:08:42.214"/>
</kw>
<kw name="Element Should Be Visible" library="SeleniumLibrary">
<arg>${LOGOUT_LINK}</arg>
<doc>Verifies that the element identified by ``locator`` is visible.</doc>
<msg timestamp="20260219 15:08:42.300" level="INFO">Element 'xpath=//a[contains(@href,"route=account/logout") and contains(text(),"Logout")]' is displayed.</msg>
<status status="PASS" starttime="20260219 15:08:42.214" endtime="20260219 15:08:42.300"/>
</kw>
<kw name="Click Element" library="SeleniumLibrary">
<arg>${LOGOUT_LINK}</arg>
<doc>Click the element identified by ``locator``.</doc>
<msg timestamp="20260219 15:08:42.301" level="INFO">Clicking element 'xpath=//a[contains(@href,"route=account/logout") and contains(text(),"Logout")]'.</msg>
<status status="PASS" starttime="20260219 15:08:42.300" endtime="20260219 15:08:43.506"/>
</kw>
<kw name="Wait Until Element Is Visible" library="SeleniumLibrary">
<arg>${LOGOUT_TEXT}</arg>
<doc>Waits until the element ``locator`` is visible.</doc>
<status status="PASS" starttime="20260219 15:08:43.507" endtime="20260219 15:08:43.561"/>
</kw>
<kw name="Element Should Be Visible" library="SeleniumLibrary">
<arg>${LOGOUT_TEXT}</arg>
<doc>Verifies that the element identified by ``locator`` is visible.</doc>
<msg timestamp="20260219 15:08:43.624" level="INFO">Element 'xpath=//h1[contains(text(),"Account Logout")]' is displayed.</msg>
<status status="PASS" starttime="20260219 15:08:43.561" endtime="20260219 15:08:43.624"/>
</kw>
<kw name="Page Should Contain" library="SeleniumLibrary">
<arg>Account Logout</arg>
<doc>Verifies that current page contains ``text``.</doc>
<msg timestamp="20260219 15:08:43.655" level="INFO">Current page contains text 'Account Logout'.</msg>
<status status="PASS" starttime="20260219 15:08:43.624" endtime="20260219 15:08:43.655"/>
</kw>
<kw name="Location Should Contain" library="SeleniumLibrary">
<arg>route=account/logout</arg>
<doc>Verifies that the current URL contains ``expected``.</doc>
<msg timestamp="20260219 15:08:43.662" level="INFO">Current location contains 'route=account/logout'.</msg>
<status status="PASS" starttime="20260219 15:08:43.655" endtime="20260219 15:08:43.662"/>
</kw>
<kw name="Log To Console" library="BuiltIn">
<arg>Logout Completed Successfully</arg>
<doc>Logs the given message to the console.</doc>
<status status="PASS" starttime="20260219 15:08:43.662" endtime="20260219 15:08:43.664"/>
</kw>
<status status="PASS" starttime="20260219 15:08:40.108" endtime="20260219 15:08:43.664"/>
</kw>
<status status="PASS" starttime="20260219 15:08:22.524" endtime="20260219 15:08:43.664"/>
</kw>
<kw name="Capture Screenshot On Failure" library="common" type="TEARDOWN">
<kw name="Run Keyword If Test Failed" library="BuiltIn">
<arg>Capture Page Screenshot</arg>
<doc>Runs the given keyword with the given arguments, if the test failed.</doc>
<status status="PASS" starttime="20260219 15:08:43.668" endtime="20260219 15:08:43.670"/>
</kw>
<status status="PASS" starttime="20260219 15:08:43.667" endtime="20260219 15:08:43.670"/>
</kw>
<status status="PASS" starttime="20260219 15:08:22.521" endtime="20260219 15:08:43.671"/>
</test>
<kw name="Close Site" library="common" type="TEARDOWN">
<kw name="Close Browser" library="SeleniumLibrary">
<doc>Closes the current browser.</doc>
<status status="PASS" starttime="20260219 15:08:43.675" endtime="20260219 15:08:48.276"/>
</kw>
<status status="PASS" starttime="20260219 15:08:43.674" endtime="20260219 15:08:48.276"/>
</kw>
<status status="PASS" starttime="20260219 15:07:49.656" endtime="20260219 15:08:48.276"/>
</suite>
<status status="PASS" starttime="20260219 15:03:03.919" endtime="20260219 15:08:48.278"/>
</suite>
<statistics>
<total>
<stat pass="15" fail="0" skip="0">All Tests</stat>
</total>
<tag>
</tag>
<suite>
<stat pass="15" fail="0" skip="0" id="s1" name="Tests">Tests</stat>
<stat pass="3" fail="0" skip="0" id="s1-s1" name="Tc01 Register Login">Tests.Tc01 Register Login</stat>
<stat pass="3" fail="0" skip="0" id="s1-s2" name="Tc02 Search Product View">Tests.Tc02 Search Product View</stat>
<stat pass="3" fail="0" skip="0" id="s1-s3" name="Tc03 Add To Cart">Tests.Tc03 Add To Cart</stat>
<stat pass="3" fail="0" skip="0" id="s1-s4" name="Tc04 Cart Update Remove">Tests.Tc04 Cart Update Remove</stat>
<stat pass="3" fail="0" skip="0" id="s1-s5" name="Tc05 Logout">Tests.Tc05 Logout</stat>
</suite>
</statistics>
<errors>
<msg timestamp="20260219 15:03:05.348" level="WARN">There was an error managing MicrosoftEdge (error sending request for url (https://msedgedriver.azureedge.net/LATEST_RELEASE_145_WINDOWS): error trying to connect: dns error: No such host is known. (os error 11001)); using driver found in the cache</msg>
<msg timestamp="20260219 15:05:07.180" level="WARN">There was an error managing MicrosoftEdge (error sending request for url (https://msedgedriver.azureedge.net/LATEST_RELEASE_145_WINDOWS): error trying to connect: dns error: No such host is known. (os error 11001)); using driver found in the cache</msg>
<msg timestamp="20260219 15:05:47.857" level="WARN">There was an error managing MicrosoftEdge (error sending request for url (https://msedgedriver.azureedge.net/LATEST_RELEASE_145_WINDOWS): error trying to connect: dns error: No such host is known. (os error 11001)); using driver found in the cache</msg>
<msg timestamp="20260219 15:06:36.018" level="WARN">There was an error managing MicrosoftEdge (error sending request for url (https://msedgedriver.azureedge.net/LATEST_RELEASE_145_WINDOWS): error trying to connect: dns error: No such host is known. (os error 11001)); using driver found in the cache</msg>
<msg timestamp="20260219 15:07:50.486" level="WARN">There was an error managing MicrosoftEdge (error sending request for url (https://msedgedriver.azureedge.net/LATEST_RELEASE_145_WINDOWS): error trying to connect: dns error: No such host is known. (os error 11001)); using driver found in the cache</msg>
</errors>
</robot>
