<?xml version="1.0" encoding="UTF-8"?>
<robot generator="Robot 7.4.1 (Python 3.14.2 on win32)" generated="2026-02-17T20:40:31.640028" rpa="false" schemaversion="5">
<suite id="s1" name="Selenium-Python" source="D:\WIPRO- Selenium with Python\selenium-python">
<suite id="s1-s1" name="CAPSTONE-PROJECT" source="D:\WIPRO- Selenium with Python\selenium-python\CAPSTONE-PROJECT">
<suite id="s1-s1-s1" name="Robot Framework" source="D:\WIPRO- Selenium with Python\selenium-python\CAPSTONE-PROJECT\robot_framework">
<suite id="s1-s1-s1-s1" name="Tests" source="D:\WIPRO- Selenium with Python\selenium-python\CAPSTONE-PROJECT\robot_framework\tests">
<suite id="s1-s1-s1-s1-s1" name="Login Tests" source="D:\WIPRO- Selenium with Python\selenium-python\CAPSTONE-PROJECT\robot_framework\tests\login_tests.robot">
<kw name="Open Browser To Application" owner="common_keywords" type="SETUP">
<kw name="Open Browser" owner="SeleniumLibrary">
<msg time="2026-02-17T20:40:32.005230" level="INFO">Opening browser 'chrome' to base url 'https://ecommerce-playground.lambdatest.io/index.php'.</msg>
<arg>${BASE_URL}</arg>
<arg>${BROWSER}</arg>
<doc>Opens a new browser instance to the optional ``url``.</doc>
<status status="PASS" start="2026-02-17T20:40:32.004863" elapsed="5.909333"/>
</kw>
<kw name="Maximize Browser Window" owner="SeleniumLibrary">
<doc>Maximizes current browser window.</doc>
<status status="PASS" start="2026-02-17T20:40:37.914719" elapsed="0.090261"/>
</kw>
<kw name="Set Selenium Implicit Wait" owner="SeleniumLibrary">
<arg>5s</arg>
<doc>Sets the implicit wait value used by Selenium.</doc>
<status status="PASS" start="2026-02-17T20:40:38.005329" elapsed="0.001561"/>
</kw>
<kw name="Handle Cookie Popup" owner="common_keywords">
<kw name="Run Keyword And Ignore Error" owner="BuiltIn">
<kw name="Wait Until Element Is Visible" owner="SeleniumLibrary">
<msg time="2026-02-17T20:40:43.397024" level="INFO" html="true">&lt;/td&gt;&lt;/tr&gt;&lt;tr&gt;&lt;td colspan="3"&gt;&lt;a href="selenium-screenshot-1.png"&gt;&lt;img src="selenium-screenshot-1.png" width="800px"&gt;&lt;/a&gt;</msg>
<msg time="2026-02-17T20:40:43.397542" level="FAIL">Element 'xpath=//button[contains(text(),'Accept')]' not visible after 5 seconds.</msg>
<arg>${COOKIE_ACCEPT}</arg>
<arg>5s</arg>
<doc>Waits until the element ``locator`` is visible.</doc>
<status status="FAIL" start="2026-02-17T20:40:38.008261" elapsed="5.394322">Element 'xpath=//button[contains(text(),'Accept')]' not visible after 5 seconds.</status>
</kw>
<arg>Wait Until Element Is Visible</arg>
<arg>${COOKIE_ACCEPT}</arg>
<arg>5s</arg>
<doc>Runs the given keyword with the given arguments and ignores possible error.</doc>
<status status="PASS" start="2026-02-17T20:40:38.007713" elapsed="5.395148"/>
</kw>
<kw name="Run Keyword And Ignore Error" owner="BuiltIn">
<kw name="Click Element" owner="SeleniumLibrary">
<msg time="2026-02-17T20:40:43.404275" level="INFO">Clicking element 'xpath=//button[contains(text(),'Accept')]'.</msg>
<msg time="2026-02-17T20:40:48.670255" level="INFO" html="true">&lt;/td&gt;&lt;/tr&gt;&lt;tr&gt;&lt;td colspan="3"&gt;&lt;a href="selenium-screenshot-2.png"&gt;&lt;img src="selenium-screenshot-2.png" width="800px"&gt;&lt;/a&gt;</msg>
<msg time="2026-02-17T20:40:48.670938" level="FAIL">Element with locator 'xpath=//button[contains(text(),'Accept')]' not found.</msg>
<arg>${COOKIE_ACCEPT}</arg>
<doc>Click the element identified by ``locator``.</doc>
<status status="FAIL" start="2026-02-17T20:40:43.403842" elapsed="5.273020">Element with locator 'xpath=//button[contains(text(),'Accept')]' not found.</status>
</kw>
<arg>Click Element</arg>
<arg>${COOKIE_ACCEPT}</arg>
<doc>Runs the given keyword with the given arguments and ignores possible error.</doc>
<status status="PASS" start="2026-02-17T20:40:43.403185" elapsed="5.273896"/>
</kw>
<status status="PASS" start="2026-02-17T20:40:38.007248" elapsed="10.670042"/>
</kw>
<kw name="Log" owner="BuiltIn">
<msg time="2026-02-17T20:40:48.678135" level="INFO">Browser Launched Successfully</msg>
<arg>Browser Launched Successfully</arg>
<doc>Logs the given message with the given level.</doc>
<status status="PASS" start="2026-02-17T20:40:48.677558" elapsed="0.000843"/>
</kw>
<status status="PASS" start="2026-02-17T20:40:32.004116" elapsed="16.674477"/>
</kw>
<test id="s1-s1-s1-s1-s1-t1" name="Registration With Multiple Users" line="10">
<status status="FAIL" start="2026-02-17T20:40:48.678765" elapsed="0.004797">Test cannot be empty.</status>
</test>
<kw name="Close Browser" owner="SeleniumLibrary" type="TEARDOWN">
<doc>Closes the current browser.</doc>
<status status="PASS" start="2026-02-17T20:40:48.689599" elapsed="2.239135"/>
</kw>
<status status="FAIL" start="2026-02-17T20:40:31.702617" elapsed="19.226329"/>
</suite>
<status status="FAIL" start="2026-02-17T20:40:31.700463" elapsed="19.232594"/>
</suite>
<status status="FAIL" start="2026-02-17T20:40:31.698166" elapsed="19.236857"/>
</suite>
<status status="FAIL" start="2026-02-17T20:40:31.695314" elapsed="19.241559"/>
</suite>
<status status="FAIL" start="2026-02-17T20:40:31.648306" elapsed="19.290392"/>
</suite>
<statistics>
<total>
<stat pass="0" fail="1" skip="0">All Tests</stat>
</total>
<tag>
</tag>
<suite>
<stat name="Selenium-Python" id="s1" pass="0" fail="1" skip="0">Selenium-Python</stat>
<stat name="CAPSTONE-PROJECT" id="s1-s1" pass="0" fail="1" skip="0">Selenium-Python.CAPSTONE-PROJECT</stat>
<stat name="Robot Framework" id="s1-s1-s1" pass="0" fail="1" skip="0">Selenium-Python.CAPSTONE-PROJECT.Robot Framework</stat>
<stat name="Tests" id="s1-s1-s1-s1" pass="0" fail="1" skip="0">Selenium-Python.CAPSTONE-PROJECT.Robot Framework.Tests</stat>
<stat name="Login Tests" id="s1-s1-s1-s1-s1" pass="0" fail="1" skip="0">Selenium-Python.CAPSTONE-PROJECT.Robot Framework.Tests.Login Tests</stat>
</suite>
</statistics>
<errors>
<msg time="2026-02-17T20:40:31.993494" level="ERROR">[ DataDriver ] Error in robot file:
  File "D:\WIPRO- Selenium with Python\selenium-python\CAPSTONE-PROJECT\robot_framework\tests\login_tests.robot", line 0</msg>
<msg time="2026-02-17T20:40:31.995253" level="ERROR">In source file:
  File "D:\WIPRO- Selenium with Python\selenium-python\CAPSTONE-PROJECT\robot_framework\tests\..\testdata\registration_data.csv", line 0</msg>
<msg time="2026-02-17T20:40:32.002688" level="ERROR">Calling method '_start_suite' of listener 'DataDriver' failed: ValueError: Unassigned requiered argument detected: ${firstname}.</msg>
</errors>
</robot>
