<?xml version="1.0" encoding="UTF-8"?>
<robot generator="Robot 7.4.1 (Python 3.14.2 on win32)" generated="2026-02-16T18:28:42.442161" rpa="false" schemaversion="5">
<suite id="s1" name="Foodie" source="D:\WIPRO- Selenium with Python\selenium-python\CASE-STUDIES\Foodie-App-REST_API\robot_test\foodie.robot">
<kw name="Create Session" owner="RequestsLibrary" type="SETUP">
<msg time="2026-02-16T18:28:42.561555" level="INFO">Creating Session using : alias=foodie, url=http://127.0.0.1:5000, headers={},                     cookies={}, auth=None, timeout=None, proxies=None, verify=False,                     debug=0 </msg>
<arg>foodie</arg>
<arg>http://127.0.0.1:5000</arg>
<doc>Create Session: create a HTTP session to a server</doc>
<status status="PASS" start="2026-02-16T18:28:42.561392" elapsed="0.000383"/>
</kw>
<test id="s1-t1" name="1 Register Restaurant" line="11">
<kw name="Create Dictionary" owner="BuiltIn">
<msg time="2026-02-16T18:28:42.562798" level="INFO">${body} = {'name': 'Food Hub', 'category': 'Veg', 'location': 'Bhopal', 'images': '["img1.jpg"]', 'contact': '9876543210'}</msg>
<var>${body}</var>
<arg>name=Food Hub</arg>
<arg>category=Veg</arg>
<arg>location=Bhopal</arg>
<arg>images=["img1.jpg"]</arg>
<arg>contact=9876543210</arg>
<doc>Creates and returns a dictionary based on the given ``items``.</doc>
<status status="PASS" start="2026-02-16T18:28:42.562284" elapsed="0.000548"/>
</kw>
<kw name="POST On Session" owner="RequestsLibrary">
<msg time="2026-02-16T18:28:42.568878" level="INFO">POST Request : url=http://127.0.0.1:5000/api/v1/restaurants 
 path_url=/api/v1/restaurants 
 headers={'User-Agent': 'python-requests/2.32.5', 'Accept-Encoding': 'gzip, deflate, zstd', 'Accept': '*/*', 'Connection': 'keep-alive', 'Content-Length': '114', 'Content-Type': 'application/json'} 
 body=b'{"name": "Food Hub", "category": "Veg", "location": "Bhopal", "images": "[\\"img1.jpg\\"]", "contact": "9876543210"}' 
 </msg>
<msg time="2026-02-16T18:28:42.568984" level="INFO">POST Response : url=http://127.0.0.1:5000/api/v1/restaurants 
 status=409, reason=CONFLICT 
 headers={'Server': 'Werkzeug/3.1.5 Python/3.14.2', 'Date': 'Mon, 16 Feb 2026 12:58:42 GMT', 'Content-Type': 'application/json', 'Content-Length': '43', 'Connection': 'close'} 
 body={
  "error": "Restaurant already exists"
}
 
 </msg>
<msg time="2026-02-16T18:28:42.569117" level="FAIL">HTTPError: 409 Client Error: CONFLICT for url: http://127.0.0.1:5000/api/v1/restaurants</msg>
<var>${response}</var>
<arg>foodie</arg>
<arg>${BASE}/restaurants</arg>
<arg>json=${body}</arg>
<doc>Sends a POST request on a previously created HTTP Session.</doc>
<status status="FAIL" start="2026-02-16T18:28:42.563042" elapsed="0.008500">HTTPError: 409 Client Error: CONFLICT for url: http://127.0.0.1:5000/api/v1/restaurants</status>
</kw>
<kw name="Status Should Be" owner="RequestsLibrary">
<arg>201</arg>
<arg>${response}</arg>
<doc>Fails if response status code is different than the expected.</doc>
<status status="NOT RUN" start="2026-02-16T18:28:42.571916" elapsed="0.000029"/>
</kw>
<kw name="Set Variable" owner="BuiltIn">
<var>${json}</var>
<arg>${response.json()}</arg>
<doc>Returns the given values which can then be assigned to a variables.</doc>
<status status="NOT RUN" start="2026-02-16T18:28:42.572163" elapsed="0.000027"/>
</kw>
<kw name="Set Suite Variable" owner="BuiltIn">
<arg>${RESTAURANT_ID}</arg>
<arg>${json['id']}</arg>
<doc>Makes a variable available everywhere within the scope of the current suite.</doc>
<status status="NOT RUN" start="2026-02-16T18:28:42.572424" elapsed="0.000028"/>
</kw>
<status status="FAIL" start="2026-02-16T18:28:42.561902" elapsed="0.010898">HTTPError: 409 Client Error: CONFLICT for url: http://127.0.0.1:5000/api/v1/restaurants</status>
</test>
<test id="s1-t2" name="2 Update Restaurant" line="23">
<kw name="Create Dictionary" owner="BuiltIn">
<msg time="2026-02-16T18:28:42.574149" level="INFO">${body} = {'location': 'Indore'}</msg>
<var>${body}</var>
<arg>location=Indore</arg>
<doc>Creates and returns a dictionary based on the given ``items``.</doc>
<status status="PASS" start="2026-02-16T18:28:42.573761" elapsed="0.000417"/>
</kw>
<kw name="PUT On Session" owner="RequestsLibrary">
<msg time="2026-02-16T18:28:42.574836" level="FAIL">Variable '${RESTAURANT_ID}' not found.</msg>
<var>${response}</var>
<arg>foodie</arg>
<arg>${BASE}/restaurants/${RESTAURANT_ID}</arg>
<arg>json=${body}</arg>
<doc>Sends a PUT request on a previously created HTTP Session.</doc>
<status status="FAIL" start="2026-02-16T18:28:42.574361" elapsed="0.000510">Variable '${RESTAURANT_ID}' not found.</status>
</kw>
<kw name="Status Should Be" owner="RequestsLibrary">
<arg>200</arg>
<arg>${response}</arg>
<doc>Fails if response status code is different than the expected.</doc>
<status status="NOT RUN" start="2026-02-16T18:28:42.575087" elapsed="0.000021"/>
</kw>
<status status="FAIL" start="2026-02-16T18:28:42.573337" elapsed="0.002004">Variable '${RESTAURANT_ID}' not found.</status>
</test>
<test id="s1-t3" name="3 Disable Restaurant" line="28">
<kw name="PUT On Session" owner="RequestsLibrary">
<msg time="2026-02-16T18:28:42.576691" level="FAIL">Variable '${RESTAURANT_ID}' not found.</msg>
<var>${response}</var>
<arg>foodie</arg>
<arg>${BASE}/restaurants/${RESTAURANT_ID}/disable</arg>
<doc>Sends a PUT request on a previously created HTTP Session.</doc>
<status status="FAIL" start="2026-02-16T18:28:42.576224" elapsed="0.000502">Variable '${RESTAURANT_ID}' not found.</status>
</kw>
<kw name="Status Should Be" owner="RequestsLibrary">
<arg>200</arg>
<arg>${response}</arg>
<doc>Fails if response status code is different than the expected.</doc>
<status status="NOT RUN" start="2026-02-16T18:28:42.576973" elapsed="0.000022"/>
</kw>
<status status="FAIL" start="2026-02-16T18:28:42.575853" elapsed="0.001379">Variable '${RESTAURANT_ID}' not found.</status>
</test>
<test id="s1-t4" name="4 View Restaurant" line="32">
<kw name="GET On Session" owner="RequestsLibrary">
<msg time="2026-02-16T18:28:42.578616" level="FAIL">Variable '${RESTAURANT_ID}' not found.</msg>
<var>${response}</var>
<arg>foodie</arg>
<arg>${BASE}/restaurants/${RESTAURANT_ID}</arg>
<doc>Sends a GET request on a previously created HTTP Session.</doc>
<status status="FAIL" start="2026-02-16T18:28:42.577996" elapsed="0.000676">Variable '${RESTAURANT_ID}' not found.</status>
</kw>
<kw name="Status Should Be" owner="RequestsLibrary">
<arg>200</arg>
<arg>${response}</arg>
<doc>Fails if response status code is different than the expected.</doc>
<status status="NOT RUN" start="2026-02-16T18:28:42.578919" elapsed="0.000026"/>
</kw>
<status status="FAIL" start="2026-02-16T18:28:42.577660" elapsed="0.001525">Variable '${RESTAURANT_ID}' not found.</status>
</test>
<test id="s1-t5" name="5 Add Dish" line="36">
<kw name="Create Dictionary" owner="BuiltIn">
<msg time="2026-02-16T18:28:42.580450" level="INFO">${body} = {'name': 'Paneer', 'type': 'Veg', 'price': '250', 'available_time': '10AM-10PM', 'image': 'paneer.jpg'}</msg>
<var>${body}</var>
<arg>name=Paneer</arg>
<arg>type=Veg</arg>
<arg>price=250</arg>
<arg>available_time=10AM-10PM</arg>
<arg>image=paneer.jpg</arg>
<doc>Creates and returns a dictionary based on the given ``items``.</doc>
<status status="PASS" start="2026-02-16T18:28:42.580002" elapsed="0.000484"/>
</kw>
<kw name="POST On Session" owner="RequestsLibrary">
<msg time="2026-02-16T18:28:42.581139" level="FAIL">Variable '${RESTAURANT_ID}' not found.</msg>
<var>${response}</var>
<arg>foodie</arg>
<arg>${BASE}/restaurants/${RESTAURANT_ID}/dishes</arg>
<arg>json=${body}</arg>
<doc>Sends a POST request on a previously created HTTP Session.</doc>
<status status="FAIL" start="2026-02-16T18:28:42.580711" elapsed="0.000461">Variable '${RESTAURANT_ID}' not found.</status>
</kw>
<kw name="Status Should Be" owner="RequestsLibrary">
<arg>201</arg>
<arg>${response}</arg>
<doc>Fails if response status code is different than the expected.</doc>
<status status="NOT RUN" start="2026-02-16T18:28:42.581355" elapsed="0.000018"/>
</kw>
<kw name="Set Variable" owner="BuiltIn">
<var>${json}</var>
<arg>${response.json()}</arg>
<doc>Returns the given values which can then be assigned to a variables.</doc>
<status status="NOT RUN" start="2026-02-16T18:28:42.581538" elapsed="0.000016"/>
</kw>
<kw name="Set Suite Variable" owner="BuiltIn">
<arg>${DISH_ID}</arg>
<arg>${json['id']}</arg>
<doc>Makes a variable available everywhere within the scope of the current suite.</doc>
<status status="NOT RUN" start="2026-02-16T18:28:42.581691" elapsed="0.000016"/>
</kw>
<status status="FAIL" start="2026-02-16T18:28:42.579625" elapsed="0.002238">Variable '${RESTAURANT_ID}' not found.</status>
</test>
<test id="s1-t6" name="6 Update Dish" line="48">
<kw name="Create Dictionary" owner="BuiltIn">
<msg time="2026-02-16T18:28:42.582784" level="INFO">${body} = {'price': '300'}</msg>
<var>${body}</var>
<arg>price=300</arg>
<doc>Creates and returns a dictionary based on the given ``items``.</doc>
<status status="PASS" start="2026-02-16T18:28:42.582490" elapsed="0.000318"/>
</kw>
<kw name="PUT On Session" owner="RequestsLibrary">
<msg time="2026-02-16T18:28:42.583594" level="FAIL">Variable '${DISH_ID}' not found.</msg>
<var>${response}</var>
<arg>foodie</arg>
<arg>${BASE}/dishes/${DISH_ID}</arg>
<arg>json=${body}</arg>
<doc>Sends a PUT request on a previously created HTTP Session.</doc>
<status status="FAIL" start="2026-02-16T18:28:42.583046" elapsed="0.000584">Variable '${DISH_ID}' not found.</status>
</kw>
<kw name="Status Should Be" owner="RequestsLibrary">
<arg>200</arg>
<arg>${response}</arg>
<doc>Fails if response status code is different than the expected.</doc>
<status status="NOT RUN" start="2026-02-16T18:28:42.583854" elapsed="0.000020"/>
</kw>
<status status="FAIL" start="2026-02-16T18:28:42.582150" elapsed="0.001915">Variable '${DISH_ID}' not found.</status>
</test>
<test id="s1-t7" name="7 Enable Disable Dish" line="53">
<kw name="Create Dictionary" owner="BuiltIn">
<msg time="2026-02-16T18:28:42.584860" level="INFO">${body} = {'enabled': 'False'}</msg>
<var>${body}</var>
<arg>enabled=False</arg>
<doc>Creates and returns a dictionary based on the given ``items``.</doc>
<status status="PASS" start="2026-02-16T18:28:42.584600" elapsed="0.000281"/>
</kw>
<kw name="PUT On Session" owner="RequestsLibrary">
<msg time="2026-02-16T18:28:42.585422" level="FAIL">Variable '${DISH_ID}' not found.</msg>
<var>${response}</var>
<arg>foodie</arg>
<arg>${BASE}/dishes/${DISH_ID}/status</arg>
<arg>json=${body}</arg>
<doc>Sends a PUT request on a previously created HTTP Session.</doc>
<status status="FAIL" start="2026-02-16T18:28:42.585033" elapsed="0.000419">Variable '${DISH_ID}' not found.</status>
</kw>
<kw name="Status Should Be" owner="RequestsLibrary">
<arg>200</arg>
<arg>${response}</arg>
<doc>Fails if response status code is different than the expected.</doc>
<status status="NOT RUN" start="2026-02-16T18:28:42.585603" elapsed="0.000016"/>
</kw>
<status status="FAIL" start="2026-02-16T18:28:42.584356" elapsed="0.001410">Variable '${DISH_ID}' not found.</status>
</test>
<test id="s1-t8" name="8 Delete Dish" line="58">
<kw name="DELETE On Session" owner="RequestsLibrary">
<msg time="2026-02-16T18:28:42.586736" level="FAIL">Variable '${DISH_ID}' not found.</msg>
<var>${response}</var>
<arg>foodie</arg>
<arg>${BASE}/dishes/${DISH_ID}</arg>
<doc>Sends a DELETE request on a previously created HTTP Session.</doc>
<status status="FAIL" start="2026-02-16T18:28:42.586311" elapsed="0.000455">Variable '${DISH_ID}' not found.</status>
</kw>
<kw name="Status Should Be" owner="RequestsLibrary">
<arg>200</arg>
<arg>${response}</arg>
<doc>Fails if response status code is different than the expected.</doc>
<status status="NOT RUN" start="2026-02-16T18:28:42.586930" elapsed="0.000017"/>
</kw>
<status status="FAIL" start="2026-02-16T18:28:42.586041" elapsed="0.001084">Variable '${DISH_ID}' not found.</status>
</test>
<test id="s1-t9" name="9 Approve Restaurant" line="62">
<kw name="PUT On Session" owner="RequestsLibrary">
<msg time="2026-02-16T18:28:42.588014" level="FAIL">Variable '${RESTAURANT_ID}' not found.</msg>
<var>${response}</var>
<arg>foodie</arg>
<arg>${BASE}/admin/restaurants/${RESTAURANT_ID}/approve</arg>
<doc>Sends a PUT request on a previously created HTTP Session.</doc>
<status status="FAIL" start="2026-02-16T18:28:42.587644" elapsed="0.000401">Variable '${RESTAURANT_ID}' not found.</status>
</kw>
<kw name="Status Should Be" owner="RequestsLibrary">
<arg>200</arg>
<arg>${response}</arg>
<doc>Fails if response status code is different than the expected.</doc>
<status status="NOT RUN" start="2026-02-16T18:28:42.588250" elapsed="0.000026"/>
</kw>
<status status="FAIL" start="2026-02-16T18:28:42.587415" elapsed="0.001074">Variable '${RESTAURANT_ID}' not found.</status>
</test>
<test id="s1-t10" name="10 Admin Disable Restaurant" line="66">
<kw name="PUT On Session" owner="RequestsLibrary">
<msg time="2026-02-16T18:28:42.589509" level="FAIL">Variable '${RESTAURANT_ID}' not found.</msg>
<var>${response}</var>
<arg>foodie</arg>
<arg>${BASE}/admin/restaurants/${RESTAURANT_ID}/disable</arg>
<doc>Sends a PUT request on a previously created HTTP Session.</doc>
<status status="FAIL" start="2026-02-16T18:28:42.589122" elapsed="0.000422">Variable '${RESTAURANT_ID}' not found.</status>
</kw>
<kw name="Status Should Be" owner="RequestsLibrary">
<arg>200</arg>
<arg>${response}</arg>
<doc>Fails if response status code is different than the expected.</doc>
<status status="NOT RUN" start="2026-02-16T18:28:42.589716" elapsed="0.000019"/>
</kw>
<status status="FAIL" start="2026-02-16T18:28:42.588836" elapsed="0.001060">Variable '${RESTAURANT_ID}' not found.</status>
</test>
<test id="s1-t11" name="11 View Feedback" line="70">
<kw name="GET On Session" owner="RequestsLibrary">
<msg time="2026-02-16T18:28:42.593426" level="INFO">GET Request : url=http://127.0.0.1:5000/api/v1/admin/feedback 
 path_url=/api/v1/admin/feedback 
 headers={'User-Agent': 'python-requests/2.32.5', 'Accept-Encoding': 'gzip, deflate, zstd', 'Accept': '*/*', 'Connection': 'keep-alive'} 
 body=None 
 </msg>
<msg time="2026-02-16T18:28:42.593504" level="INFO">GET Response : url=http://127.0.0.1:5000/api/v1/admin/feedback 
 status=200, reason=OK 
 headers={'Server': 'Werkzeug/3.1.5 Python/3.14.2', 'Date': 'Mon, 16 Feb 2026 12:58:42 GMT', 'Content-Type': 'application/json', 'Content-Length': '3', 'Connection': 'close'} 
 body={}
 
 </msg>
<msg time="2026-02-16T18:28:42.593623" level="INFO">${response} = &lt;Response [200]&gt;</msg>
<var>${response}</var>
<arg>foodie</arg>
<arg>${BASE}/admin/feedback</arg>
<doc>Sends a GET request on a previously created HTTP Session.</doc>
<status status="PASS" start="2026-02-16T18:28:42.590420" elapsed="0.003225"/>
</kw>
<kw name="Status Should Be" owner="RequestsLibrary">
<arg>200</arg>
<arg>${response}</arg>
<doc>Fails if response status code is different than the expected.</doc>
<status status="PASS" start="2026-02-16T18:28:42.594008" elapsed="0.000444"/>
</kw>
<status status="PASS" start="2026-02-16T18:28:42.590165" elapsed="0.004472"/>
</test>
<test id="s1-t12" name="12 View Orders (Admin)" line="74">
<kw name="GET On Session" owner="RequestsLibrary">
<msg time="2026-02-16T18:28:42.597642" level="INFO">GET Request : url=http://127.0.0.1:5000/api/v1/admin/orders 
 path_url=/api/v1/admin/orders 
 headers={'User-Agent': 'python-requests/2.32.5', 'Accept-Encoding': 'gzip, deflate, zstd', 'Accept': '*/*', 'Connection': 'keep-alive'} 
 body=None 
 </msg>
<msg time="2026-02-16T18:28:42.597694" level="INFO">GET Response : url=http://127.0.0.1:5000/api/v1/admin/orders 
 status=200, reason=OK 
 headers={'Server': 'Werkzeug/3.1.5 Python/3.14.2', 'Date': 'Mon, 16 Feb 2026 12:58:42 GMT', 'Content-Type': 'application/json', 'Content-Length': '238', 'Connection': 'close'} 
 body=[
  {
    "dishes": [
      "dish1"
    ],
    "id": "41f67b73-ad12-422b-b18c-b8ab11d80968",
    "restaurant_id": "fe45d33f-0e26-44e9-84e2-d082e57050ea",
    "status": "Placed",
    "user_id": "5717907f-a4d8-47f8-8aa4-96dc61e437b0"
  }
]
 
 </msg>
<msg time="2026-02-16T18:28:42.597808" level="INFO">${response} = &lt;Response [200]&gt;</msg>
<var>${response}</var>
<arg>foodie</arg>
<arg>${BASE}/admin/orders</arg>
<doc>Sends a GET request on a previously created HTTP Session.</doc>
<status status="PASS" start="2026-02-16T18:28:42.595256" elapsed="0.002573"/>
</kw>
<kw name="Status Should Be" owner="RequestsLibrary">
<arg>200</arg>
<arg>${response}</arg>
<doc>Fails if response status code is different than the expected.</doc>
<status status="PASS" start="2026-02-16T18:28:42.598030" elapsed="0.000193"/>
</kw>
<status status="PASS" start="2026-02-16T18:28:42.594931" elapsed="0.003527"/>
</test>
<test id="s1-t13" name="13 User Registration" line="78">
<kw name="Create Dictionary" owner="BuiltIn">
<msg time="2026-02-16T18:28:42.599389" level="INFO">${body} = {'name': 'Test User', 'email': 'testuser@mail.com', 'password': '123456'}</msg>
<var>${body}</var>
<arg>name=Test User</arg>
<arg>email=testuser@mail.com</arg>
<arg>password=123456</arg>
<doc>Creates and returns a dictionary based on the given ``items``.</doc>
<status status="PASS" start="2026-02-16T18:28:42.599081" elapsed="0.000330"/>
</kw>
<kw name="POST On Session" owner="RequestsLibrary">
<msg time="2026-02-16T18:28:42.603136" level="INFO">POST Request : url=http://127.0.0.1:5000/api/v1/users/register 
 path_url=/api/v1/users/register 
 headers={'User-Agent': 'python-requests/2.32.5', 'Accept-Encoding': 'gzip, deflate, zstd', 'Accept': '*/*', 'Connection': 'keep-alive', 'Content-Length': '73', 'Content-Type': 'application/json'} 
 body=b'{"name": "Test User", "email": "testuser@mail.com", "password": "123456"}' 
 </msg>
<msg time="2026-02-16T18:28:42.603202" level="INFO">POST Response : url=http://127.0.0.1:5000/api/v1/users/register 
 status=409, reason=CONFLICT 
 headers={'Server': 'Werkzeug/3.1.5 Python/3.14.2', 'Date': 'Mon, 16 Feb 2026 12:58:42 GMT', 'Content-Type': 'application/json', 'Content-Length': '37', 'Connection': 'close'} 
 body={
  "error": "User already exists"
}
 
 </msg>
<msg time="2026-02-16T18:28:42.603314" level="FAIL">HTTPError: 409 Client Error: CONFLICT for url: http://127.0.0.1:5000/api/v1/users/register</msg>
<var>${response}</var>
<arg>foodie</arg>
<arg>${BASE}/users/register</arg>
<arg>json=${body}</arg>
<doc>Sends a POST request on a previously created HTTP Session.</doc>
<status status="FAIL" start="2026-02-16T18:28:42.599628" elapsed="0.004701">HTTPError: 409 Client Error: CONFLICT for url: http://127.0.0.1:5000/api/v1/users/register</status>
</kw>
<kw name="Status Should Be" owner="RequestsLibrary">
<arg>201</arg>
<arg>${response}</arg>
<doc>Fails if response status code is different than the expected.</doc>
<status status="NOT RUN" start="2026-02-16T18:28:42.604701" elapsed="0.000035"/>
</kw>
<kw name="Set Variable" owner="BuiltIn">
<var>${json}</var>
<arg>${response.json()}</arg>
<doc>Returns the given values which can then be assigned to a variables.</doc>
<status status="NOT RUN" start="2026-02-16T18:28:42.604957" elapsed="0.000027"/>
</kw>
<kw name="Set Suite Variable" owner="BuiltIn">
<arg>${USER_ID}</arg>
<arg>${json['id']}</arg>
<doc>Makes a variable available everywhere within the scope of the current suite.</doc>
<status status="NOT RUN" start="2026-02-16T18:28:42.605200" elapsed="0.000026"/>
</kw>
<status status="FAIL" start="2026-02-16T18:28:42.598804" elapsed="0.006660">HTTPError: 409 Client Error: CONFLICT for url: http://127.0.0.1:5000/api/v1/users/register</status>
</test>
<test id="s1-t14" name="14 Search Restaurants" line="88">
<kw name="GET On Session" owner="RequestsLibrary">
<msg time="2026-02-16T18:28:42.606590" level="WARN">You might have an = symbol in url. You better place 'url=' before, example: 'url=/your-url/foo?param=a' or use '/your-url/foo  params=param=a' or escape it</msg>
<msg time="2026-02-16T18:28:42.606943" level="FAIL">TypeError: RequestsOnSessionKeywords.get_on_session() missing 1 required positional argument: 'url'</msg>
<var>${response}</var>
<arg>foodie</arg>
<arg>${BASE}/restaurants/search?name=Food</arg>
<doc>Sends a GET request on a previously created HTTP Session.</doc>
<status status="FAIL" start="2026-02-16T18:28:42.606321" elapsed="0.001131">TypeError: RequestsOnSessionKeywords.get_on_session() missing 1 required positional argument: 'url'</status>
</kw>
<kw name="Status Should Be" owner="RequestsLibrary">
<arg>200</arg>
<arg>${response}</arg>
<doc>Fails if response status code is different than the expected.</doc>
<status status="NOT RUN" start="2026-02-16T18:28:42.607713" elapsed="0.000025"/>
</kw>
<status status="FAIL" start="2026-02-16T18:28:42.605953" elapsed="0.002001">TypeError: RequestsOnSessionKeywords.get_on_session() missing 1 required positional argument: 'url'</status>
</test>
<test id="s1-t15" name="15 Place Order" line="92">
<kw name="Create Dictionary" owner="BuiltIn">
<msg time="2026-02-16T18:28:42.609405" level="FAIL">Variable '${USER_ID}' not found.</msg>
<var>${body}</var>
<arg>user_id=${USER_ID}</arg>
<arg>restaurant_id=${RESTAURANT_ID}</arg>
<arg>dishes=["Paneer"]</arg>
<doc>Creates and returns a dictionary based on the given ``items``.</doc>
<status status="FAIL" start="2026-02-16T18:28:42.608681" elapsed="0.000759">Variable '${USER_ID}' not found.</status>
</kw>
<kw name="POST On Session" owner="RequestsLibrary">
<var>${response}</var>
<arg>foodie</arg>
<arg>${BASE}/orders</arg>
<arg>json=${body}</arg>
<doc>Sends a POST request on a previously created HTTP Session.</doc>
<status status="NOT RUN" start="2026-02-16T18:28:42.609649" elapsed="0.000020"/>
</kw>
<kw name="Status Should Be" owner="RequestsLibrary">
<arg>201</arg>
<arg>${response}</arg>
<doc>Fails if response status code is different than the expected.</doc>
<status status="NOT RUN" start="2026-02-16T18:28:42.609866" elapsed="0.000025"/>
</kw>
<kw name="Set Variable" owner="BuiltIn">
<var>${json}</var>
<arg>${response.json()}</arg>
<doc>Returns the given values which can then be assigned to a variables.</doc>
<status status="NOT RUN" start="2026-02-16T18:28:42.610078" elapsed="0.000025"/>
</kw>
<kw name="Set Suite Variable" owner="BuiltIn">
<arg>${ORDER_ID}</arg>
<arg>${json['id']}</arg>
<doc>Makes a variable available everywhere within the scope of the current suite.</doc>
<status status="NOT RUN" start="2026-02-16T18:28:42.610299" elapsed="0.000026"/>
</kw>
<status status="FAIL" start="2026-02-16T18:28:42.608349" elapsed="0.002245">Variable '${USER_ID}' not found.</status>
</test>
<test id="s1-t16" name="16 Give Rating" line="102">
<kw name="Create Dictionary" owner="BuiltIn">
<msg time="2026-02-16T18:28:42.617702" level="FAIL">Variable '${ORDER_ID}' not found.</msg>
<var>${body}</var>
<arg>order_id=${ORDER_ID}</arg>
<arg>rating=5</arg>
<arg>comment=Excellent</arg>
<doc>Creates and returns a dictionary based on the given ``items``.</doc>
<status status="FAIL" start="2026-02-16T18:28:42.616985" elapsed="0.000774">Variable '${ORDER_ID}' not found.</status>
</kw>
<kw name="POST On Session" owner="RequestsLibrary">
<var>${response}</var>
<arg>foodie</arg>
<arg>${BASE}/ratings</arg>
<arg>json=${body}</arg>
<doc>Sends a POST request on a previously created HTTP Session.</doc>
<status status="NOT RUN" start="2026-02-16T18:28:42.617988" elapsed="0.000022"/>
</kw>
<kw name="Status Should Be" owner="RequestsLibrary">
<arg>201</arg>
<arg>${response}</arg>
<doc>Fails if response status code is different than the expected.</doc>
<status status="NOT RUN" start="2026-02-16T18:28:42.618160" elapsed="0.000016"/>
</kw>
<status status="FAIL" start="2026-02-16T18:28:42.611034" elapsed="0.007304">Variable '${ORDER_ID}' not found.</status>
</test>
<test id="s1-t17" name="17 View Orders By Restaurant" line="110">
<kw name="GET On Session" owner="RequestsLibrary">
<msg time="2026-02-16T18:28:42.619270" level="FAIL">Variable '${RESTAURANT_ID}' not found.</msg>
<var>${response}</var>
<arg>foodie</arg>
<arg>${BASE}/restaurants/${RESTAURANT_ID}/orders</arg>
<doc>Sends a GET request on a previously created HTTP Session.</doc>
<status status="FAIL" start="2026-02-16T18:28:42.618907" elapsed="0.000392">Variable '${RESTAURANT_ID}' not found.</status>
</kw>
<kw name="Status Should Be" owner="RequestsLibrary">
<arg>200</arg>
<arg>${response}</arg>
<doc>Fails if response status code is different than the expected.</doc>
<status status="NOT RUN" start="2026-02-16T18:28:42.619471" elapsed="0.000016"/>
</kw>
<status status="FAIL" start="2026-02-16T18:28:42.618663" elapsed="0.000983">Variable '${RESTAURANT_ID}' not found.</status>
</test>
<test id="s1-t18" name="18 View Orders By User" line="114">
<kw name="GET On Session" owner="RequestsLibrary">
<msg time="2026-02-16T18:28:42.620903" level="FAIL">Variable '${USER_ID}' not found.</msg>
<var>${response}</var>
<arg>foodie</arg>
<arg>${BASE}/users/${USER_ID}/orders</arg>
<doc>Sends a GET request on a previously created HTTP Session.</doc>
<status status="FAIL" start="2026-02-16T18:28:42.620302" elapsed="0.000655">Variable '${USER_ID}' not found.</status>
</kw>
<kw name="Status Should Be" owner="RequestsLibrary">
<arg>200</arg>
<arg>${response}</arg>
<doc>Fails if response status code is different than the expected.</doc>
<status status="NOT RUN" start="2026-02-16T18:28:42.621234" elapsed="0.000025"/>
</kw>
<status status="FAIL" start="2026-02-16T18:28:42.620000" elapsed="0.001634">Variable '${USER_ID}' not found.</status>
</test>
<status status="FAIL" start="2026-02-16T18:28:42.443855" elapsed="0.178883"/>
</suite>
<statistics>
<total>
<stat pass="2" fail="16" skip="0">All Tests</stat>
</total>
<tag>
</tag>
<suite>
<stat name="Foodie" id="s1" pass="2" fail="16" skip="0">Foodie</stat>
</suite>
</statistics>
<errors>
<msg time="2026-02-16T18:28:42.606590" level="WARN">You might have an = symbol in url. You better place 'url=' before, example: 'url=/your-url/foo?param=a' or use '/your-url/foo  params=param=a' or escape it</msg>
</errors>
</robot>
